#
# There is insufficient memory for the Java Runtime Environment to continue.
# Native memory allocation (malloc) failed to allocate 456736 bytes for Chunk::new
# Possible reasons:
#   The system is out of physical RAM or swap space
#   The process is running with CompressedOops enabled, and the Java Heap may be blocking the growth of the native heap
# Possible solutions:
#   Reduce memory load on the system
#   Increase physical memory or swap space
#   Check if swap backing store is full
#   Decrease Java heap size (-Xmx/-Xms)
#   Decrease number of Java threads
#   Decrease Java thread stack sizes (-Xss)
#   Set larger code cache with -XX:ReservedCodeCacheSize=
#   JVM is running with Zero Based Compressed Oops mode in which the Java heap is
#     placed in the first 32GB address space. The Java Heap base address is the
#     maximum limit for the native heap growth. Please use -XX:HeapBaseMinAddress
#     to set the Java Heap base and to place the Java Heap above 32GB virtual address.
# This output file may be truncated or incomplete.
#
#  Out of Memory Error (allocation.cpp:389), pid=26676, tid=0x0000000000005924
#
# JRE version: Java(TM) SE Runtime Environment (8.0_231-b11) (build 1.8.0_231-b11)
# Java VM: Java HotSpot(TM) 64-Bit Server VM (25.231-b11 mixed mode windows-amd64 compressed oops)
# Failed to write core dump. Minidumps are not enabled by default on client versions of Windows
#

---------------  T H R E A D  ---------------

Current thread (0x000000001e6cd800):  JavaThread "C2 CompilerThread2" daemon [_thread_in_native, id=22820, stack(0x000000001f690000,0x000000001f790000)]

Stack: [0x000000001f690000,0x000000001f790000]
[error occurred during error reporting (printing stack bounds), id 0xc0000005]

Native frames: (J=compiled Java code, j=interpreted, Vv=VM code, C=native code)


Current CompileTask:
C2:   2521 1043       4       java.io.WinNTFileSystem::normalize (143 bytes)


---------------  P R O C E S S  ---------------

Java Threads: ( => current thread )
  0x000000001eb97000 JavaThread "Service Thread" daemon [_thread_blocked, id=12460, stack(0x000000001f890000,0x000000001f990000)]
  0x000000001ebe1000 JavaThread "C1 CompilerThread3" daemon [_thread_blocked, id=19136, stack(0x000000001f790000,0x000000001f890000)]
=>0x000000001e6cd800 JavaThread "C2 CompilerThread2" daemon [_thread_in_native, id=22820, stack(0x000000001f690000,0x000000001f790000)]
  0x000000001e72e000 JavaThread "C2 CompilerThread1" daemon [_thread_blocked, id=26224, stack(0x000000001f590000,0x000000001f690000)]
  0x000000001e72d800 JavaThread "C2 CompilerThread0" daemon [_thread_blocked, id=6644, stack(0x000000001f490000,0x000000001f590000)]
  0x000000001e6af000 JavaThread "Monitor Ctrl-Break" daemon [_thread_in_native, id=22080, stack(0x000000001f390000,0x000000001f490000)]
  0x000000001e373000 JavaThread "Attach Listener" daemon [_thread_blocked, id=1924, stack(0x000000001ea90000,0x000000001eb90000)]
  0x000000001e3c8000 JavaThread "Signal Dispatcher" daemon [_thread_blocked, id=8728, stack(0x000000001e990000,0x000000001ea90000)]
  0x000000001e351800 JavaThread "Finalizer" daemon [_thread_blocked, id=27096, stack(0x000000001e830000,0x000000001e930000)]
  0x000000001e350800 JavaThread "Reference Handler" daemon [_thread_blocked, id=672, stack(0x000000001e730000,0x000000001e830000)]
  0x0000000003386000 JavaThread "main" [_thread_blocked, id=11060, stack(0x0000000003160000,0x0000000003260000)]

Other Threads:
  0x000000001c539800 VMThread [stack: 0x000000001e230000,0x000000001e330000] [id=15428]
  0x000000001ed31000 WatcherThread [stack: 0x000000001f990000,0x000000001fa90000] [id=14376]

VM state:at safepoint (normal execution)

VM Mutex/Monitor currently owned by a thread:  ([mutex/lock_event])
[0x000000000315c6b0] Threads_lock - owner thread: 0x000000001c539800
[0x000000000315beb0] Heap_lock - owner thread: 0x0000000003386000

heap address: 0x00000006d1e00000, size: 3810 MB, Compressed Oops mode: Zero based, Oop shift amount: 3
Narrow klass base: 0x0000000000000000, Narrow klass shift: 3
Compressed class space size: 1073741824 Address: 0x00000007c0000000

Heap:
 PSYoungGen      total 71680K, used 4740K [0x0000000770a00000, 0x0000000775a00000, 0x00000007c0000000)
  eden space 61440K, 0% used [0x0000000770a00000,0x0000000770a00000,0x0000000774600000)
  from space 10240K, 46% used [0x0000000775000000,0x00000007754a13d8,0x0000000775a00000)
  to   space 10240K, 0% used [0x0000000774600000,0x0000000774600000,0x0000000775000000)
 ParOldGen       total 110080K, used 1568K [0x00000006d1e00000, 0x00000006d8980000, 0x0000000770a00000)
  object space 110080K, 1% used [0x00000006d1e00000,0x00000006d1f88058,0x00000006d8980000)
 Metaspace       used 10530K, capacity 10730K, committed 10880K, reserved 1067008K
  class space    used 1218K, capacity 1291K, committed 1408K, reserved 1048576K

Card table byte_map: [0x0000000012840000,0x0000000012fc0000] byte_map_base: 0x000000000f1b1000

Marking Bits: (ParMarkBitMap*) 0x000000005a476d90
 Begin Bits: [0x0000000013cc0000, 0x0000000017848000)
 End Bits:   [0x0000000017848000, 0x000000001b3d0000)

Polling page: 0x0000000001420000

CodeCache: size=245760Kb used=3939Kb max_used=3939Kb free=241820Kb
 bounds [0x0000000003480000, 0x0000000003860000, 0x0000000012480000]
 total_blobs=1399 nmethods=1041 adapters=272
 compilation: enabled

Compilation events (10 events):
Event: 2.466 Thread 0x000000001ebe1000 1039  s!   3       java.util.jar.JarFile::ensureInitialization (41 bytes)
Event: 2.467 Thread 0x000000001ebe1000 nmethod 1039 0x0000000003858150 code [0x00000000038582e0, 0x0000000003858768]
Event: 2.471 Thread 0x000000001ebe1000 1040       3       java.net.URLStreamHandler::sameFile (136 bytes)
Event: 2.472 Thread 0x000000001ebe1000 nmethod 1040 0x00000000038588d0 code [0x0000000003858ac0, 0x0000000003859ae8]
Event: 2.474 Thread 0x000000001ebe1000 1041       3       java.security.CodeSource::matchCerts (254 bytes)
Event: 2.475 Thread 0x000000001ebe1000 nmethod 1041 0x0000000003859d10 code [0x0000000003859f20, 0x000000000385aab8]
Event: 2.481 Thread 0x000000001ebe1000 1042       3       java.util.Date::<init> (10 bytes)
Event: 2.481 Thread 0x000000001ebe1000 nmethod 1042 0x0000000003847890 code [0x00000000038479e0, 0x0000000003847b90]
Event: 2.496 Thread 0x000000001e6cd800 1043       4       java.io.WinNTFileSystem::normalize (143 bytes)
Event: 2.505 Thread 0x000000001e72e000 1044       4       sun.misc.URLClassPath::getResource (83 bytes)

GC Heap History (5 events):
Event: 0.543 GC heap before
{Heap before GC invocations=1 (full 0):
 PSYoungGen      total 71680K, used 11062K [0x0000000770a00000, 0x0000000775a00000, 0x00000007c0000000)
  eden space 61440K, 18% used [0x0000000770a00000,0x00000007714cdb68,0x0000000774600000)
  from space 10240K, 0% used [0x0000000775000000,0x0000000775000000,0x0000000775a00000)
  to   space 10240K, 0% used [0x0000000774600000,0x0000000774600000,0x0000000775000000)
 ParOldGen       total 163840K, used 0K [0x00000006d1e00000, 0x00000006dbe00000, 0x0000000770a00000)
  object space 163840K, 0% used [0x00000006d1e00000,0x00000006d1e00000,0x00000006dbe00000)
 Metaspace       used 5123K, capacity 5250K, committed 5376K, reserved 1060864K
  class space    used 580K, capacity 665K, committed 768K, reserved 1048576K
Event: 0.546 GC heap after
Heap after GC invocations=1 (full 0):
 PSYoungGen      total 71680K, used 1722K [0x0000000770a00000, 0x0000000775a00000, 0x00000007c0000000)
  eden space 61440K, 0% used [0x0000000770a00000,0x0000000770a00000,0x0000000774600000)
  from space 10240K, 16% used [0x0000000774600000,0x00000007747aea08,0x0000000775000000)
  to   space 10240K, 0% used [0x0000000775000000,0x0000000775000000,0x0000000775a00000)
 ParOldGen       total 163840K, used 8K [0x00000006d1e00000, 0x00000006dbe00000, 0x0000000770a00000)
  object space 163840K, 0% used [0x00000006d1e00000,0x00000006d1e02000,0x00000006dbe00000)
 Metaspace       used 5123K, capacity 5250K, committed 5376K, reserved 1060864K
  class space    used 580K, capacity 665K, committed 768K, reserved 1048576K
}
Event: 0.546 GC heap before
{Heap before GC invocations=2 (full 1):
 PSYoungGen      total 71680K, used 1722K [0x0000000770a00000, 0x0000000775a00000, 0x00000007c0000000)
  eden space 61440K, 0% used [0x0000000770a00000,0x0000000770a00000,0x0000000774600000)
  from space 10240K, 16% used [0x0000000774600000,0x00000007747aea08,0x0000000775000000)
  to   space 10240K, 0% used [0x0000000775000000,0x0000000775000000,0x0000000775a00000)
 ParOldGen       total 163840K, used 8K [0x00000006d1e00000, 0x00000006dbe00000, 0x0000000770a00000)
  object space 163840K, 0% used [0x00000006d1e00000,0x00000006d1e02000,0x00000006dbe00000)
 Metaspace       used 5123K, capacity 5250K, committed 5376K, reserved 1060864K
  class space    used 580K, capacity 665K, committed 768K, reserved 1048576K
Event: 0.555 GC heap after
Heap after GC invocations=2 (full 1):
 PSYoungGen      total 71680K, used 0K [0x0000000770a00000, 0x0000000775a00000, 0x00000007c0000000)
  eden space 61440K, 0% used [0x0000000770a00000,0x0000000770a00000,0x0000000774600000)
  from space 10240K, 0% used [0x0000000774600000,0x0000000774600000,0x0000000775000000)
  to   space 10240K, 0% used [0x0000000775000000,0x0000000775000000,0x0000000775a00000)
 ParOldGen       total 110080K, used 1560K [0x00000006d1e00000, 0x00000006d8980000, 0x0000000770a00000)
  object space 110080K, 1% used [0x00000006d1e00000,0x00000006d1f86058,0x00000006d8980000)
 Metaspace       used 5123K, capacity 5250K, committed 5376K, reserved 1058816K
  class space    used 580K, capacity 665K, committed 768K, reserved 1048576K
}
Event: 2.516 GC heap before
{Heap before GC invocations=3 (full 1):
 PSYoungGen      total 71680K, used 36923K [0x0000000770a00000, 0x0000000775a00000, 0x00000007c0000000)
  eden space 61440K, 60% used [0x0000000770a00000,0x0000000772e0efb0,0x0000000774600000)
  from space 10240K, 0% used [0x0000000774600000,0x0000000774600000,0x0000000775000000)
  to   space 10240K, 0% used [0x0000000775000000,0x0000000775000000,0x0000000775a00000)
 ParOldGen       total 110080K, used 1560K [0x00000006d1e00000, 0x00000006d8980000, 0x0000000770a00000)
  object space 110080K, 1% used [0x00000006d1e00000,0x00000006d1f86058,0x00000006d8980000)
 Metaspace       used 10530K, capacity 10730K, committed 10880K, reserved 1067008K
  class space    used 1218K, capacity 1291K, committed 1408K, reserved 1048576K

Deoptimization events (10 events):
Event: 0.652 Thread 0x0000000003386000 Uncommon trap: reason=null_check action=make_not_entrant pc=0x0000000003616990 method=java.lang.String.equals(Ljava/lang/Object;)Z @ 8
Event: 0.766 Thread 0x0000000003386000 Uncommon trap: reason=unstable_if action=reinterpret pc=0x000000000361fcbc method=java.lang.String.indexOf([CII[CIII)I @ 3
Event: 0.830 Thread 0x0000000003386000 Uncommon trap: reason=class_check action=maybe_recompile pc=0x000000000369aca4 method=java.util.Collections$UnmodifiableCollection$1.next()Ljava/lang/Object; @ 4
Event: 0.831 Thread 0x0000000003386000 Uncommon trap: reason=class_check action=maybe_recompile pc=0x000000000369aca4 method=java.util.Collections$UnmodifiableCollection$1.next()Ljava/lang/Object; @ 4
Event: 0.831 Thread 0x0000000003386000 Uncommon trap: reason=class_check action=maybe_recompile pc=0x000000000369aca4 method=java.util.Collections$UnmodifiableCollection$1.next()Ljava/lang/Object; @ 4
Event: 0.831 Thread 0x0000000003386000 Uncommon trap: reason=class_check action=maybe_recompile pc=0x000000000369aca4 method=java.util.Collections$UnmodifiableCollection$1.next()Ljava/lang/Object; @ 4
Event: 1.447 Thread 0x0000000003386000 Uncommon trap: reason=unstable_if action=reinterpret pc=0x00000000036f890c method=java.io.WinNTFileSystem.normalize(Ljava/lang/String;)Ljava/lang/String; @ 128
Event: 1.468 Thread 0x0000000003386000 Uncommon trap: reason=class_check action=maybe_recompile pc=0x0000000003747524 method=java.util.regex.Pattern$BmpCharProperty.match(Ljava/util/regex/Matcher;ILjava/lang/CharSequence;)Z @ 31
Event: 1.468 Thread 0x0000000003386000 Uncommon trap: reason=unstable_if action=reinterpret pc=0x00000000037474c0 method=java.util.regex.Pattern$BmpCharProperty.match(Ljava/util/regex/Matcher;ILjava/lang/CharSequence;)Z @ 5
Event: 1.509 Thread 0x0000000003386000 Uncommon trap: reason=unstable_if action=reinterpret pc=0x000000000369a7d8 method=java.util.concurrent.ConcurrentHashMap.addCount(JI)V @ 121

Classes redefined (0 events):
No events

Internal exceptions (10 events):
Event: 0.350 Thread 0x0000000003386000 Exception <a 'java/security/PrivilegedActionException'> (0x0000000770de5228) thrown at [C:\re\workspace\8-2-build-windows-amd64-cygwin\jdk8u231\13620\hotspot\src\share\vm\prims\jvm.cpp, line 1502]
Event: 0.350 Thread 0x0000000003386000 Exception <a 'java/security/PrivilegedActionException'> (0x0000000770de5438) thrown at [C:\re\workspace\8-2-build-windows-amd64-cygwin\jdk8u231\13620\hotspot\src\share\vm\prims\jvm.cpp, line 1502]
Event: 0.351 Thread 0x0000000003386000 Exception <a 'java/security/PrivilegedActionException'> (0x0000000770de7bb8) thrown at [C:\re\workspace\8-2-build-windows-amd64-cygwin\jdk8u231\13620\hotspot\src\share\vm\prims\jvm.cpp, line 1502]
Event: 0.351 Thread 0x0000000003386000 Exception <a 'java/security/PrivilegedActionException'> (0x0000000770de7dc8) thrown at [C:\re\workspace\8-2-build-windows-amd64-cygwin\jdk8u231\13620\hotspot\src\share\vm\prims\jvm.cpp, line 1502]
Event: 0.369 Thread 0x0000000003386000 Exception <a 'java/io/FileNotFoundException'> (0x0000000770e163f0) thrown at [C:\re\workspace\8-2-build-windows-amd64-cygwin\jdk8u231\13620\hotspot\src\share\vm\prims\jni.cpp, line 710]
Event: 0.412 Thread 0x0000000003386000 Exception <a 'java/lang/NoSuchFieldError': method resolution failed> (0x0000000771079fb8) thrown at [C:\re\workspace\8-2-build-windows-amd64-cygwin\jdk8u231\13620\hotspot\src\share\vm\prims\methodHandles.cpp, line 1167]
Event: 0.414 Thread 0x0000000003386000 Exception <a 'java/lang/NoSuchFieldError': method resolution failed> (0x0000000771087e30) thrown at [C:\re\workspace\8-2-build-windows-amd64-cygwin\jdk8u231\13620\hotspot\src\share\vm\prims\methodHandles.cpp, line 1167]
Event: 0.652 Thread 0x0000000003386000 Implicit null exception at 0x00000000036167a2 to 0x0000000003616981
Event: 0.676 Thread 0x0000000003386000 Exception <a 'java/io/FileNotFoundException'> (0x0000000771036ab0) thrown at [C:\re\workspace\8-2-build-windows-amd64-cygwin\jdk8u231\13620\hotspot\src\share\vm\prims\jni.cpp, line 710]
Event: 2.451 Thread 0x0000000003386000 Exception <a 'java/lang/NoSuchMethodError': org.slf4j.impl.StaticMDCBinder.getSingleton()Lorg/slf4j/impl/StaticMDCBinder;> (0x0000000772a51fa0) thrown at [C:\re\workspace\8-2-build-windows-amd64-cygwin\jdk8u231\13620\hotspot\src\share\vm\interpreter\linkR

Events (10 events):
Event: 2.509 loading class org/apache/http/config/MessageConstraints done
Event: 2.510 loading class org/apache/http/config/MessageConstraints$Builder
Event: 2.510 loading class org/apache/http/config/MessageConstraints$Builder done
Event: 2.511 loading class org/apache/http/util/ByteArrayBuffer
Event: 2.511 loading class org/apache/http/util/ByteArrayBuffer done
Event: 2.513 loading class org/apache/http/impl/io/SessionOutputBufferImpl
Event: 2.513 loading class org/apache/http/impl/io/SessionOutputBufferImpl done
Event: 2.515 loading class org/apache/http/impl/HttpConnectionMetricsImpl
Event: 2.515 loading class org/apache/http/impl/HttpConnectionMetricsImpl done
Event: 2.516 Executing VM operation: CollectForMetadataAllocation


Dynamic libraries:
0x00007ff690cd0000 - 0x00007ff690d07000 	D:\Java\jdk1.8.0_231\bin\java.exe
0x00007ffa3ffe0000 - 0x00007ffa401d0000 	C:\Windows\SYSTEM32\ntdll.dll
0x00007ffa3f8e0000 - 0x00007ffa3f992000 	C:\Windows\System32\KERNEL32.DLL
0x00007ffa3dd20000 - 0x00007ffa3dfc3000 	C:\Windows\System32\KERNELBASE.dll
0x00007ffa3ee80000 - 0x00007ffa3ef23000 	C:\Windows\System32\ADVAPI32.dll
0x00007ffa3e510000 - 0x00007ffa3e5ae000 	C:\Windows\System32\msvcrt.dll
0x00007ffa3e380000 - 0x00007ffa3e417000 	C:\Windows\System32\sechost.dll
0x00007ffa3e100000 - 0x00007ffa3e220000 	C:\Windows\System32\RPCRT4.dll
0x00007ffa3e8f0000 - 0x00007ffa3ea84000 	C:\Windows\System32\USER32.dll
0x00007ffa3dca0000 - 0x00007ffa3dcc1000 	C:\Windows\System32\win32u.dll
0x00007ffa3f750000 - 0x00007ffa3f776000 	C:\Windows\System32\GDI32.dll
0x00007ffa3d900000 - 0x00007ffa3da94000 	C:\Windows\System32\gdi32full.dll
0x00007ffa3dff0000 - 0x00007ffa3e08e000 	C:\Windows\System32\msvcp_win.dll
0x00007ffa3cf70000 - 0x00007ffa3d06a000 	C:\Windows\System32\ucrtbase.dll
0x00007ffa1ca30000 - 0x00007ffa1ccb5000 	C:\Windows\WinSxS\amd64_microsoft.windows.common-controls_6595b64144ccf1df_6.0.18362.657_none_e6c5b579130e3898\COMCTL32.dll
0x00007ffa3e5b0000 - 0x00007ffa3e8e6000 	C:\Windows\System32\combase.dll
0x00007ffa3d820000 - 0x00007ffa3d8a0000 	C:\Windows\System32\bcryptPrimitives.dll
0x00007ffa3f800000 - 0x00007ffa3f82e000 	C:\Windows\System32\IMM32.DLL
0x000000005a720000 - 0x000000005a7f2000 	D:\Java\jdk1.8.0_231\jre\bin\msvcr100.dll
0x0000000059c50000 - 0x000000005a4f6000 	D:\Java\jdk1.8.0_231\jre\bin\server\jvm.dll
0x00007ffa3f7f0000 - 0x00007ffa3f7f8000 	C:\Windows\System32\PSAPI.DLL
0x00007ffa009a0000 - 0x00007ffa009a9000 	C:\Windows\SYSTEM32\WSOCK32.dll
0x00007ffa3a330000 - 0x00007ffa3a354000 	C:\Windows\SYSTEM32\WINMM.dll
0x00007ffa3f780000 - 0x00007ffa3f7ef000 	C:\Windows\System32\WS2_32.dll
0x00007ffa36050000 - 0x00007ffa3605a000 	C:\Windows\SYSTEM32\VERSION.dll
0x00007ffa3a300000 - 0x00007ffa3a32d000 	C:\Windows\SYSTEM32\winmmbase.dll
0x00007ffa3dcd0000 - 0x00007ffa3dd1a000 	C:\Windows\System32\cfgmgr32.dll
0x00007ffa392a0000 - 0x00007ffa392af000 	D:\Java\jdk1.8.0_231\jre\bin\verify.dll
0x00007ffa27e30000 - 0x00007ffa27e59000 	D:\Java\jdk1.8.0_231\jre\bin\java.dll
0x00007ffa15b80000 - 0x00007ffa15ba3000 	D:\Java\jdk1.8.0_231\jre\bin\instrument.dll
0x00007ffa2bbe0000 - 0x00007ffa2bbf6000 	D:\Java\jdk1.8.0_231\jre\bin\zip.dll
0x00007ffa3ef30000 - 0x00007ffa3f615000 	C:\Windows\System32\SHELL32.dll
0x00007ffa3f6a0000 - 0x00007ffa3f749000 	C:\Windows\System32\shcore.dll
0x00007ffa3d070000 - 0x00007ffa3d7ef000 	C:\Windows\System32\windows.storage.dll
0x00007ffa3cf50000 - 0x00007ffa3cf6f000 	C:\Windows\System32\profapi.dll
0x00007ffa3cf00000 - 0x00007ffa3cf4a000 	C:\Windows\System32\powrprof.dll
0x00007ffa3ceb0000 - 0x00007ffa3cec0000 	C:\Windows\System32\UMPDC.dll
0x00007ffa3ee20000 - 0x00007ffa3ee72000 	C:\Windows\System32\shlwapi.dll
0x00007ffa3cec0000 - 0x00007ffa3ced1000 	C:\Windows\System32\kernel.appcore.dll
0x00007ffa3dfd0000 - 0x00007ffa3dfe7000 	C:\Windows\System32\cryptsp.dll
0x00007ffa16140000 - 0x00007ffa1615a000 	D:\JetBrains\IntelliJ IDEA 2019.3.3\bin\breakgen64.dll
0x00007ffa26ff0000 - 0x00007ffa2700a000 	D:\Java\jdk1.8.0_231\jre\bin\net.dll
0x00007ffa3c6c0000 - 0x00007ffa3c727000 	C:\Windows\system32\mswsock.dll
0x00007ffa025d0000 - 0x00007ffa0276a000 	D:\Java\jdk1.8.0_231\jre\bin\awt.dll
0x00007ffa3e420000 - 0x00007ffa3e4e4000 	C:\Windows\System32\OLEAUT32.dll
0x00007ffa3a9b0000 - 0x00007ffa3aa3f000 	C:\Windows\SYSTEM32\apphelp.dll
0x00007ffa10b50000 - 0x00007ffa10b74000 	D:\Java\jdk1.8.0_231\jre\bin\sunec.dll
0x00007ffa3c3d0000 - 0x00007ffa3c40a000 	C:\Windows\SYSTEM32\IPHLPAPI.DLL
0x00007ffa3ee10000 - 0x00007ffa3ee18000 	C:\Windows\System32\NSI.dll
0x00007ffa34b40000 - 0x00007ffa34b56000 	C:\Windows\SYSTEM32\dhcpcsvc6.DLL
0x00007ffa34b20000 - 0x00007ffa34b3c000 	C:\Windows\SYSTEM32\dhcpcsvc.DLL
0x00007ffa3c410000 - 0x00007ffa3c4da000 	C:\Windows\SYSTEM32\DNSAPI.dll
0x00007ffa15e50000 - 0x00007ffa15e62000 	D:\Java\jdk1.8.0_231\jre\bin\nio.dll
0x00007ffa3c230000 - 0x00007ffa3c263000 	C:\Windows\system32\rsaenh.dll
0x00007ffa3d7f0000 - 0x00007ffa3d816000 	C:\Windows\System32\bcrypt.dll
0x00007ffa3cdd0000 - 0x00007ffa3cdf5000 	C:\Windows\SYSTEM32\USERENV.dll
0x00007ffa3c890000 - 0x00007ffa3c89c000 	C:\Windows\SYSTEM32\CRYPTBASE.dll

VM Arguments:
jvm_args: -javaagent:D:\JetBrains\IntelliJ IDEA 2019.3.3\lib\idea_rt.jar=63188:D:\JetBrains\IntelliJ IDEA 2019.3.3\bin -Dfile.encoding=UTF-8 
java_command: com.jdragon.tljrobot.client.Application
java_class_path (initial): D:\Java\jdk1.8.0_231\jre\lib\charsets.jar;D:\Java\jdk1.8.0_231\jre\lib\deploy.jar;D:\Java\jdk1.8.0_231\jre\lib\ext\access-bridge-64.jar;D:\Java\jdk1.8.0_231\jre\lib\ext\cldrdata.jar;D:\Java\jdk1.8.0_231\jre\lib\ext\dnsns.jar;D:\Java\jdk1.8.0_231\jre\lib\ext\jaccess.jar;D:\Java\jdk1.8.0_231\jre\lib\ext\jfxrt.jar;D:\Java\jdk1.8.0_231\jre\lib\ext\localedata.jar;D:\Java\jdk1.8.0_231\jre\lib\ext\nashorn.jar;D:\Java\jdk1.8.0_231\jre\lib\ext\sunec.jar;D:\Java\jdk1.8.0_231\jre\lib\ext\sunjce_provider.jar;D:\Java\jdk1.8.0_231\jre\lib\ext\sunmscapi.jar;D:\Java\jdk1.8.0_231\jre\lib\ext\sunpkcs11.jar;D:\Java\jdk1.8.0_231\jre\lib\ext\zipfs.jar;D:\Java\jdk1.8.0_231\jre\lib\javaws.jar;D:\Java\jdk1.8.0_231\jre\lib\jce.jar;D:\Java\jdk1.8.0_231\jre\lib\jfr.jar;D:\Java\jdk1.8.0_231\jre\lib\jfxswt.jar;D:\Java\jdk1.8.0_231\jre\lib\jsse.jar;D:\Java\jdk1.8.0_231\jre\lib\management-agent.jar;D:\Java\jdk1.8.0_231\jre\lib\plugin.jar;D:\Java\jdk1.8.0_231\jre\lib\resources.jar;D:\Java\jdk1.8.0_231\jre\lib\rt.jar;C:\Users\10619\IdeaProjects\tljrobot\client\target\classes;C:\Users\10619\IdeaProjects\tljrobot\client\lib\JNative.jar;C:\Users\10619\IdeaProjects\tljrobot\client\lib\jna-4.4.0.jar;C:\Users\10619\IdeaProjects\tljrobot\client\lib\ninepatch.jar;C:\Users\10619\IdeaProjects\tljrobot\client\lib\substance.jar;C:\Users\10619\IdeaProjects\tljrobot\client\lib\SwingSet3.jar;C:\Users\10619\IdeaProjects\tljrobot\client\lib\littleluck.jar;C:\Users\10619\IdeaProjects\tljrobot\client\lib\jsoup-1.6.1.jar;C:\Users\10619\IdeaProjects\tljrobot\client\lib\trident-7.0.jar;C:\Users\10619\IdeaProjects\tljrobot\client\lib\beautyeye_lnf.jar;C:\Users\10619\IdeaProjects\tljrobot\client\lib\gnujaxp-1.0.0.jar;C:\Users\10619\IdeaProjects\tljrobot\client\lib\jcommon-1.0.16.jar;C:\Users\10619\IdeaProjects\tljrobot\client\lib\javax.mail-1.6.0.jar;C:\Users\10619\IdeaProjects\tljrobot\client\lib\commons-net-1.4.1.jar;C:\Users\10619\IdeaProjects\tljrobot\client\lib\jfreechart-1.0.19.jar;C:\Us
Launcher Type: SUN_STANDARD

Environment Variables:
JAVA_HOME=D:\Java\jdk1.8.0_231
CLASSPATH=.;D:\Java\jdk1.8.0_231\lib\dt.jar;D:\Java\jdk1.8.0_231\lib\tools.jar;
PATH=D:\Xshell 6\;C:\Program Files (x86)\Common Files\Oracle\Java\javapath;C:\Windows\system32;C:\Windows;C:\Windows\System32\Wbem;C:\Windows\System32\WindowsPowerShell\v1.0\;C:\Windows\System32\OpenSSH\;D:\mysql\mysql-8.0.18-winx64\bin;D:\Java\jdk1.8.0_231\bin;D:\Java\jdk1.8.0_231\jre\bin;D:\Git\bin;D:\Git\etc\;D:\apache-maven-3.5.4\bin;C:\Program Files (x86)\Microsoft SQL Server\130\Tools\Binn\;C:\Program Files\Microsoft SQL Server\130\Tools\Binn\;C:\Program Files (x86)\Microsoft SQL Server\130\DTS\Binn\;C:\Program Files\Microsoft SQL Server\130\DTS\Binn\;C:\Program Files\Microsoft SQL Server\Client SDK\ODBC\130\Tools\Binn\;C:\Program Files (x86)\Microsoft SQL Server\150\DTS\Binn\;D:\nodejs\;C:\Users\10619\AppData\Local\Microsoft\WindowsApps;C:\Users\10619\AppData\Roaming\npm;D:\JetBrains\IntelliJ IDEA 2019.3.3\bin;
USERNAME=10619
OS=Windows_NT
PROCESSOR_IDENTIFIER=AMD64 Family 23 Model 24 Stepping 1, AuthenticAMD



---------------  S Y S T E M  ---------------

OS: Windows 10.0 , 64 bit Build 18362 (10.0.18362.329)

CPU:total 8 (initial active 8) (8 cores per cpu, 1 threads per core) family 23 model 24 stepping 1, cmov, cx8, fxsr, mmx, sse, sse2, sse3, ssse3, sse4.1, sse4.2, popcnt, avx, avx2, aes, clmul, mmxext, 3dnowpref, lzcnt, sse4a, tsc, tscinvbit, tscinv, bmi1

Memory: 4k page, physical 15602120k(2840440k free), swap 28709316k(5148k free)

vm_info: Java HotSpot(TM) 64-Bit Server VM (25.231-b11) for windows-amd64 JRE (1.8.0_231-b11), built on Oct  5 2019 03:11:30 by "java_re" with MS VC++ 10.0 (VS2010)

time: Sun Mar 01 11:42:31 2020
timezone: 中国标准时间
elapsed time: 2 seconds (0d 0h 0m 2s)

