[20-02-05 16:12:36] [PicqBotX] [INFO] 
[20-02-05 16:12:36] [PicqBotX] [INFO]     ____  _            ____        __ _  __
[20-02-05 16:12:36] [PicqBotX] [INFO]    / __ \(_)________ _/ __ )____  / /| |/ /
[20-02-05 16:12:36] [PicqBotX] [INFO]   / /_/ / / ___/ __ `/ __  / __ \/ __/   /
[20-02-05 16:12:36] [PicqBotX] [INFO]  / ____/ / /__/ /_/ / /_/ / /_/ / /_/   |
[20-02-05 16:12:36] [PicqBotX] [INFO] /_/   /_/\___/\__, /_____/\____/\__/_/|_|
[20-02-05 16:12:36] [PicqBotX] [INFO]                 /_/         v4.10.1.928
[20-02-05 16:12:36] [PicqBotX] [INFO] 日志管理器     初始化完成 [******] ...(71.99 ms)
[20-02-05 16:12:36] [PicqBotX] [INFO] 缓存管理器     初始化完成 [******] ...(2.78 ms)
[20-02-05 16:12:36] [PicqBotX] [INFO] DEBUG设置     初始化完成 [******] ...(0.11 ms)
[20-02-05 16:12:36] [PicqBotX] [INFO] 事件管理器     初始化完成 [******] ...(63.72 ms)
[20-02-05 16:12:36] [PicqBotX] [INFO] 账号管理器     初始化完成 [******] ...(1.33 ms)
[20-02-05 16:12:36] [PicqBotX] [INFO] HTTP监听服务器 初始化完成 [******] ...(2.68 ms)
[20-02-05 16:12:38] [PicqBotX] [INFO] 指令管理器     初始化完成 [******] ...(4.22 ms)
[20-02-05 16:12:38] [PicqBotX] [INFO] 账号 Bot01:   版本验证完成!
[20-02-05 16:12:38] [PicqBotX] [INFO] 正在启动...
[20-02-05 16:12:52] [PicqBotX] [DEBUG(java.lang.Thread.run:748)] 收到新请求: CQHttp/4.10.1
[20-02-05 16:12:52] [PicqBotX] [DEBUG(java.lang.Thread.run:748)] - 数据: {"anonymous":null,"font":93133640,"group_id":522394334,"message":"#联赛首打","message_id":2241,"message_type":"group","post_type":"message","raw_message":"#联赛首打","self_id":1061917110,"sender":{"age":8,"area":"广州","card":"谭宇-神键手","level":"小白","nickname":"0 4 . 2 2","role":"admin","sex":"unknown","title":"神键手","user_id":1061917196},"sub_type":"normal","time":1580890372,"user_id":1061917196}
[20-02-05 16:13:58] [PicqBotX] [DEBUG(java.lang.Thread.run:748)] 收到新请求: CQHttp/4.10.1
[20-02-05 16:13:58] [PicqBotX] [DEBUG(java.lang.Thread.run:748)] - 数据: {"anonymous":null,"font":102145824,"group_id":522394334,"message":"哈哈","message_id":2242,"message_type":"group","post_type":"message","raw_message":"哈哈","self_id":1061917110,"sender":{"age":23,"area":"广州","card":"半凡~小鹤音形","level":"了解群图书馆","nickname":"半凡","role":"member","sex":"unknown","title":"","user_id":438399368},"sub_type":"normal","time":1580890373,"user_id":438399368}
