[20-02-05 16:29:51] [PicqBotX] [INFO] 
[20-02-05 16:29:51] [PicqBotX] [INFO]     ____  _            ____        __ _  __
[20-02-05 16:29:51] [PicqBotX] [INFO]    / __ \(_)________ _/ __ )____  / /| |/ /
[20-02-05 16:29:51] [PicqBotX] [INFO]   / /_/ / / ___/ __ `/ __  / __ \/ __/   /
[20-02-05 16:29:51] [PicqBotX] [INFO]  / ____/ / /__/ /_/ / /_/ / /_/ / /_/   |
[20-02-05 16:29:51] [PicqBotX] [INFO] /_/   /_/\___/\__, /_____/\____/\__/_/|_|
[20-02-05 16:29:51] [PicqBotX] [INFO]                 /_/         v4.10.1.928
[20-02-05 16:29:51] [PicqBotX] [INFO] 日志管理器     初始化完成 [******] ...(50.74 ms)
[20-02-05 16:29:51] [PicqBotX] [INFO] 缓存管理器     初始化完成 [******] ...(4.02 ms)
[20-02-05 16:29:51] [PicqBotX] [INFO] DEBUG设置     初始化完成 [******] ...(0.02 ms)
[20-02-05 16:29:51] [PicqBotX] [INFO] 事件管理器     初始化完成 [******] ...(61.13 ms)
[20-02-05 16:29:51] [PicqBotX] [INFO] 账号管理器     初始化完成 [******] ...(1.54 ms)
[20-02-05 16:29:51] [PicqBotX] [INFO] HTTP监听服务器 初始化完成 [******] ...(3.15 ms)
[20-02-05 16:29:53] [PicqBotX] [INFO] 指令管理器     初始化完成 [******] ...(3.35 ms)
[20-02-05 16:29:53] [PicqBotX] [INFO] 账号 Bot01:   版本验证完成!
[20-02-05 16:29:53] [PicqBotX] [INFO] 正在启动...
[20-02-05 16:29:53] [PicqBotX] [DEBUG(java.lang.Thread.run:748)] 收到新请求: CQHttp/4.10.1
[20-02-05 16:29:53] [PicqBotX] [DEBUG(java.lang.Thread.run:748)] - 数据: {"anonymous":null,"font":91819816,"group_id":522394334,"message":"第19999段 速度160.35 击键8.21 码长3.07 回改0 退格0 字数15 输入法:小狼毫 校验:74939 个签:完美主义者都该死 t46.15","message_id":2547,"message_type":"group","post_type":"message","raw_message":"第19999段 速度160.35 击键8.21 码长3.07 回改0 退格0 字数15 输入法:小狼毫 校验:74939 个签:完美主义者都该死 t46.15","self_id":1061917110,"sender":{"age":27,"area":"北京","card":"浪子-小狼毫","level":"了解群图文件","nickname":"孤独患者","role":"member","sex":"unknown","title":"","user_id":1447316870},"sub_type":"normal","time":1580891393,"user_id":1447316870}
[20-02-05 16:29:59] [PicqBotX] [DEBUG(java.lang.Thread.run:748)] 收到新请求: CQHttp/4.10.1
[20-02-05 16:29:59] [PicqBotX] [DEBUG(java.lang.Thread.run:748)] - 数据: {"anonymous":null,"font":6241752,"group_id":522394334,"message":"常用单字前五百\r\n大全结小由王包数坐程证格消情其\r\n-----第20000段-乱序--c.fw.1.5","message_id":2548,"message_type":"group","post_type":"message","raw_message":"常用单字前五百\r\n大全结小由王包数坐程证格消情其\r\n-----第20000段-乱序--c.fw.1.5","self_id":1061917110,"sender":{"age":6,"area":"北京","card":"","level":"小白","nickname":"小拆","role":"member","sex":"male","title":"","user_id":207938707},"sub_type":"normal","time":1580891396,"user_id":207938707}
[20-02-05 16:29:59] [PicqBotX] [DEBUG(java.lang.Thread.run:748)] 收到新请求: CQHttp/4.10.1
[20-02-05 16:29:59] [PicqBotX] [DEBUG(java.lang.Thread.run:748)] - 数据: {"anonymous":null,"font":91819944,"group_id":522394334,"message":"#联赛成绩","message_id":2549,"message_type":"group","post_type":"message","raw_message":"#联赛成绩","self_id":1061917110,"sender":{"age":8,"area":"广州","card":"谭宇-神键手","level":"小白","nickname":"0 4 . 2 2","role":"admin","sex":"unknown","title":"神键手","user_id":1061917196},"sub_type":"normal","time":1580891399,"user_id":1061917196}
[20-02-05 16:30:22] [PicqBotX] [DEBUG(java.lang.Thread.run:748)] 收到新请求: CQHttp/4.10.1
[20-02-05 16:30:22] [PicqBotX] [DEBUG(java.lang.Thread.run:748)] - 数据: {"anonymous":null,"font":6241912,"group_id":522394334,"message":"#结束跟打","message_id":2550,"message_type":"group","post_type":"message","raw_message":"#结束跟打","self_id":1061917110,"sender":{"age":0,"area":"","card":"一谦四益-极点五笔","level":"中级","nickname":"宁静而致远…","role":"member","sex":"unknown","title":"","user_id":571681690},"sub_type":"normal","time":1580891406,"user_id":571681690}
[20-02-05 16:30:23] [PicqBotX] [DEBUG(java.lang.Thread.run:748)] 收到新请求: CQHttp/4.10.1
[20-02-05 16:30:23] [PicqBotX] [DEBUG(java.lang.Thread.run:748)] - 数据: {"anonymous":null,"font":6108064,"group_id":522394334,"message":"第20000段 速度166.88 击键8.54 码长3.07 回改0 退格0 字数15 输入法:小狼毫 校验:20412 个签:完美主义者都该死 t46.15","message_id":2551,"message_type":"group","post_type":"message","raw_message":"第20000段 速度166.88 击键8.54 码长3.07 回改0 退格0 字数15 输入法:小狼毫 校验:20412 个签:完美主义者都该死 t46.15","self_id":1061917110,"sender":{"age":27,"area":"北京","card":"浪子-小狼毫","level":"了解群图文件","nickname":"孤独患者","role":"member","sex":"unknown","title":"","user_id":1447316870},"sub_type":"normal","time":1580891407,"user_id":1447316870}
[20-02-05 16:30:23] [PicqBotX] [DEBUG(java.lang.Thread.run:748)] 收到新请求: CQHttp/4.10.1
[20-02-05 16:30:23] [PicqBotX] [DEBUG(java.lang.Thread.run:748)] - 数据: {"anonymous":null,"font":44876240,"group_id":522394334,"message":"本次跟打共发文 50 次，字数 750 字，跟打 147 次，跟打 6 人。\r\n感谢各位的跟打，本次发文已结束。","message_id":2552,"message_type":"group","post_type":"message","raw_message":"本次跟打共发文 50 次，字数 750 字，跟打 147 次，跟打 6 人。\r\n感谢各位的跟打，本次发文已结束。","self_id":1061917110,"sender":{"age":6,"area":"北京","card":"","level":"小白","nickname":"小拆","role":"member","sex":"male","title":"","user_id":207938707},"sub_type":"normal","time":1580891408,"user_id":207938707}
[20-02-05 16:30:23] [PicqBotX] [DEBUG(java.lang.Thread.run:748)] 收到新请求: CQHttp/4.10.1
[20-02-05 16:30:23] [PicqBotX] [DEBUG(java.lang.Thread.run:748)] - 数据: {"anonymous":null,"font":122668512,"group_id":522394334,"message":"第19999段 速度136.38 击键7.43 码长3.27 标顶理论3.40 字数15 回改0 退格0 错字0 键数49 选重1 键准100.00% 键法66.67%(左14:右21:空格13) 打词率0.00% 选重率6.67% 拖拉机跟打器 拖拉机v2.00 Windows 7版 校验码VQYJQ_","message_id":2553,"message_type":"group","post_type":"message","raw_message":"第19999段 速度136.38 击键7.43 码长3.27 标顶理论3.40 字数15 回改0 退格0 错字0 键数49 选重1 键准100.00% 键法66.67%(左14:右21:空格13) 打词率0.00% 选重率6.67% 拖拉机跟打器 拖拉机v2.00 Windows 7版 校验码VQYJQ_","self_id":1061917110,"sender":{"age":23,"area":"湛江","card":"魔方-鹤形630v1.8","level":"入门","nickname":"谁动了我的魔方","role":"admin","sex":"unknown","title":"新人守门员","user_id":1015609771},"sub_type":"normal","time":1580891410,"user_id":1015609771}
[20-02-05 16:30:23] [PicqBotX] [DEBUG(java.lang.Thread.run:748)] 收到新请求: CQHttp/4.10.1
[20-02-05 16:30:23] [PicqBotX] [DEBUG(java.lang.Thread.run:748)] - 数据: {"anonymous":null,"font":43950744,"group_id":522394334,"message":"[CQ:face,id=178]暂停","message_id":2555,"message_type":"group","post_type":"message","raw_message":"[CQ:face,id=178]暂停","self_id":1061917110,"sender":{"age":0,"area":"","card":"一谦四益-极点五笔","level":"中级","nickname":"宁静而致远…","role":"member","sex":"unknown","title":"","user_id":571681690},"sub_type":"normal","time":1580891421,"user_id":571681690}
[20-02-05 16:30:25] [PicqBotX] [DEBUG(java.lang.Thread.run:748)] 收到新请求: CQHttp/4.10.1
[20-02-05 16:30:25] [PicqBotX] [DEBUG(java.lang.Thread.run:748)] - 数据: {"anonymous":null,"font":44876112,"group_id":522394334,"message":"#联赛首打","message_id":2556,"message_type":"group","post_type":"message","raw_message":"#联赛首打","self_id":1061917110,"sender":{"age":8,"area":"广州","card":"谭宇-神键手","level":"小白","nickname":"0 4 . 2 2","role":"admin","sex":"unknown","title":"神键手","user_id":1061917196},"sub_type":"normal","time":1580891425,"user_id":1061917196}
[20-02-05 16:31:08] [PicqBotX] [DEBUG(java.lang.Thread.run:748)] 收到新请求: CQHttp/4.10.1
[20-02-05 16:31:08] [PicqBotX] [DEBUG(java.lang.Thread.run:748)] - 数据: {"anonymous":null,"font":43950584,"group_id":522394334,"message":"[CQ:image,file=4CCAB80857C8E691AA8E0EB7C08DDD50.png,url=https://gchat.qpic.cn/gchatpic_new/1015609771/522394334-2471388654-4CCAB80857C8E691AA8E0EB7C08DDD50/0?term=2]","message_id":2557,"message_type":"group","post_type":"message","raw_message":"[CQ:image,file=4CCAB80857C8E691AA8E0EB7C08DDD50.png]","self_id":1061917110,"sender":{"age":23,"area":"湛江","card":"魔方-鹤形630v1.8","level":"入门","nickname":"谁动了我的魔方","role":"admin","sex":"unknown","title":"新人守门员","user_id":1015609771},"sub_type":"normal","time":1580891426,"user_id":1015609771}
[20-02-05 16:31:09] [PicqBotX] [DEBUG(java.lang.Thread.run:748)] 收到新请求: CQHttp/4.10.1
[20-02-05 16:31:09] [PicqBotX] [DEBUG(java.lang.Thread.run:748)] - 数据: {"anonymous":null,"font":122668576,"group_id":522394334,"message":"第19999段 速度79.62 击键6.26 码长4.71 字数15 时间00:10.55 回改0 退格0 回车0 键数66 选重0 键准100.00% 键法82.35% 重打1 打词0.00% 峰值104.17/7.64/4.33 输入法:微软五笔 个签:何时优秀如靓仔 校检:12bdc 极速跟打器v1.49","message_id":2558,"message_type":"group","post_type":"message","raw_message":"第19999段 速度79.62 击键6.26 码长4.71 字数15 时间00:10.55 回改0 退格0 回车0 键数66 选重0 键准100.00% 键法82.35% 重打1 打词0.00% 峰值104.17/7.64/4.33 输入法:微软五笔 个签:何时优秀如靓仔 校检:12bdc 极速跟打器v1.49","self_id":1061917110,"sender":{"age":12,"area":"莱芜","card":"突突突-微软五笔","level":"了解群图书馆","nickname":"TyraNde","role":"member","sex":"unknown","title":"","user_id":1586848155},"sub_type":"normal","time":1580891433,"user_id":1586848155}
[20-02-05 16:31:09] [PicqBotX] [DEBUG(java.lang.Thread.run:748)] 收到新请求: CQHttp/4.10.1
[20-02-05 16:31:09] [PicqBotX] [DEBUG(java.lang.Thread.run:748)] - 数据: {"anonymous":null,"font":44876688,"group_id":522394334,"message":"前五百无限循环上瘾","message_id":2559,"message_type":"group","post_type":"message","raw_message":"前五百无限循环上瘾","self_id":1061917110,"sender":{"age":27,"area":"北京","card":"浪子-小狼毫","level":"了解群图文件","nickname":"孤独患者","role":"member","sex":"unknown","title":"","user_id":1447316870},"sub_type":"normal","time":1580891443,"user_id":1447316870}
[20-02-05 16:31:10] [PicqBotX] [DEBUG(java.lang.Thread.run:748)] 收到新请求: CQHttp/4.10.1
[20-02-05 16:31:10] [PicqBotX] [DEBUG(java.lang.Thread.run:748)] - 数据: {"anonymous":null,"font":43921224,"group_id":522394334,"message":"第20000段 速度88.70 击键7.18 码长4.86 字数15 时间00:09.47 回改0 退格0 回车0 键数68 选重0 键准100.00% 键法75.00% 重打0 打词0.00% 峰值118.42/9.17/4.43 输入法:微软五笔 个签:何时优秀如靓仔 校检:932a1 极速跟打器v1.49","message_id":2560,"message_type":"group","post_type":"message","raw_message":"第20000段 速度88.70 击键7.18 码长4.86 字数15 时间00:09.47 回改0 退格0 回车0 键数68 选重0 键准100.00% 键法75.00% 重打0 打词0.00% 峰值118.42/9.17/4.43 输入法:微软五笔 个签:何时优秀如靓仔 校检:932a1 极速跟打器v1.49","self_id":1061917110,"sender":{"age":12,"area":"莱芜","card":"突突突-微软五笔","level":"了解群图书馆","nickname":"TyraNde","role":"member","sex":"unknown","title":"","user_id":1586848155},"sub_type":"normal","time":1580891448,"user_id":1586848155}
[20-02-05 16:31:10] [PicqBotX] [DEBUG(java.lang.Thread.run:748)] 收到新请求: CQHttp/4.10.1
[20-02-05 16:31:10] [PicqBotX] [DEBUG(java.lang.Thread.run:748)] - 数据: {"anonymous":null,"font":93584696,"group_id":522394334,"message":"[CQ:image,file=5B3E0EF9E5BA66CE7CDCE0A5C6C9F179.png,url=https://gchat.qpic.cn/gchatpic_new/1015609771/522394334-2513292335-5B3E0EF9E5BA66CE7CDCE0A5C6C9F179/0?term=2]","message_id":2561,"message_type":"group","post_type":"message","raw_message":"[CQ:image,file=5B3E0EF9E5BA66CE7CDCE0A5C6C9F179.png]","self_id":1061917110,"sender":{"age":23,"area":"湛江","card":"魔方-鹤形630v1.8","level":"入门","nickname":"谁动了我的魔方","role":"admin","sex":"unknown","title":"新人守门员","user_id":1015609771},"sub_type":"normal","time":1580891448,"user_id":1015609771}
[20-02-05 16:31:22] [PicqBotX] [DEBUG(java.lang.Thread.run:748)] 收到新请求: CQHttp/4.10.1
[20-02-05 16:31:22] [PicqBotX] [DEBUG(java.lang.Thread.run:748)] - 数据: {"anonymous":null,"font":44876272,"group_id":522394334,"message":"#联赛首打","message_id":2562,"message_type":"group","post_type":"message","raw_message":"#联赛首打","self_id":1061917110,"sender":{"age":8,"area":"广州","card":"谭宇-神键手","level":"小白","nickname":"0 4 . 2 2","role":"admin","sex":"unknown","title":"神键手","user_id":1061917196},"sub_type":"normal","time":1580891482,"user_id":1061917196}
[20-02-05 16:32:41] [PicqBotX] [DEBUG(java.lang.Thread.run:748)] 收到新请求: CQHttp/4.10.1
[20-02-05 16:32:41] [PicqBotX] [DEBUG(java.lang.Thread.run:748)] - 数据: {"anonymous":null,"font":93584632,"group_id":522394334,"message":"第4段 速度37.45 击键1.91 码长3.06 标顶理论2.42 字数100 回改9 退格21 错字0 键数306 选重7 键准79.16% 键法74.81%(左101:右135:空格49) 打词率36.70% 选重率7.00% 长流跟打器v2.00 Windows 10版 校验码SW@PS","message_id":2563,"message_type":"group","post_type":"message","raw_message":"第4段 速度37.45 击键1.91 码长3.06 标顶理论2.42 字数100 回改9 退格21 错字0 键数306 选重7 键准79.16% 键法74.81%(左101:右135:空格49) 打词率36.70% 选重率7.00% 长流跟打器v2.00 Windows 10版 校验码SW@PS","self_id":1061917110,"sender":{"age":21,"area":"北马里亚纳群岛","card":"","level":"了解群图书馆","nickname":"ASDF  JKL;","role":"member","sex":"unknown","title":"","user_id":2671763997},"sub_type":"normal","time":1580891496,"user_id":2671763997}
[20-02-05 16:32:41] [PicqBotX] [DEBUG(java.lang.Thread.run:748)] 收到新请求: CQHttp/4.10.1
[20-02-05 16:32:41] [PicqBotX] [DEBUG(java.lang.Thread.run:748)] - 数据: {"anonymous":null,"font":92107800,"group_id":522394334,"message":"码长到底是怎么算的啊","message_id":2564,"message_type":"group","post_type":"message","raw_message":"码长到底是怎么算的啊","self_id":1061917110,"sender":{"age":12,"area":"莱芜","card":"突突突-微软五笔","level":"了解群图书馆","nickname":"TyraNde","role":"member","sex":"unknown","title":"","user_id":1586848155},"sub_type":"normal","time":1580891514,"user_id":1586848155}
