[20-02-21 13:19:24] [PicqBotX] [INFO] 
[20-02-21 13:19:24] [PicqBotX] [INFO]     ____  _            ____        __ _  __
[20-02-21 13:19:24] [PicqBotX] [INFO]    / __ \(_)________ _/ __ )____  / /| |/ /
[20-02-21 13:19:24] [PicqBotX] [INFO]   / /_/ / / ___/ __ `/ __  / __ \/ __/   /
[20-02-21 13:19:24] [PicqBotX] [INFO]  / ____/ / /__/ /_/ / /_/ / /_/ / /_/   |
[20-02-21 13:19:24] [PicqBotX] [INFO] /_/   /_/\___/\__, /_____/\____/\__/_/|_|
[20-02-21 13:19:24] [PicqBotX] [INFO]                 /_/         v4.10.1.928
[20-02-21 13:19:24] [PicqBotX] [INFO] 日志管理器     初始化完成 [******] ...(213.13 ms)
[20-02-21 13:19:24] [PicqBotX] [INFO] 缓存管理器     初始化完成 [******] ...(5.17 ms)
[20-02-21 13:19:24] [PicqBotX] [INFO] DEBUG设置     初始化完成 [******] ...(0.02 ms)
[20-02-21 13:19:24] [PicqBotX] [INFO] 事件管理器     初始化完成 [******] ...(191.76 ms)
[20-02-21 13:19:24] [PicqBotX] [INFO] 账号管理器     初始化完成 [******] ...(3.5 ms)
[20-02-21 13:19:24] [PicqBotX] [INFO] HTTP监听服务器 初始化完成 [******] ...(7.52 ms)
[20-02-21 13:19:27] [PicqBotX] [INFO] 指令管理器     初始化完成 [******] ...(6.8 ms)
[20-02-21 13:19:27] [PicqBotX] [INFO] 账号 Bot01:   版本验证完成!
[20-02-21 13:19:27] [PicqBotX] [INFO] 正在启动...
[20-02-21 13:19:32] [PicqBotX] [DEBUG(java.lang.Thread.run:748)] 收到新请求: CQHttp/4.10.1
[20-02-21 13:19:32] [PicqBotX] [DEBUG(java.lang.Thread.run:748)] - 数据: {"anonymous":null,"font":82355800,"group_id":68947810,"message":"常用单字前五百:\r\n的一了不在有个人这上中大为来我到出要以时和地们得可下对生也子就过能他会多发说而于自之用年行家方后作成开面事好小心前所道法如进着同经分定都然与本还其当起动已两点从问里主实天高去现长此三将无国全文理明日些看只公等十意正外想间把情者没重相那向知因样学应又手但信关使种见力名二处门并口么先位头回话很再由身入内第平被给次别几月真立新通少机打水果最部何安接报声才体今合性西你放表目加常做己老四件解路更走比总金管光工结提任东原便美及教难世至气神山数利书代直色场变记张必受交非服化求风度太万各算边王什快许连五活思该步海指物则女或完马强言条特命感清带认保望转传儿制干计民白住字它义车像反象题却流且即深近形取往系量论告息让决未花收满每华业南觉电空眼听远师元请容她军士百办语期北林识半夫客战院城候单音台死视领失司亲始极双令改功程爱德复切随李员离轻观青足落叫根怎持精送众影八首包准兴红达早尽故房引火站似找备调断设格消拉照布友整术石展紧据终周式举飞片虽易运笑云建谈界务写钱商乐推注越千微若约英集示呢待坐议乎留称品志黑存六造低江念产刻节尔吃势依图共曾响底装具喜严九况跟罗须显热病证刚治绝群市阳确究久除闻答段官政类黄武七支费父统府\r\n-----第1段-余0字--t46","message_id":3065,"message_type":"group","post_type":"message","raw_message":"常用单字前五百:\r\n的一了不在有个人这上中大为来我到出要以时和地们得可下对生也子就过能他会多发说而于自之用年行家方后作成开面事好小心前所道法如进着同经分定都然与本还其当起动已两点从问里主实天高去现长此三将无国全文理明日些看只公等十意正外想间把情者没重相那向知因样学应又手但信关使种见力名二处门并口么先位头回话很再由身入内第平被给次别几月真立新通少机打水果最部何安接报声才体今合性西你放表目加常做己老四件解路更走比总金管光工结提任东原便美及教难世至气神山数利书代直色场变记张必受交非服化求风度太万各算边王什快许连五活思该步海指物则女或完马强言条特命感清带认保望转传儿制干计民白住字它义车像反象题却流且即深近形取往系量论告息让决未花收满每华业南觉电空眼听远师元请容她军士百办语期北林识半夫客战院城候单音台死视领失司亲始极双令改功程爱德复切随李员离轻观青足落叫根怎持精送众影八首包准兴红达早尽故房引火站似找备调断设格消拉照布友整术石展紧据终周式举飞片虽易运笑云建谈界务写钱商乐推注越千微若约英集示呢待坐议乎留称品志黑存六造低江念产刻节尔吃势依图共曾响底装具喜严九况跟罗须显热病证刚治绝群市阳确究久除闻答段官政类黄武七支费父统府\r\n-----第1段-余0字--t46","self_id":1061917110,"sender":{"age":3,"area":"","card":"【新人】随缘◆86","level":"Ｌv3","nickname":"尘封的记忆","role":"member","sex":"male","title":"","user_id":296769023},"sub_type":"normal","time":1582262371,"user_id":296769023}
[20-02-21 13:20:02] [PicqBotX] [DEBUG(java.lang.Thread.run:748)] 收到新请求: CQHttp/4.10.1
[20-02-21 13:20:02] [PicqBotX] [DEBUG(java.lang.Thread.run:748)] - 数据: {"anonymous":null,"font":44510384,"group_id":723795668,"message":"第999段 速度104.89 击键6.08 码长3.48 字数100 回改0 退格3 错字0 键数348 选重7 键准98.28% 打词率0.00% 输入法:魔鹤 个签:虽然你打字比我快，但是我比你帅啊！hah 长流v2.12 Windows 10版 校验码VTZJUR","message_id":3066,"message_type":"group","post_type":"message","raw_message":"第999段 速度104.89 击键6.08 码长3.48 字数100 回改0 退格3 错字0 键数348 选重7 键准98.28% 打词率0.00% 输入法:魔鹤 个签:虽然你打字比我快，但是我比你帅啊！hah 长流v2.12 Windows 10版 校验码VTZJUR","self_id":1061917110,"sender":{"age":21,"area":"","card":"榜眼","level":"中级","nickname":"咸德弹腾","role":"member","sex":"unknown","title":"","user_id":477691374},"sub_type":"normal","time":1582262395,"user_id":477691374}
[20-02-21 13:20:14] [PicqBotX] [DEBUG(java.lang.Thread.run:748)] 收到新请求: CQHttp/4.10.1
[20-02-21 13:20:14] [PicqBotX] [DEBUG(java.lang.Thread.run:748)] - 数据: {"anonymous":null,"font":44510320,"group_id":522394334,"message":"#发","message_id":3067,"message_type":"group","post_type":"message","raw_message":"#发","self_id":1061917110,"sender":{"age":8,"area":"广州","card":"谭宇-神键手","level":"小白","nickname":"0 4 . 2 2","role":"admin","sex":"unknown","title":"神键手","user_id":1061917196},"sub_type":"normal","time":1582262414,"user_id":1061917196}
[20-02-21 13:20:16] [PicqBotX] [DEBUG(java.lang.Thread.run:748)] 收到新请求: CQHttp/4.10.1
[20-02-21 13:20:16] [PicqBotX] [DEBUG(java.lang.Thread.run:748)] - 数据: {"anonymous":null,"font":44511024,"group_id":522394334,"message":"常用单字前五百\r\n界最心可官\r\n-----第20647段-乱序--c.fw.1.5","message_id":3068,"message_type":"group","post_type":"message","raw_message":"常用单字前五百\r\n界最心可官\r\n-----第20647段-乱序--c.fw.1.5","self_id":1061917110,"sender":{"age":6,"area":"北京","card":"","level":"小白","nickname":"小拆","role":"member","sex":"male","title":"","user_id":207938707},"sub_type":"normal","time":1582262416,"user_id":207938707}
[20-02-21 13:20:37] [PicqBotX] [DEBUG(java.lang.Thread.run:748)] 收到新请求: CQHttp/4.10.1
[20-02-21 13:20:37] [PicqBotX] [DEBUG(java.lang.Thread.run:748)] - 数据: {"anonymous":null,"font":44255784,"group_id":522394334,"message":"常用单字前五百\r\n存当东若让\r\n-----第20648段-乱序--c.fw.1.5","message_id":3070,"message_type":"group","post_type":"message","raw_message":"常用单字前五百\r\n存当东若让\r\n-----第20648段-乱序--c.fw.1.5","self_id":1061917110,"sender":{"age":6,"area":"北京","card":"","level":"小白","nickname":"小拆","role":"member","sex":"male","title":"","user_id":207938707},"sub_type":"normal","time":1582262437,"user_id":207938707}
