[20-02-21 13:16:34] [PicqBotX] [INFO] 
[20-02-21 13:16:34] [PicqBotX] [INFO]     ____  _            ____        __ _  __
[20-02-21 13:16:34] [PicqBotX] [INFO]    / __ \(_)________ _/ __ )____  / /| |/ /
[20-02-21 13:16:34] [PicqBotX] [INFO]   / /_/ / / ___/ __ `/ __  / __ \/ __/   /
[20-02-21 13:16:34] [PicqBotX] [INFO]  / ____/ / /__/ /_/ / /_/ / /_/ / /_/   |
[20-02-21 13:16:34] [PicqBotX] [INFO] /_/   /_/\___/\__, /_____/\____/\__/_/|_|
[20-02-21 13:16:34] [PicqBotX] [INFO]                 /_/         v4.10.1.928
[20-02-21 13:16:34] [PicqBotX] [INFO] 日志管理器     初始化完成 [******] ...(105.54 ms)
[20-02-21 13:16:34] [PicqBotX] [INFO] 缓存管理器     初始化完成 [******] ...(6.01 ms)
[20-02-21 13:16:34] [PicqBotX] [INFO] DEBUG设置     初始化完成 [******] ...(0.02 ms)
[20-02-21 13:16:34] [PicqBotX] [INFO] 事件管理器     初始化完成 [******] ...(90.48 ms)
[20-02-21 13:16:34] [PicqBotX] [INFO] 账号管理器     初始化完成 [******] ...(2.55 ms)
[20-02-21 13:16:34] [PicqBotX] [INFO] HTTP监听服务器 初始化完成 [******] ...(3.47 ms)
[20-02-21 13:16:37] [PicqBotX] [INFO] 指令管理器     初始化完成 [******] ...(4.96 ms)
[20-02-21 13:16:37] [PicqBotX] [INFO] 账号 Bot01:   版本验证完成!
[20-02-21 13:16:37] [PicqBotX] [INFO] 正在启动...
[20-02-21 13:16:40] [PicqBotX] [DEBUG(java.lang.Thread.run:748)] 收到新请求: CQHttp/4.10.1
[20-02-21 13:16:40] [PicqBotX] [DEBUG(java.lang.Thread.run:748)] - 数据: {"anonymous":null,"font":44511472,"group_id":41639633,"message":"你们怎么这么短","message_id":3051,"message_type":"group","post_type":"message","raw_message":"你们怎么这么短","self_id":1061917110,"sender":{"age":0,"area":"","card":"【八六】浩猪会打字","level":"键师","nickname":"小啊浩","role":"member","sex":"unknown","title":"会打字的猪","user_id":1648749633},"sub_type":"normal","time":1582262197,"user_id":1648749633}
[20-02-21 13:16:47] [PicqBotX] [DEBUG(java.lang.Thread.run:748)] 收到新请求: CQHttp/4.10.1
[20-02-21 13:16:47] [PicqBotX] [DEBUG(java.lang.Thread.run:748)] - 数据: {"anonymous":null,"font":46353888,"group_id":522394334,"message":"检测到有人发比赛认证段，自动关闭机器人的发文功能。","message_id":3050,"message_type":"group","post_type":"message","raw_message":"检测到有人发比赛认证段，自动关闭机器人的发文功能。","self_id":1061917110,"sender":{"age":6,"area":"北京","card":"","level":"小白","nickname":"小拆","role":"member","sex":"male","title":"","user_id":207938707},"sub_type":"normal","time":1582262197,"user_id":207938707}
[20-02-21 13:16:48] [PicqBotX] [DEBUG(java.lang.Thread.run:748)] 收到新请求: CQHttp/4.10.1
[20-02-21 13:16:48] [PicqBotX] [DEBUG(java.lang.Thread.run:748)] - 数据: {"anonymous":null,"font":82355448,"group_id":522394334,"message":"载文参赛","message_id":3052,"message_type":"group","post_type":"message","raw_message":"载文参赛","self_id":1061917110,"sender":{"age":28,"area":"江西","card":"随心-小鹤拼音","level":"了解群图书馆","nickname":"随心","role":"member","sex":"unknown","title":"","user_id":1101721752},"sub_type":"normal","time":1582262200,"user_id":1101721752}
[20-02-21 13:16:49] [PicqBotX] [DEBUG(java.lang.Thread.run:748)] 收到新请求: CQHttp/4.10.1
[20-02-21 13:16:49] [PicqBotX] [DEBUG(java.lang.Thread.run:748)] - 数据: {"anonymous":null,"font":82355736,"group_id":41639633,"message":"我好羡慕啊","message_id":3053,"message_type":"group","post_type":"message","raw_message":"我好羡慕啊","self_id":1061917110,"sender":{"age":0,"area":"","card":"【八六】浩猪会打字","level":"键师","nickname":"小啊浩","role":"member","sex":"unknown","title":"会打字的猪","user_id":1648749633},"sub_type":"normal","time":1582262204,"user_id":1648749633}
[20-02-21 13:16:49] [PicqBotX] [DEBUG(java.lang.Thread.run:748)] 收到新请求: CQHttp/4.10.1
[20-02-21 13:16:49] [PicqBotX] [DEBUG(java.lang.Thread.run:748)] - 数据: {"anonymous":null,"font":86179528,"group_id":522394334,"message":"999段","message_id":3054,"message_type":"group","post_type":"message","raw_message":"999段","self_id":1061917110,"sender":{"age":28,"area":"江西","card":"随心-小鹤拼音","level":"了解群图书馆","nickname":"随心","role":"member","sex":"unknown","title":"","user_id":1101721752},"sub_type":"normal","time":1582262206,"user_id":1101721752}
[20-02-21 13:17:14] [PicqBotX] [DEBUG(java.lang.Thread.run:748)] 收到新请求: CQHttp/4.10.1
[20-02-21 13:17:14] [PicqBotX] [DEBUG(java.lang.Thread.run:748)] - 数据: {"anonymous":null,"font":44141776,"group_id":522394334,"message":"手机可以吗？","message_id":3055,"message_type":"group","post_type":"message","raw_message":"手机可以吗？","self_id":1061917110,"sender":{"age":19,"area":"洛阳","card":"","level":"了解群图书馆","nickname":"抗梦北鼻","role":"member","sex":"unknown","title":"","user_id":1796949371},"sub_type":"normal","time":1582262234,"user_id":1796949371}
[20-02-21 13:17:23] [PicqBotX] [DEBUG(java.lang.Thread.run:748)] 收到新请求: CQHttp/4.10.1
[20-02-21 13:17:23] [PicqBotX] [DEBUG(java.lang.Thread.run:748)] - 数据: {"anonymous":null,"font":44141520,"group_id":41639633,"message":"真羡慕","message_id":3056,"message_type":"group","post_type":"message","raw_message":"真羡慕","self_id":1061917110,"sender":{"age":0,"area":"","card":"【全拼】狱长","level":"键宗","nickname":"59分小丑","role":"admin","sex":"unknown","title":"大混球","user_id":80640497},"sub_type":"normal","time":1582262243,"user_id":80640497}
[20-02-21 13:17:27] [PicqBotX] [DEBUG(java.lang.Thread.run:748)] 收到新请求: CQHttp/4.10.1
[20-02-21 13:17:27] [PicqBotX] [DEBUG(java.lang.Thread.run:748)] - 数据: {"anonymous":null,"font":44141424,"group_id":522394334,"message":"可以","message_id":3057,"message_type":"group","post_type":"message","raw_message":"可以","self_id":1061917110,"sender":{"age":0,"area":"阿拉伯联合酋长国","card":"俗人-小鹤双拼","level":"中级","nickname":"做个俗人","role":"member","sex":"unknown","title":"大佬等一会","user_id":1127998043},"sub_type":"normal","time":1582262247,"user_id":1127998043}
[20-02-21 13:17:28] [PicqBotX] [DEBUG(java.lang.Thread.run:748)] 收到新请求: CQHttp/4.10.1
[20-02-21 13:17:28] [PicqBotX] [DEBUG(java.lang.Thread.run:748)] - 数据: {"anonymous":null,"font":44141840,"group_id":41639633,"message":"又短又快","message_id":3058,"message_type":"group","post_type":"message","raw_message":"又短又快","self_id":1061917110,"sender":{"age":0,"area":"","card":"【全拼】狱长","level":"键宗","nickname":"59分小丑","role":"admin","sex":"unknown","title":"大混球","user_id":80640497},"sub_type":"normal","time":1582262248,"user_id":80640497}
[20-02-21 13:17:34] [PicqBotX] [DEBUG(java.lang.Thread.run:748)] 收到新请求: CQHttp/4.10.1
[20-02-21 13:17:34] [PicqBotX] [DEBUG(java.lang.Thread.run:748)] - 数据: {"anonymous":null,"font":44141456,"group_id":522394334,"message":"#发","message_id":3059,"message_type":"group","post_type":"message","raw_message":"#发","self_id":1061917110,"sender":{"age":8,"area":"广州","card":"谭宇-神键手","level":"小白","nickname":"0 4 . 2 2","role":"admin","sex":"unknown","title":"神键手","user_id":1061917196},"sub_type":"normal","time":1582262254,"user_id":1061917196}
[20-02-21 13:17:35] [PicqBotX] [DEBUG(java.lang.Thread.run:748)] 收到新请求: CQHttp/4.10.1
[20-02-21 13:17:35] [PicqBotX] [DEBUG(java.lang.Thread.run:748)] - 数据: {"anonymous":null,"font":44141648,"group_id":522394334,"message":"常用单字前五百\r\n头条办师取\r\n-----第20646段-乱序--c.fw.1.5","message_id":3060,"message_type":"group","post_type":"message","raw_message":"常用单字前五百\r\n头条办师取\r\n-----第20646段-乱序--c.fw.1.5","self_id":1061917110,"sender":{"age":6,"area":"北京","card":"","level":"小白","nickname":"小拆","role":"member","sex":"male","title":"","user_id":207938707},"sub_type":"normal","time":1582262255,"user_id":207938707}
[20-02-21 13:17:57] [PicqBotX] [DEBUG(java.lang.Thread.run:748)] 收到新请求: CQHttp/4.10.1
[20-02-21 13:17:57] [PicqBotX] [DEBUG(java.lang.Thread.run:748)] - 数据: {"anonymous":null,"font":77941072,"group_id":68947810,"message":"第999段 速度68.17 击键4.61 回改102(55.47s) 连改20/101/55.47s 退格2 回车0 键准89.76% 多余50/0.03% 码长4.06 选重2 错字0 字数424 键数1718 用时6:12.303 重打7 峰值74.57/4.90/3.64 打词0 回改率25.65% 停留&#91;。&#93;1.42 效率69% &#91;左538:502&#93; 起打于13:11:27 赛文验证:31827 校验:81796 t46.11","message_id":3061,"message_type":"group","post_type":"message","raw_message":"第999段 速度68.17 击键4.61 回改102(55.47s) 连改20/101/55.47s 退格2 回车0 键准89.76% 多余50/0.03% 码长4.06 选重2 错字0 字数424 键数1718 用时6:12.303 重打7 峰值74.57/4.90/3.64 打词0 回改率25.65% 停留&#91;。&#93;1.42 效率69% &#91;左538:502&#93; 起打于13:11:27 赛文验证:31827 校验:81796 t46.11","self_id":1061917110,"sender":{"age":3,"area":"","card":"【新人】随缘◆86","level":"Ｌv3","nickname":"尘封的记忆","role":"member","sex":"male","title":"","user_id":296769023},"sub_type":"normal","time":1582262257,"user_id":296769023}
