[20-02-04 15:04:22] [PicqBotX] [INFO] 
[20-02-04 15:04:22] [PicqBotX] [INFO]     ____  _            ____        __ _  __
[20-02-04 15:04:22] [PicqBotX] [INFO]    / __ \(_)________ _/ __ )____  / /| |/ /
[20-02-04 15:04:22] [PicqBotX] [INFO]   / /_/ / / ___/ __ `/ __  / __ \/ __/   /
[20-02-04 15:04:22] [PicqBotX] [INFO]  / ____/ / /__/ /_/ / /_/ / /_/ / /_/   |
[20-02-04 15:04:22] [PicqBotX] [INFO] /_/   /_/\___/\__, /_____/\____/\__/_/|_|
[20-02-04 15:04:22] [PicqBotX] [INFO]                 /_/         v4.10.1.928
[20-02-04 15:04:22] [PicqBotX] [INFO] 日志管理器     初始化完成 [******] ...(50.56 ms)
[20-02-04 15:04:22] [PicqBotX] [INFO] 缓存管理器     初始化完成 [******] ...(3.39 ms)
[20-02-04 15:04:22] [PicqBotX] [INFO] DEBUG设置     初始化完成 [******] ...(0.02 ms)
[20-02-04 15:04:22] [PicqBotX] [INFO] 事件管理器     初始化完成 [******] ...(56.05 ms)
[20-02-04 15:04:22] [PicqBotX] [INFO] 账号管理器     初始化完成 [******] ...(1.5 ms)
[20-02-04 15:04:22] [PicqBotX] [INFO] HTTP监听服务器 初始化完成 [******] ...(2.24 ms)
[20-02-04 15:04:24] [PicqBotX] [INFO] 指令管理器     初始化完成 [******] ...(4.96 ms)
[20-02-04 15:04:24] [PicqBotX] [INFO] 账号 Bot01:   版本验证完成!
[20-02-04 15:04:24] [PicqBotX] [INFO] 正在启动...
[20-02-04 15:04:28] [PicqBotX] [DEBUG(java.lang.Thread.run:748)] 收到新请求: CQHttp/4.10.1
[20-02-04 15:04:28] [PicqBotX] [DEBUG(java.lang.Thread.run:748)] - 数据: {"anonymous":null,"font":44990408,"group_id":974172771,"message":"#联赛成绩","message_id":1366,"message_type":"group","post_type":"message","raw_message":"#联赛成绩","self_id":1061917110,"sender":{"age":8,"area":"广州","card":"谭宇","level":"话唠","nickname":"0 4 . 2 2","role":"owner","sex":"unknown","title":"","user_id":1061917196},"sub_type":"normal","time":1580799868,"user_id":1061917196}
[20-02-04 15:04:37] [PicqBotX] [DEBUG(java.lang.Thread.run:748)] 收到新请求: CQHttp/4.10.1
[20-02-04 15:04:37] [PicqBotX] [DEBUG(java.lang.Thread.run:748)] - 数据: {"anonymous":null,"font":44990792,"group_id":41639633,"message":"我看m里有冂","message_id":1368,"message_type":"group","post_type":"message","raw_message":"我看m里有冂","self_id":1061917110,"sender":{"age":0,"area":"","card":"【全拼】路人甲","level":"键士","nickname":"Uaena","role":"member","sex":"unknown","title":"","user_id":1171329032},"sub_type":"normal","time":1580799877,"user_id":1171329032}
[20-02-04 15:04:43] [PicqBotX] [DEBUG(java.lang.Thread.run:748)] 收到新请求: CQHttp/4.10.1
[20-02-04 15:04:43] [PicqBotX] [DEBUG(java.lang.Thread.run:748)] - 数据: {"anonymous":null,"font":44990568,"group_id":974172771,"message":"[CQ:image,file=BDC4A0191B4F488D00F7BE00B6B8BA1D.png,url=https://gchat.qpic.cn/gchatpic_new/1061917196/974172771-2478865743-BDC4A0191B4F488D00F7BE00B6B8BA1D/0?term=2]","message_id":1369,"message_type":"group","post_type":"message","raw_message":"[CQ:image,file=BDC4A0191B4F488D00F7BE00B6B8BA1D.png]","self_id":1061917110,"sender":{"age":8,"area":"广州","card":"谭宇","level":"话唠","nickname":"0 4 . 2 2","role":"owner","sex":"unknown","title":"","user_id":1061917196},"sub_type":"normal","time":1580799883,"user_id":1061917196}
[20-02-04 15:04:50] [PicqBotX] [DEBUG(java.lang.Thread.run:748)] 收到新请求: CQHttp/4.10.1
[20-02-04 15:04:50] [PicqBotX] [DEBUG(java.lang.Thread.run:748)] - 数据: {"anonymous":null,"font":44990568,"group_id":974172771,"message":"真狗屎","message_id":1370,"message_type":"group","post_type":"message","raw_message":"真狗屎","self_id":1061917110,"sender":{"age":8,"area":"广州","card":"谭宇","level":"话唠","nickname":"0 4 . 2 2","role":"owner","sex":"unknown","title":"","user_id":1061917196},"sub_type":"normal","time":1580799890,"user_id":1061917196}
[20-02-04 15:04:58] [PicqBotX] [DEBUG(java.lang.Thread.run:748)] 收到新请求: CQHttp/4.10.1
[20-02-04 15:04:58] [PicqBotX] [DEBUG(java.lang.Thread.run:748)] - 数据: {"anonymous":null,"font":44990056,"group_id":522394334,"message":"[CQ:image,file=334F06DCD5BEE8DC0686D50AE4A61AFA.png,url=https://gchat.qpic.cn/gchatpic_new/412615370/522394334-2928644700-334F06DCD5BEE8DC0686D50AE4A61AFA/0?term=2]","message_id":1371,"message_type":"group","post_type":"message","raw_message":"[CQ:image,file=334F06DCD5BEE8DC0686D50AE4A61AFA.png]","self_id":1061917110,"sender":{"age":55,"area":"阿尔及利亚","card":"超菜美男子","level":"小白","nickname":"范爷","role":"owner","sex":"unknown","title":"菜鸡","user_id":412615370},"sub_type":"normal","time":1580799898,"user_id":412615370}
[20-02-04 15:05:00] [PicqBotX] [DEBUG(java.lang.Thread.run:748)] 收到新请求: CQHttp/4.10.1
[20-02-04 15:05:00] [PicqBotX] [DEBUG(java.lang.Thread.run:748)] - 数据: {"anonymous":null,"font":44990792,"group_id":12941287,"message":"第37494段 速度67.69 击键0.00 码长0.00 字数45 时间0:39 回改3 重打0 打词63.64% 峰值73.64 校检:db18f 极速云跟打","message_id":1372,"message_type":"group","post_type":"message","raw_message":"第37494段 速度67.69 击键0.00 码长0.00 字数45 时间0:39 回改3 重打0 打词63.64% 峰值73.64 校检:db18f 极速云跟打","self_id":1061917110,"sender":{"age":12,"area":"杭州","card":"/kl 世界5A级景区：岚之山","level":"魔","nickname":"oo0晖0o.","role":"owner","sex":"unknown","title":"","user_id":148253069},"sub_type":"normal","time":1580799900,"user_id":148253069}
[20-02-04 15:05:00] [PicqBotX] [DEBUG(java.lang.Thread.run:748)] 收到新请求: CQHttp/4.10.1
[20-02-04 15:05:00] [PicqBotX] [DEBUG(java.lang.Thread.run:748)] - 数据: {"anonymous":null,"font":44990280,"group_id":522394334,"message":"……","message_id":1373,"message_type":"group","post_type":"message","raw_message":"……","self_id":1061917110,"sender":{"age":55,"area":"阿尔及利亚","card":"超菜美男子","level":"小白","nickname":"范爷","role":"owner","sex":"unknown","title":"菜鸡","user_id":412615370},"sub_type":"normal","time":1580799900,"user_id":412615370}
[20-02-04 15:05:03] [PicqBotX] [DEBUG(java.lang.Thread.run:748)] 收到新请求: CQHttp/4.10.1
[20-02-04 15:05:03] [PicqBotX] [DEBUG(java.lang.Thread.run:748)] - 数据: {"anonymous":null,"font":44990632,"group_id":12941287,"message":"《中国人，你为什么不生气》龙应台\r\n所不能了解的是：中国人，你为什么不生气？包德甫的《苦海余生》英文原本中有一段他在台湾的经验\r\n-----第37495段-余1680字--c.fw.1.5","message_id":1374,"message_type":"group","post_type":"message","raw_message":"《中国人，你为什么不生气》龙应台\r\n所不能了解的是：中国人，你为什么不生气？包德甫的《苦海余生》英文原本中有一段他在台湾的经验\r\n-----第37495段-余1680字--c.fw.1.5","self_id":1061917110,"sender":{"age":6,"area":"北京","card":"/kl 小拆","level":"神","nickname":"小拆","role":"member","sex":"male","title":"","user_id":207938707},"sub_type":"normal","time":1580799903,"user_id":207938707}
[20-02-04 15:05:05] [PicqBotX] [DEBUG(java.lang.Thread.run:748)] 收到新请求: CQHttp/4.10.1
[20-02-04 15:05:05] [PicqBotX] [DEBUG(java.lang.Thread.run:748)] - 数据: {"anonymous":null,"font":44990056,"group_id":974172771,"message":"[CQ:face,id=178]","message_id":1375,"message_type":"group","post_type":"message","raw_message":"[CQ:face,id=178]","self_id":1061917110,"sender":{"age":0,"area":"长沙","card":"","level":"冒泡","nickname":"邦邦","role":"admin","sex":"unknown","title":"","user_id":1279547700},"sub_type":"normal","time":1580799905,"user_id":1279547700}
[20-02-04 15:05:12] [PicqBotX] [DEBUG(java.lang.Thread.run:748)] 收到新请求: CQHttp/4.10.1
[20-02-04 15:05:12] [PicqBotX] [DEBUG(java.lang.Thread.run:748)] - 数据: {"anonymous":null,"font":44990792,"group_id":522394334,"message":"#联赛成绩","message_id":1376,"message_type":"group","post_type":"message","raw_message":"#联赛成绩","self_id":1061917110,"sender":{"age":8,"area":"广州","card":"谭宇-神键手","level":"小白","nickname":"0 4 . 2 2","role":"admin","sex":"unknown","title":"神键手","user_id":1061917196},"sub_type":"normal","time":1580799912,"user_id":1061917196}
[20-02-04 15:05:14] [PicqBotX] [DEBUG(java.lang.Thread.run:748)] 收到新请求: CQHttp/4.10.1
[20-02-04 15:05:14] [PicqBotX] [DEBUG(java.lang.Thread.run:748)] - 数据: {"anonymous":null,"font":44990088,"group_id":41639633,"message":"还有用","message_id":1378,"message_type":"group","post_type":"message","raw_message":"还有用","self_id":1061917110,"sender":{"age":0,"area":"","card":"【全拼】路人甲","level":"键士","nickname":"Uaena","role":"member","sex":"unknown","title":"","user_id":1171329032},"sub_type":"normal","time":1580799914,"user_id":1171329032}
[20-02-04 15:05:23] [PicqBotX] [DEBUG(java.lang.Thread.run:748)] 收到新请求: CQHttp/4.10.1
