[20-02-05 16:42:50] [PicqBotX] [INFO] 
[20-02-05 16:42:50] [PicqBotX] [INFO]     ____  _            ____        __ _  __
[20-02-05 16:42:50] [PicqBotX] [INFO]    / __ \(_)________ _/ __ )____  / /| |/ /
[20-02-05 16:42:50] [PicqBotX] [INFO]   / /_/ / / ___/ __ `/ __  / __ \/ __/   /
[20-02-05 16:42:50] [PicqBotX] [INFO]  / ____/ / /__/ /_/ / /_/ / /_/ / /_/   |
[20-02-05 16:42:50] [PicqBotX] [INFO] /_/   /_/\___/\__, /_____/\____/\__/_/|_|
[20-02-05 16:42:50] [PicqBotX] [INFO]                 /_/         v4.10.1.928
[20-02-05 16:42:50] [PicqBotX] [INFO] 日志管理器     初始化完成 [******] ...(46.98 ms)
[20-02-05 16:42:50] [PicqBotX] [INFO] 缓存管理器     初始化完成 [******] ...(2.86 ms)
[20-02-05 16:42:50] [PicqBotX] [INFO] DEBUG设置     初始化完成 [******] ...(0.02 ms)
[20-02-05 16:42:51] [PicqBotX] [INFO] 事件管理器     初始化完成 [******] ...(51.53 ms)
[20-02-05 16:42:51] [PicqBotX] [INFO] 账号管理器     初始化完成 [******] ...(1.62 ms)
[20-02-05 16:42:51] [PicqBotX] [INFO] HTTP监听服务器 初始化完成 [******] ...(3.3 ms)
[20-02-05 16:42:53] [PicqBotX] [INFO] 指令管理器     初始化完成 [******] ...(6.13 ms)
[20-02-05 16:42:53] [PicqBotX] [INFO] 账号 Bot01:   版本验证完成!
[20-02-05 16:42:53] [PicqBotX] [INFO] 正在启动...
[20-02-05 16:42:56] [PicqBotX] [DEBUG(java.lang.Thread.run:748)] 收到新请求: CQHttp/4.10.1
[20-02-05 16:42:56] [PicqBotX] [DEBUG(java.lang.Thread.run:748)] - 数据: {"anonymous":null,"font":119577808,"group_id":522394334,"message":"？顾","message_id":2666,"message_type":"group","post_type":"message","raw_message":"？顾","self_id":1061917110,"sender":{"age":23,"area":"广州","card":"半凡~小鹤音形","level":"了解群图书馆","nickname":"半凡","role":"member","sex":"unknown","title":"","user_id":438399368},"sub_type":"normal","time":1580892176,"user_id":438399368}
[20-02-05 16:43:05] [PicqBotX] [DEBUG(java.lang.Thread.run:748)] 收到新请求: CQHttp/4.10.1
[20-02-05 16:43:05] [PicqBotX] [DEBUG(java.lang.Thread.run:748)] - 数据: {"anonymous":null,"font":6663648,"group_id":522394334,"message":"顾：　gui guir\r\n  拆分：　厂 フ フ 一 ノ 冂 人\r\n  首末：　厂 人\r\n  编码：　i  r\r\n  汉典：http://xhup.club/?nZ\r\n\r\n  更多功能，请回复「？帮助」","message_id":2667,"message_type":"group","post_type":"message","raw_message":"顾：　gui guir\r\n  拆分：　厂 フ フ 一 ノ 冂 人\r\n  首末：　厂 人\r\n  编码：　i  r\r\n  汉典：http://xhup.club/?nZ\r\n\r\n  更多功能，请回复「？帮助」","self_id":1061917110,"sender":{"age":2,"area":"","card":"拆小鹤","level":"小白","nickname":"拆小鹤","role":"member","sex":"male","title":"","user_id":428826691},"sub_type":"normal","time":1580892176,"user_id":428826691}
[20-02-05 16:43:05] [PicqBotX] [DEBUG(java.lang.Thread.run:748)] 收到新请求: CQHttp/4.10.1
[20-02-05 16:43:05] [PicqBotX] [DEBUG(java.lang.Thread.run:748)] - 数据: {"anonymous":null,"font":6242168,"group_id":522394334,"message":"#联赛首打","message_id":2668,"message_type":"group","post_type":"message","raw_message":"#联赛首打","self_id":1061917110,"sender":{"age":8,"area":"广州","card":"谭宇-神键手","level":"小白","nickname":"0 4 . 2 2","role":"admin","sex":"unknown","title":"神键手","user_id":1061917196},"sub_type":"normal","time":1580892180,"user_id":1061917196}
[20-02-05 16:43:09] [PicqBotX] [DEBUG(java.lang.Thread.run:748)] 收到新请求: CQHttp/4.10.1
[20-02-05 16:43:09] [PicqBotX] [DEBUG(java.lang.Thread.run:748)] - 数据: {"anonymous":null,"font":98705736,"group_id":522394334,"message":"第5937段 速度48.50/101.54 击键5.68 码长3.36 键准98.94% 回改0 回车0 退格2 错字1 错情：&#91;”√ “×&#93; 字数113 停留&#91;旁&#93;2.52s &#91;左144:133&#93; 键数376 用时1:06.183 打词1 &#91;看打版&#93; 校验:81963 &#91;错1罚5&#93;","message_id":2669,"message_type":"group","post_type":"message","raw_message":"第5937段 速度48.50/101.54 击键5.68 码长3.36 键准98.94% 回改0 回车0 退格2 错字1 错情：&#91;”√ “×&#93; 字数113 停留&#91;旁&#93;2.52s &#91;左144:133&#93; 键数376 用时1:06.183 打词1 &#91;看打版&#93; 校验:81963 &#91;错1罚5&#93;","self_id":1061917110,"sender":{"age":0,"area":"","card":"渣-地郑","level":"在看群文件中","nickname":"写bug的人","role":"member","sex":"unknown","title":"","user_id":877868690},"sub_type":"normal","time":1580892182,"user_id":877868690}
[20-02-05 16:43:09] [PicqBotX] [DEBUG(java.lang.Thread.run:748)] 收到新请求: CQHttp/4.10.1
[20-02-05 16:43:09] [PicqBotX] [DEBUG(java.lang.Thread.run:748)] - 数据: {"anonymous":null,"font":98707408,"group_id":522394334,"message":"庆余年:\r\n柔嘉郡主甜甜一笑说道：“若若姐姐，你怎么不来看这些才子诗作？”诸女议论之时，范若若早听在耳里，知道兄长在湖那面受辱，她从栏边回头，平静的眸子里其实隐藏着一丝怒意，冷冷道：“这些人也会写诗？”诸女虽然一向知道范家小姐精通诗文之道，\r\n-----第5940段-余3324719字--t46","message_id":2671,"message_type":"group","post_type":"message","raw_message":"庆余年:\r\n柔嘉郡主甜甜一笑说道：“若若姐姐，你怎么不来看这些才子诗作？”诸女议论之时，范若若早听在耳里，知道兄长在湖那面受辱，她从栏边回头，平静的眸子里其实隐藏着一丝怒意，冷冷道：“这些人也会写诗？”诸女虽然一向知道范家小姐精通诗文之道，\r\n-----第5940段-余3324719字--t46","self_id":1061917110,"sender":{"age":0,"area":"","card":"一谦四益-极点五笔","level":"中级","nickname":"宁静而致远…","role":"member","sex":"unknown","title":"","user_id":571681690},"sub_type":"normal","time":1580892183,"user_id":571681690}
[20-02-05 16:43:09] [PicqBotX] [DEBUG(java.lang.Thread.run:748)] 收到新请求: CQHttp/4.10.1
[20-02-05 16:43:09] [PicqBotX] [DEBUG(java.lang.Thread.run:748)] - 数据: {"anonymous":null,"font":97466568,"group_id":522394334,"message":"第5939段 速度99.91 击键4.95 码长2.97 回改11(4.23s) 连改3 退格6 停留&#91;枪&#93;2.86s 效率102% &#91;左117:89&#93; 输入法:极点五笔 校验:02926 个签:——学如逆水行舟，不进则退。 t46.15","message_id":2672,"message_type":"group","post_type":"message","raw_message":"第5939段 速度99.91 击键4.95 码长2.97 回改11(4.23s) 连改3 退格6 停留&#91;枪&#93;2.86s 效率102% &#91;左117:89&#93; 输入法:极点五笔 校验:02926 个签:——学如逆水行舟，不进则退。 t46.15","self_id":1061917110,"sender":{"age":0,"area":"","card":"一谦四益-极点五笔","level":"中级","nickname":"宁静而致远…","role":"member","sex":"unknown","title":"","user_id":571681690},"sub_type":"normal","time":1580892183,"user_id":571681690}
[20-02-05 16:43:09] [PicqBotX] [DEBUG(java.lang.Thread.run:748)] 收到新请求: CQHttp/4.10.1
[20-02-05 16:43:09] [PicqBotX] [DEBUG(java.lang.Thread.run:748)] - 数据: {"anonymous":null,"font":43956160,"group_id":522394334,"message":"怎么就十九大了","message_id":2673,"message_type":"group","post_type":"message","raw_message":"怎么就十九大了","self_id":1061917110,"sender":{"age":27,"area":"北京","card":"浪子-小狼毫","level":"了解群图文件","nickname":"孤独患者","role":"member","sex":"unknown","title":"","user_id":1447316870},"sub_type":"normal","time":1580892185,"user_id":1447316870}
[20-02-05 16:43:11] [PicqBotX] [DEBUG(java.lang.Thread.run:748)] 收到新请求: CQHttp/4.10.1
[20-02-05 16:43:11] [PicqBotX] [DEBUG(java.lang.Thread.run:748)] - 数据: {"anonymous":null,"font":97466344,"group_id":522394334,"message":"#联赛首打","message_id":2675,"message_type":"group","post_type":"message","raw_message":"#联赛首打","self_id":1061917110,"sender":{"age":8,"area":"广州","card":"谭宇-神键手","level":"小白","nickname":"0 4 . 2 2","role":"admin","sex":"unknown","title":"神键手","user_id":1061917196},"sub_type":"normal","time":1580892191,"user_id":1061917196}
[20-02-05 16:43:15] [PicqBotX] [DEBUG(java.lang.Thread.run:748)] 收到新请求: CQHttp/4.10.1
[20-02-05 16:43:15] [PicqBotX] [DEBUG(java.lang.Thread.run:748)] - 数据: {"anonymous":null,"font":97466440,"group_id":522394334,"message":"[CQ:image,file=5B3E0EF9E5BA66CE7CDCE0A5C6C9F179.png,url=https://gchat.qpic.cn/gchatpic_new/1015609771/522394334-2513292335-5B3E0EF9E5BA66CE7CDCE0A5C6C9F179/0?term=2]","message_id":2677,"message_type":"group","post_type":"message","raw_message":"[CQ:image,file=5B3E0EF9E5BA66CE7CDCE0A5C6C9F179.png]","self_id":1061917110,"sender":{"age":23,"area":"湛江","card":"魔方-鹤形630v1.8","level":"入门","nickname":"谁动了我的魔方","role":"admin","sex":"unknown","title":"新人守门员","user_id":1015609771},"sub_type":"normal","time":1580892195,"user_id":1015609771}
[20-02-05 16:43:18] [PicqBotX] [DEBUG(java.lang.Thread.run:748)] 收到新请求: CQHttp/4.10.1
[20-02-05 16:43:18] [PicqBotX] [DEBUG(java.lang.Thread.run:748)] - 数据: {"anonymous":null,"font":97466632,"group_id":522394334,"message":"OK","message_id":2678,"message_type":"group","post_type":"message","raw_message":"OK","self_id":1061917110,"sender":{"age":8,"area":"广州","card":"谭宇-神键手","level":"小白","nickname":"0 4 . 2 2","role":"admin","sex":"unknown","title":"神键手","user_id":1061917196},"sub_type":"normal","time":1580892198,"user_id":1061917196}
