[20-02-04 14:43:40] [PicqBotX] [INFO] 
[20-02-04 14:43:40] [PicqBotX] [INFO]     ____  _            ____        __ _  __
[20-02-04 14:43:40] [PicqBotX] [INFO]    / __ \(_)________ _/ __ )____  / /| |/ /
[20-02-04 14:43:40] [PicqBotX] [INFO]   / /_/ / / ___/ __ `/ __  / __ \/ __/   /
[20-02-04 14:43:40] [PicqBotX] [INFO]  / ____/ / /__/ /_/ / /_/ / /_/ / /_/   |
[20-02-04 14:43:40] [PicqBotX] [INFO] /_/   /_/\___/\__, /_____/\____/\__/_/|_|
[20-02-04 14:43:40] [PicqBotX] [INFO]                 /_/         v4.10.1.928
[20-02-04 14:43:40] [PicqBotX] [INFO] 日志管理器     初始化完成 [******] ...(53.41 ms)
[20-02-04 14:43:40] [PicqBotX] [INFO] 缓存管理器     初始化完成 [******] ...(2.94 ms)
[20-02-04 14:43:40] [PicqBotX] [INFO] DEBUG设置     初始化完成 [******] ...(0.03 ms)
[20-02-04 14:43:40] [PicqBotX] [INFO] 事件管理器     初始化完成 [******] ...(44.64 ms)
[20-02-04 14:43:40] [PicqBotX] [INFO] 账号管理器     初始化完成 [******] ...(1.61 ms)
[20-02-04 14:43:40] [PicqBotX] [INFO] HTTP监听服务器 初始化完成 [******] ...(2.04 ms)
[20-02-04 14:43:42] [PicqBotX] [INFO] 指令管理器     初始化完成 [******] ...(3.63 ms)
[20-02-04 14:43:42] [PicqBotX] [INFO] 账号 Bot01:   版本验证完成!
[20-02-04 14:43:42] [PicqBotX] [INFO] 正在启动...
[20-02-04 14:43:43] [PicqBotX] [DEBUG(java.lang.Thread.run:748)] 收到新请求: CQHttp/4.10.1
[20-02-04 14:43:43] [PicqBotX] [DEBUG(java.lang.Thread.run:748)] - 数据: {"anonymous":null,"font":81592808,"group_id":974172771,"message":"[CQ:face,id=182]","message_id":1212,"message_type":"group","post_type":"message","raw_message":"[CQ:face,id=182]","self_id":1061917110,"sender":{"age":0,"area":"长沙","card":"","level":"冒泡","nickname":"邦邦","role":"admin","sex":"unknown","title":"","user_id":1279547700},"sub_type":"normal","time":1580798622,"user_id":1279547700}
[20-02-04 14:43:50] [PicqBotX] [DEBUG(java.lang.Thread.run:748)] 收到新请求: CQHttp/4.10.1
[20-02-04 14:43:50] [PicqBotX] [DEBUG(java.lang.Thread.run:748)] - 数据: {"anonymous":null,"font":81593160,"group_id":522394334,"message":"还好吧，","message_id":1213,"message_type":"group","post_type":"message","raw_message":"还好吧，","self_id":1061917110,"sender":{"age":0,"area":"","card":"一谦四益-QQ五笔","level":"中级","nickname":"宁静而致远…","role":"member","sex":"unknown","title":"","user_id":571681690},"sub_type":"normal","time":1580798630,"user_id":571681690}
[20-02-04 14:43:53] [PicqBotX] [DEBUG(java.lang.Thread.run:748)] 收到新请求: CQHttp/4.10.1
[20-02-04 14:43:53] [PicqBotX] [DEBUG(java.lang.Thread.run:748)] - 数据: {"anonymous":null,"font":81591976,"group_id":522394334,"message":"单字最舒服","message_id":1214,"message_type":"group","post_type":"message","raw_message":"单字最舒服","self_id":1061917110,"sender":{"age":0,"area":"","card":"一谦四益-QQ五笔","level":"中级","nickname":"宁静而致远…","role":"member","sex":"unknown","title":"","user_id":571681690},"sub_type":"normal","time":1580798633,"user_id":571681690}
[20-02-04 14:43:54] [PicqBotX] [DEBUG(java.lang.Thread.run:748)] 收到新请求: CQHttp/4.10.1
[20-02-04 14:43:54] [PicqBotX] [DEBUG(java.lang.Thread.run:748)] - 数据: {"anonymous":null,"font":81592232,"group_id":26053477,"message":"#赛文","message_id":1215,"message_type":"group","post_type":"message","raw_message":"#赛文","self_id":1061917110,"sender":{"age":0,"area":"","card":"【上海】♂沉石","level":"熟手","nickname":"沉石","role":"member","sex":"unknown","title":"","user_id":1157477506},"sub_type":"normal","time":1580798634,"user_id":1157477506}
[20-02-04 14:43:55] [PicqBotX] [DEBUG(java.lang.Thread.run:748)] 收到新请求: CQHttp/4.10.1
[20-02-04 14:43:55] [PicqBotX] [DEBUG(java.lang.Thread.run:748)] - 数据: {"anonymous":null,"font":81591560,"group_id":26053477,"message":"五林风今日赛文《横店影视城》第1369期-自由的飘制作\r\n横店影视城，是集影视、旅游、度假、休闲、观光为一体的大型综合性旅游区，以其厚重的文化底蕴和独特的历史场景而被评为国家AAAAA级旅游景区。1996年，为配合著名导演谢晋拍摄历史巨片《鸦片战争》而建，并对社会正式开放。横店影视城位于浙江省金华市东阳市横店镇，处于江、浙、沪、闽、赣四小时交通旅游经济圈内。自1996年以来，横店集团累计投入30个亿资金兴建广州街·香港街、明清宫苑、秦王宫、清明上河图、华夏文化园、明清民居博览城、梦幻谷、屏岩洞府、大智禅寺、红军长征博览城、春秋·唐园、圆明新园等13个跨越几千年历史时空、汇聚南北地域特色的影视拍摄基地和两座超大型的现代化摄影棚。横店影视城已成为全球规模最大的影视拍摄基地，中国唯一的“国家级影视产业实验区”，被美国《好莱坞》杂志称为中国好莱坞。\r\n-----第999段-1200S-346Z-3L-576bdac5V--c.sw.1.1","message_id":1216,"message_type":"group","post_type":"message","raw_message":"五林风今日赛文《横店影视城》第1369期-自由的飘制作\r\n横店影视城，是集影视、旅游、度假、休闲、观光为一体的大型综合性旅游区，以其厚重的文化底蕴和独特的历史场景而被评为国家AAAAA级旅游景区。1996年，为配合著名导演谢晋拍摄历史巨片《鸦片战争》而建，并对社会正式开放。横店影视城位于浙江省金华市东阳市横店镇，处于江、浙、沪、闽、赣四小时交通旅游经济圈内。自1996年以来，横店集团累计投入30个亿资金兴建广州街·香港街、明清宫苑、秦王宫、清明上河图、华夏文化园、明清民居博览城、梦幻谷、屏岩洞府、大智禅寺、红军长征博览城、春秋·唐园、圆明新园等13个跨越几千年历史时空、汇聚南北地域特色的影视拍摄基地和两座超大型的现代化摄影棚。横店影视城已成为全球规模最大的影视拍摄基地，中国唯一的“国家级影视产业实验区”，被美国《好莱坞》杂志称为中国好莱坞。\r\n-----第999段-1200S-346Z-3L-576bdac5V--c.sw.1.1","self_id":1061917110,"sender":{"age":6,"area":"北京","card":"【北京】♀小拆","level":"圣手","nickname":"小拆","role":"admin","sex":"male","title":"","user_id":207938707},"sub_type":"normal","time":1580798635,"user_id":207938707}
[20-02-04 14:44:10] [PicqBotX] [DEBUG(java.lang.Thread.run:748)] 收到新请求: CQHttp/4.10.1
[20-02-04 14:44:10] [PicqBotX] [DEBUG(java.lang.Thread.run:748)] - 数据: {"anonymous":null,"font":81592744,"group_id":522394334,"message":"再来一遍","message_id":1217,"message_type":"group","post_type":"message","raw_message":"再来一遍","self_id":1061917110,"sender":{"age":0,"area":"","card":"一谦四益-QQ五笔","level":"中级","nickname":"宁静而致远…","role":"member","sex":"unknown","title":"","user_id":571681690},"sub_type":"normal","time":1580798650,"user_id":571681690}
[20-02-04 14:44:49] [PicqBotX] [DEBUG(java.lang.Thread.run:748)] 收到新请求: CQHttp/4.10.1
[20-02-04 14:44:49] [PicqBotX] [DEBUG(java.lang.Thread.run:748)] - 数据: {"anonymous":null,"font":81592616,"group_id":41639633,"message":"第999段 速度171.06 击键5.99 回改10(3.39s) 连改2 退格12 回车0 键准95.24% 码长2.10 选重19 错字0 字数423 键数883 用时2:27.321 重打10 峰值215.13/6.69/1.56 打词0 回改率6.19% 停留&#91;管理者&#93;1.96s 效率169% &#91;左355:299&#93; 输入法:小狼毫 起打于14:42:25 赛文验证:00420 校验:94865 个签:完美主义者都该死 暂停1次 t46.15","message_id":1218,"message_type":"group","post_type":"message","raw_message":"第999段 速度171.06 击键5.99 回改10(3.39s) 连改2 退格12 回车0 键准95.24% 码长2.10 选重19 错字0 字数423 键数883 用时2:27.321 重打10 峰值215.13/6.69/1.56 打词0 回改率6.19% 停留&#91;管理者&#93;1.96s 效率169% &#91;左355:299&#93; 输入法:小狼毫 起打于14:42:25 赛文验证:00420 校验:94865 个签:完美主义者都该死 暂停1次 t46.15","self_id":1061917110,"sender":{"age":27,"area":"北京","card":"【八六】浪子","level":"键师","nickname":"孤独患者","role":"member","sex":"unknown","title":"","user_id":1447316870},"sub_type":"normal","time":1580798689,"user_id":1447316870}
[20-02-04 14:45:07] [PicqBotX] [DEBUG(java.lang.Thread.run:748)] 收到新请求: CQHttp/4.10.1
[20-02-04 14:45:07] [PicqBotX] [DEBUG(java.lang.Thread.run:748)] - 数据: {"anonymous":null,"font":81592840,"group_id":12941287,"message":"第999段 速度172.20 击键7.57 回改19(6.37s) 连改4 退格3 回车13 键准94.33% 码长2.64 选重32 错字0 字数516 键数1358 用时2:59.443 峰值256.82/11.04/2.21 打词0 回改率3.42% 停留&#91;办法&#93;1.78s 效率120% &#91;左539:388&#93; 起打于14:42:05 赛文验证:37009 校验:23539 t46.15 *","message_id":1219,"message_type":"group","post_type":"message","raw_message":"第999段 速度172.20 击键7.57 回改19(6.37s) 连改4 退格3 回车13 键准94.33% 码长2.64 选重32 错字0 字数516 键数1358 用时2:59.443 峰值256.82/11.04/2.21 打词0 回改率3.42% 停留&#91;办法&#93;1.78s 效率120% &#91;左539:388&#93; 起打于14:42:05 赛文验证:37009 校验:23539 t46.15 *","self_id":1061917110,"sender":{"age":24,"area":"泉州","card":"/kl 衰仔","level":"仙","nickname":"样衰","role":"admin","sex":"unknown","title":"","user_id":1490987944},"sub_type":"normal","time":1580798707,"user_id":1490987944}
[20-02-04 14:46:03] [PicqBotX] [DEBUG(java.lang.Thread.run:748)] 收到新请求: CQHttp/4.10.1
[20-02-04 14:46:03] [PicqBotX] [DEBUG(java.lang.Thread.run:748)] - 数据: {"anonymous":null,"font":81592808,"group_id":120136887,"message":"[CQ:image,file=53938A78680AE433D0534117FB752848.jpg,url=https://gchat.qpic.cn/gchatpic_new/2099428567/2063136887-2152105274-53938A78680AE433D0534117FB752848/0?term=2]","message_id":1220,"message_type":"group","post_type":"message","raw_message":"[CQ:image,file=53938A78680AE433D0534117FB752848.jpg]","self_id":1061917110,"sender":{"age":21,"area":"广州","card":"我係这条街最靓嘅仔","level":"大侠","nickname":"幼稚","role":"member","sex":"unknown","title":"","user_id":2099428567},"sub_type":"normal","time":1580798763,"user_id":2099428567}
[20-02-04 14:46:04] [PicqBotX] [DEBUG(java.lang.Thread.run:748)] 收到新请求: CQHttp/4.10.1
[20-02-04 14:46:04] [PicqBotX] [DEBUG(java.lang.Thread.run:748)] - 数据: {"anonymous":null,"font":81592616,"group_id":26053477,"message":"第999段 速度183.16 击键6.91 码长2.26 字数346 时间01:52.69 回改6 退格5 键数779 峰值213.15/8.76/1.78 校检:30c1f 极速跟打器v1.48","message_id":1221,"message_type":"group","post_type":"message","raw_message":"第999段 速度183.16 击键6.91 码长2.26 字数346 时间01:52.69 回改6 退格5 键数779 峰值213.15/8.76/1.78 校检:30c1f 极速跟打器v1.48","self_id":1061917110,"sender":{"age":0,"area":"","card":"【上海】♂沉石","level":"熟手","nickname":"沉石","role":"member","sex":"unknown","title":"","user_id":1157477506},"sub_type":"normal","time":1580798764,"user_id":1157477506}
[20-02-04 14:46:07] [PicqBotX] [DEBUG(java.lang.Thread.run:748)] 收到新请求: CQHttp/4.10.1
[20-02-04 14:46:07] [PicqBotX] [DEBUG(java.lang.Thread.run:748)] - 数据: {"anonymous":null,"font":81592776,"group_id":26053477,"message":"检测到有人发比赛认证段，自动关闭机器人的发文功能。","message_id":1223,"message_type":"group","post_type":"message","raw_message":"检测到有人发比赛认证段，自动关闭机器人的发文功能。","self_id":1061917110,"sender":{"age":6,"area":"北京","card":"【北京】♀小拆","level":"圣手","nickname":"小拆","role":"admin","sex":"male","title":"","user_id":207938707},"sub_type":"normal","time":1580798766,"user_id":207938707}
[20-02-04 14:46:15] [PicqBotX] [DEBUG(java.lang.Thread.run:748)] 收到新请求: CQHttp/4.10.1
[20-02-04 14:46:15] [PicqBotX] [DEBUG(java.lang.Thread.run:748)] - 数据: {"anonymous":null,"font":81593064,"group_id":723795668,"message":"？疫","message_id":1224,"message_type":"group","post_type":"message","raw_message":"？疫","self_id":1061917110,"sender":{"age":0,"area":"","card":"","level":"特级大师","nickname":"离线中…","role":"member","sex":"unknown","title":"","user_id":810388977},"sub_type":"normal","time":1580798775,"user_id":810388977}
[20-02-04 14:46:17] [PicqBotX] [DEBUG(java.lang.Thread.run:748)] 收到新请求: CQHttp/4.10.1
[20-02-04 14:46:17] [PicqBotX] [DEBUG(java.lang.Thread.run:748)] - 数据: {"anonymous":null,"font":81593320,"group_id":723795668,"message":"疫：　yiby\r\n  拆分：　疒 几 又\r\n  首末：　疒 又\r\n  编码：　b  y\r\n  汉典：http://xhup.club/?vl\r\n\r\n  更多功能，请回复「？帮助」","message_id":1225,"message_type":"group","post_type":"message","raw_message":"疫：　yiby\r\n  拆分：　疒 几 又\r\n  首末：　疒 又\r\n  编码：　b  y\r\n  汉典：http://xhup.club/?vl\r\n\r\n  更多功能，请回复「？帮助」","self_id":1061917110,"sender":{"age":2,"area":"","card":"拆小鹤","level":"小白","nickname":"拆小鹤","role":"member","sex":"male","title":"","user_id":428826691},"sub_type":"normal","time":1580798775,"user_id":428826691}
[20-02-04 14:47:01] [PicqBotX] [DEBUG(java.lang.Thread.run:748)] 收到新请求: CQHttp/4.10.1
[20-02-04 14:47:01] [PicqBotX] [DEBUG(java.lang.Thread.run:748)] - 数据: {"anonymous":null,"font":81593096,"group_id":723795668,"message":"不见靓仔。。。","message_id":1227,"message_type":"group","post_type":"message","raw_message":"不见靓仔。。。","self_id":1061917110,"sender":{"age":0,"area":"","card":"形意检字法","level":"中级","nickname":"更上一层楼","role":"member","sex":"unknown","title":"","user_id":472980590},"sub_type":"normal","time":1580798821,"user_id":472980590}
[20-02-04 14:47:15] [PicqBotX] [DEBUG(java.lang.Thread.run:748)] 收到新请求: CQHttp/4.10.1
[20-02-04 14:47:15] [PicqBotX] [DEBUG(java.lang.Thread.run:748)] - 数据: {"anonymous":null,"font":81593288,"group_id":28534214,"message":"#赛文","message_id":1228,"message_type":"group","post_type":"message","raw_message":"#赛文","self_id":1061917110,"sender":{"age":24,"area":"泉州","card":"「福建」衰仔","level":"梦幻键神","nickname":"样衰","role":"admin","sex":"unknown","title":"","user_id":1490987944},"sub_type":"normal","time":1580798835,"user_id":1490987944}
[20-02-04 14:47:16] [PicqBotX] [DEBUG(java.lang.Thread.run:748)] 收到新请求: CQHttp/4.10.1
[20-02-04 14:47:16] [PicqBotX] [DEBUG(java.lang.Thread.run:748)] - 数据: {"anonymous":null,"font":81593032,"group_id":28534214,"message":"《草木山河》群星的呼喊（2）第2020384期-子衡制作\r\n听巴赫和莫扎特的音乐，似乎连铺垫也没有。我常想说巴赫的音乐没开头，劈面就是剥开的橘子瓣的脉络。但巴赫每首乐曲的开头，不是开头又是什么呢？这么一问，又把我问住了。但这种开头不是起承转合的起，是太极拳一般、云朵般连绵的意的截面。高级的艺术品首尾相连，像匈奴人崇拜的头尾相连的团形豹。虫鸣也没有开头，谁也不知道夜里是哪只小虫发出第一声鸣唱。它们的鸣唱织体晶莹，比星星散落得更远，好像流星们相互呼喊。我觉得流星那么突然地栽到一个地方，一定会传来呼救声，只是声音要经过亿万年才传到我们N辈孙子们的耳边。那我们为什么听不到亿万年之前流星的尖叫呢？可能人的生命太短，连一声流星声还没听到就过去了。这样，刚好可以把虫鸣当作群星（含流星）的呼喊。箕坐山野，闭上眼睛听虫的鸣唱，感觉虫鸣如电脉冲在示波仪里长短窜动，如同大地的心电图，又像草芽从土里钻出，还像一张大网把夜罩住，虫子从网里往外钻。睁开眼，四野空旷，平安无事，而三野则是华野的别称。夜晚，天像玻璃碗一样空灵盈余，大地的绚烂全被黑暗收藏，唯一收不走的是这些晶莹的虫鸣，它们让大地铺满了钻石，天亮时跟露水一起消失。\r\n-----第999段-1200S-475Z-3L-7f72842eV--c.sw.1.1\r\n本文由 散文 组成","message_id":1229,"message_type":"group","post_type":"message","raw_message":"《草木山河》群星的呼喊（2）第2020384期-子衡制作\r\n听巴赫和莫扎特的音乐，似乎连铺垫也没有。我常想说巴赫的音乐没开头，劈面就是剥开的橘子瓣的脉络。但巴赫每首乐曲的开头，不是开头又是什么呢？这么一问，又把我问住了。但这种开头不是起承转合的起，是太极拳一般、云朵般连绵的意的截面。高级的艺术品首尾相连，像匈奴人崇拜的头尾相连的团形豹。虫鸣也没有开头，谁也不知道夜里是哪只小虫发出第一声鸣唱。它们的鸣唱织体晶莹，比星星散落得更远，好像流星们相互呼喊。我觉得流星那么突然地栽到一个地方，一定会传来呼救声，只是声音要经过亿万年才传到我们N辈孙子们的耳边。那我们为什么听不到亿万年之前流星的尖叫呢？可能人的生命太短，连一声流星声还没听到就过去了。这样，刚好可以把虫鸣当作群星（含流星）的呼喊。箕坐山野，闭上眼睛听虫的鸣唱，感觉虫鸣如电脉冲在示波仪里长短窜动，如同大地的心电图，又像草芽从土里钻出，还像一张大网把夜罩住，虫子从网里往外钻。睁开眼，四野空旷，平安无事，而三野则是华野的别称。夜晚，天像玻璃碗一样空灵盈余，大地的绚烂全被黑暗收藏，唯一收不走的是这些晶莹的虫鸣，它们让大地铺满了钻石，天亮时跟露水一起消失。\r\n-----第999段-1200S-475Z-3L-7f72842eV--c.sw.1.1\r\n本文由 散文 组成","self_id":1061917110,"sender":{"age":6,"area":"北京","card":"「云端」拆狐","level":"梦幻键神","nickname":"小拆","role":"member","sex":"male","title":"","user_id":207938707},"sub_type":"normal","time":1580798836,"user_id":207938707}
[20-02-04 14:47:30] [PicqBotX] [DEBUG(java.lang.Thread.run:748)] 收到新请求: CQHttp/4.10.1
[20-02-04 14:47:30] [PicqBotX] [DEBUG(java.lang.Thread.run:748)] - 数据: {"anonymous":null,"font":81592968,"group_id":26053477,"message":"第16701段 速度28.99 回改10 错字0 击键2.32 码长4.81 单字105% 重打1次80字 标记关 防伪46 峰值60.00/3.78/1.00 QQ09+ 搜狗五笔 201314","message_id":1230,"message_type":"group","post_type":"message","raw_message":"第16701段 速度28.99 回改10 错字0 击键2.32 码长4.81 单字105% 重打1次80字 标记关 防伪46 峰值60.00/3.78/1.00 QQ09+ 搜狗五笔 201314","self_id":1061917110,"sender":{"age":21,"area":"","card":"【辽宁】♂溪水","level":"高手","nickname":"溪水","role":"member","sex":"male","title":"","user_id":2595885203},"sub_type":"normal","time":1580798850,"user_id":2595885203}
[20-02-04 14:48:02] [PicqBotX] [DEBUG(java.lang.Thread.run:748)] 收到新请求: CQHttp/4.10.1
