[20-02-05 16:38:33] [PicqBotX] [INFO] 
[20-02-05 16:38:33] [PicqBotX] [INFO]     ____  _            ____        __ _  __
[20-02-05 16:38:33] [PicqBotX] [INFO]    / __ \(_)________ _/ __ )____  / /| |/ /
[20-02-05 16:38:33] [PicqBotX] [INFO]   / /_/ / / ___/ __ `/ __  / __ \/ __/   /
[20-02-05 16:38:33] [PicqBotX] [INFO]  / ____/ / /__/ /_/ / /_/ / /_/ / /_/   |
[20-02-05 16:38:33] [PicqBotX] [INFO] /_/   /_/\___/\__, /_____/\____/\__/_/|_|
[20-02-05 16:38:33] [PicqBotX] [INFO]                 /_/         v4.10.1.928
[20-02-05 16:38:33] [PicqBotX] [INFO] 日志管理器     初始化完成 [******] ...(66.38 ms)
[20-02-05 16:38:33] [PicqBotX] [INFO] 缓存管理器     初始化完成 [******] ...(3.33 ms)
[20-02-05 16:38:33] [PicqBotX] [INFO] DEBUG设置     初始化完成 [******] ...(0.02 ms)
[20-02-05 16:38:33] [PicqBotX] [INFO] 事件管理器     初始化完成 [******] ...(98.59 ms)
[20-02-05 16:38:33] [PicqBotX] [INFO] 账号管理器     初始化完成 [******] ...(2.42 ms)
[20-02-05 16:38:33] [PicqBotX] [INFO] HTTP监听服务器 初始化完成 [******] ...(3.72 ms)
[20-02-05 16:38:35] [PicqBotX] [INFO] 指令管理器     初始化完成 [******] ...(6.78 ms)
[20-02-05 16:38:36] [PicqBotX] [INFO] 账号 Bot01:   版本验证完成!
[20-02-05 16:38:36] [PicqBotX] [INFO] 正在启动...
[20-02-05 16:38:37] [PicqBotX] [DEBUG(java.lang.Thread.run:748)] 收到新请求: CQHttp/4.10.1
[20-02-05 16:38:37] [PicqBotX] [DEBUG(java.lang.Thread.run:748)] - 数据: {"anonymous":null,"font":44886664,"group_id":522394334,"message":"这个6击这么难吗","message_id":2633,"message_type":"group","post_type":"message","raw_message":"这个6击这么难吗","self_id":1061917110,"sender":{"age":0,"area":"","card":"一谦四益-极点五笔","level":"中级","nickname":"宁静而致远…","role":"member","sex":"unknown","title":"","user_id":571681690},"sub_type":"normal","time":1580891917,"user_id":571681690}
[20-02-05 16:38:43] [PicqBotX] [DEBUG(java.lang.Thread.run:748)] 收到新请求: CQHttp/4.10.1
[20-02-05 16:38:43] [PicqBotX] [DEBUG(java.lang.Thread.run:748)] - 数据: {"anonymous":null,"font":116739576,"group_id":522394334,"message":"随机一文 长度100","message_id":2634,"message_type":"group","post_type":"message","raw_message":"随机一文 长度100","self_id":1061917110,"sender":{"age":23,"area":"广州","card":"半凡~小鹤音形","level":"了解群图书馆","nickname":"半凡","role":"member","sex":"unknown","title":"","user_id":438399368},"sub_type":"normal","time":1580891918,"user_id":438399368}
[20-02-05 16:38:44] [PicqBotX] [DEBUG(java.lang.Thread.run:748)] 收到新请求: CQHttp/4.10.1
[20-02-05 16:38:44] [PicqBotX] [DEBUG(java.lang.Thread.run:748)] - 数据: {"anonymous":null,"font":6241720,"group_id":522394334,"message":"《宋朝人的吃喝》散文第1期-作者：汪曾祺\r\n唐宋人似乎不怎么讲究大吃大喝。杜甫的《丽人行》里列叙了一些珍馐，但多系夸张想象之辞。五代顾闳中所绘《韩熙载夜宴图》主人客人面前案上所列的食物不过八品，四个高足的浅碗，四个小碟子。\r\n-----第1段-----","message_id":2635,"message_type":"group","post_type":"message","raw_message":"《宋朝人的吃喝》散文第1期-作者：汪曾祺\r\n唐宋人似乎不怎么讲究大吃大喝。杜甫的《丽人行》里列叙了一些珍馐，但多系夸张想象之辞。五代顾闳中所绘《韩熙载夜宴图》主人客人面前案上所列的食物不过八品，四个高足的浅碗，四个小碟子。\r\n-----第1段-----","self_id":1061917110,"sender":{"age":2,"area":"","card":"拆小鹤","level":"小白","nickname":"拆小鹤","role":"member","sex":"male","title":"","user_id":428826691},"sub_type":"normal","time":1580891919,"user_id":428826691}
[20-02-05 16:38:44] [PicqBotX] [DEBUG(java.lang.Thread.run:748)] 收到新请求: CQHttp/4.10.1
[20-02-05 16:38:44] [PicqBotX] [DEBUG(java.lang.Thread.run:748)] - 数据: {"anonymous":null,"font":95442376,"group_id":522394334,"message":"#联赛首打","message_id":2636,"message_type":"group","post_type":"message","raw_message":"#联赛首打","self_id":1061917110,"sender":{"age":8,"area":"广州","card":"谭宇-神键手","level":"小白","nickname":"0 4 . 2 2","role":"admin","sex":"unknown","title":"神键手","user_id":1061917196},"sub_type":"normal","time":1580891923,"user_id":1061917196}
[20-02-05 16:38:51] [PicqBotX] [DEBUG(java.lang.Thread.run:748)] 收到新请求: CQHttp/4.10.1
[20-02-05 16:38:51] [PicqBotX] [DEBUG(java.lang.Thread.run:748)] - 数据: {"anonymous":null,"font":95442088,"group_id":522394334,"message":"[CQ:image,file=FB9873DC075F8B78B7A11DEB5C791775.gif,url=https://gchat.qpic.cn/gchatpic_new/1015609771/522394334-2253094874-FB9873DC075F8B78B7A11DEB5C791775/0?term=2]","message_id":2638,"message_type":"group","post_type":"message","raw_message":"[CQ:image,file=FB9873DC075F8B78B7A11DEB5C791775.gif]","self_id":1061917110,"sender":{"age":23,"area":"湛江","card":"魔方-鹤形630v1.8","level":"入门","nickname":"谁动了我的魔方","role":"admin","sex":"unknown","title":"新人守门员","user_id":1015609771},"sub_type":"normal","time":1580891931,"user_id":1015609771}
[20-02-05 16:38:53] [PicqBotX] [DEBUG(java.lang.Thread.run:748)] 收到新请求: CQHttp/4.10.1
[20-02-05 16:38:53] [PicqBotX] [DEBUG(java.lang.Thread.run:748)] - 数据: {"anonymous":null,"font":95441928,"group_id":522394334,"message":"党的十九大报告.txt\r\n体系，建设强大稳固的现代边海空防。组建退役军人管理保障机构，维护军人军属合法权益，让军人成为全社会尊崇的职业。深化武警部队改革，建设现代化武装警察部队。同志们！我们的军队是人民军队，我们的国防是全民国防。我们要加强全民国防教育，巩固军政军民团结，为实现中国梦强军梦凝聚强大力量！十一、坚持“一国两制”，推进祖国统一香港、澳门回归祖国以来，“一国两制”实践取得举世公认的成功。事实证明，“一国两制”是解\r\n-----第4段","message_id":2639,"message_type":"group","post_type":"message","raw_message":"党的十九大报告.txt\r\n体系，建设强大稳固的现代边海空防。组建退役军人管理保障机构，维护军人军属合法权益，让军人成为全社会尊崇的职业。深化武警部队改革，建设现代化武装警察部队。同志们！我们的军队是人民军队，我们的国防是全民国防。我们要加强全民国防教育，巩固军政军民团结，为实现中国梦强军梦凝聚强大力量！十一、坚持“一国两制”，推进祖国统一香港、澳门回归祖国以来，“一国两制”实践取得举世公认的成功。事实证明，“一国两制”是解\r\n-----第4段","self_id":1061917110,"sender":{"age":23,"area":"湛江","card":"魔方-鹤形630v1.8","level":"入门","nickname":"谁动了我的魔方","role":"admin","sex":"unknown","title":"新人守门员","user_id":1015609771},"sub_type":"normal","time":1580891933,"user_id":1015609771}
[20-02-05 16:39:33] [PicqBotX] [DEBUG(java.lang.Thread.run:748)] 收到新请求: CQHttp/4.10.1
[20-02-05 16:39:33] [PicqBotX] [DEBUG(java.lang.Thread.run:748)] - 数据: {"anonymous":null,"font":6663520,"group_id":522394334,"message":"庆余年:\r\n那就麻烦姐姐了。”说完闲话，三人便回了亭子里，其余的姑娘们看见这两位小姐面色平静，以为事情已经了了，才松了一口气，旁边自有丫环婆子们在服侍着，又有女史将已经抄好的诗卷送到湖对面去。过不了几时，湖对面那些才子所做的诗也抄了过来，\r\n-----第5937段-余3325045字--t46","message_id":2640,"message_type":"group","post_type":"message","raw_message":"庆余年:\r\n那就麻烦姐姐了。”说完闲话，三人便回了亭子里，其余的姑娘们看见这两位小姐面色平静，以为事情已经了了，才松了一口气，旁边自有丫环婆子们在服侍着，又有女史将已经抄好的诗卷送到湖对面去。过不了几时，湖对面那些才子所做的诗也抄了过来，\r\n-----第5937段-余3325045字--t46","self_id":1061917110,"sender":{"age":0,"area":"","card":"一谦四益-极点五笔","level":"中级","nickname":"宁静而致远…","role":"member","sex":"unknown","title":"","user_id":571681690},"sub_type":"normal","time":1580891973,"user_id":571681690}
[20-02-05 16:39:33] [PicqBotX] [DEBUG(java.lang.Thread.run:748)] 收到新请求: CQHttp/4.10.1
[20-02-05 16:39:33] [PicqBotX] [DEBUG(java.lang.Thread.run:748)] - 数据: {"anonymous":null,"font":6663744,"group_id":522394334,"message":"第5936段 速度124.23 击键5.73 码长2.77 回改0 退格10 停留&#91;屑&#93;2.72s 效率119% &#91;左108:77&#93; 输入法:极点五笔 校验:48047 个签:——学如逆水行舟，不进则退。 t46.15","message_id":2641,"message_type":"group","post_type":"message","raw_message":"第5936段 速度124.23 击键5.73 码长2.77 回改0 退格10 停留&#91;屑&#93;2.72s 效率119% &#91;左108:77&#93; 输入法:极点五笔 校验:48047 个签:——学如逆水行舟，不进则退。 t46.15","self_id":1061917110,"sender":{"age":0,"area":"","card":"一谦四益-极点五笔","level":"中级","nickname":"宁静而致远…","role":"member","sex":"unknown","title":"","user_id":571681690},"sub_type":"normal","time":1580891973,"user_id":571681690}
[20-02-05 16:39:34] [PicqBotX] [DEBUG(java.lang.Thread.run:748)] 收到新请求: CQHttp/4.10.1
[20-02-05 16:39:34] [PicqBotX] [DEBUG(java.lang.Thread.run:748)] - 数据: {"anonymous":null,"font":6663776,"group_id":28534214,"message":"看美人鱼","message_id":2642,"message_type":"group","post_type":"message","raw_message":"看美人鱼","self_id":1061917110,"sender":{"age":0,"area":"","card":"『浙江』罗嫣","level":"梦幻键圣","nickname":"绿野喵狐","role":"owner","sex":"male","title":"群主","user_id":83208538},"sub_type":"normal","time":1580891974,"user_id":83208538}
[20-02-05 16:39:38] [PicqBotX] [DEBUG(java.lang.Thread.run:748)] 收到新请求: CQHttp/4.10.1
[20-02-05 16:39:38] [PicqBotX] [DEBUG(java.lang.Thread.run:748)] - 数据: {"anonymous":null,"font":6663488,"group_id":522394334,"message":"第5936段 速度98.03 击键5.29 码长3.24 回改13(4.93s) 连改3 退格11 字数105 输入法:小狼毫 校验:50458 个签:完美主义者都该死 t46.15","message_id":2643,"message_type":"group","post_type":"message","raw_message":"第5936段 速度98.03 击键5.29 码长3.24 回改13(4.93s) 连改3 退格11 字数105 输入法:小狼毫 校验:50458 个签:完美主义者都该死 t46.15","self_id":1061917110,"sender":{"age":27,"area":"北京","card":"浪子-小狼毫","level":"了解群图文件","nickname":"孤独患者","role":"member","sex":"unknown","title":"","user_id":1447316870},"sub_type":"normal","time":1580891978,"user_id":1447316870}
[20-02-05 16:39:41] [PicqBotX] [DEBUG(java.lang.Thread.run:748)] 收到新请求: CQHttp/4.10.1
[20-02-05 16:39:41] [PicqBotX] [DEBUG(java.lang.Thread.run:748)] - 数据: {"anonymous":null,"font":6663712,"group_id":522394334,"message":"第5935段 速度100.25 击键5.96 码长3.57 键准97.2% 回改5(2.08s) 回车0 退格2 错字0 字数101 停留&#91;淡&#93;1.77s &#91;左132:121&#93; 键数357 用时0:59.852 选重2 打词3 &#91;看打版&#93; 校验:42699","message_id":2644,"message_type":"group","post_type":"message","raw_message":"第5935段 速度100.25 击键5.96 码长3.57 键准97.2% 回改5(2.08s) 回车0 退格2 错字0 字数101 停留&#91;淡&#93;1.77s &#91;左132:121&#93; 键数357 用时0:59.852 选重2 打词3 &#91;看打版&#93; 校验:42699","self_id":1061917110,"sender":{"age":0,"area":"","card":"渣-地郑","level":"在看群文件中","nickname":"写bug的人","role":"member","sex":"unknown","title":"","user_id":877868690},"sub_type":"normal","time":1580891981,"user_id":877868690}
[20-02-05 16:39:56] [PicqBotX] [DEBUG(java.lang.Thread.run:748)] 收到新请求: CQHttp/4.10.1
[20-02-05 16:39:56] [PicqBotX] [DEBUG(java.lang.Thread.run:748)] - 数据: {"anonymous":null,"font":44886408,"group_id":522394334,"message":"第4段 速度38.09 击键1.85 码长2.92 标顶理论2.42 字数100 回改2 退格17 错字0 键数292 选重7 键准86.70% 键法82.54%(左104:右126:空格45) 打词率37.25% 选重率7.00% 长流跟打器v2.00 Windows 10版 校验码SW@\\W","message_id":2645,"message_type":"group","post_type":"message","raw_message":"第4段 速度38.09 击键1.85 码长2.92 标顶理论2.42 字数100 回改2 退格17 错字0 键数292 选重7 键准86.70% 键法82.54%(左104:右126:空格45) 打词率37.25% 选重率7.00% 长流跟打器v2.00 Windows 10版 校验码SW@\\W","self_id":1061917110,"sender":{"age":21,"area":"北马里亚纳群岛","card":"","level":"了解群图书馆","nickname":"ASDF  JKL;","role":"member","sex":"unknown","title":"","user_id":2671763997},"sub_type":"normal","time":1580891996,"user_id":2671763997}
[20-02-05 16:40:20] [PicqBotX] [DEBUG(java.lang.Thread.run:748)] 收到新请求: CQHttp/4.10.1
[20-02-05 16:40:20] [PicqBotX] [DEBUG(java.lang.Thread.run:748)] - 数据: {"anonymous":null,"font":121508352,"group_id":522394334,"message":"第4段 速度140.74 击键5.30 码长2.26 标顶理论1.91 字数200 回改10 退格17 错字0 键数452 选重11 键准88.25% 键法98.47%(左193:右196:空格43) 打词率71.43% 选重率5.50% 拖拉机跟打器 拖拉机v2.00 Windows 7版 校验码VQVJRW","message_id":2646,"message_type":"group","post_type":"message","raw_message":"第4段 速度140.74 击键5.30 码长2.26 标顶理论1.91 字数200 回改10 退格17 错字0 键数452 选重11 键准88.25% 键法98.47%(左193:右196:空格43) 打词率71.43% 选重率5.50% 拖拉机跟打器 拖拉机v2.00 Windows 7版 校验码VQVJRW","self_id":1061917110,"sender":{"age":23,"area":"湛江","card":"魔方-鹤形630v1.8","level":"入门","nickname":"谁动了我的魔方","role":"admin","sex":"unknown","title":"新人守门员","user_id":1015609771},"sub_type":"normal","time":1580892020,"user_id":1015609771}
[20-02-05 16:40:22] [PicqBotX] [DEBUG(java.lang.Thread.run:748)] 收到新请求: CQHttp/4.10.1
[20-02-05 16:40:22] [PicqBotX] [DEBUG(java.lang.Thread.run:748)] - 数据: {"anonymous":null,"font":119577904,"group_id":28534214,"message":"看过了","message_id":2647,"message_type":"group","post_type":"message","raw_message":"看过了","self_id":1061917110,"sender":{"age":0,"area":"","card":"「广东」小啊浩","level":"梦幻键侠","nickname":"小啊浩","role":"admin","sex":"unknown","title":"","user_id":1648749633},"sub_type":"normal","time":1580892022,"user_id":1648749633}
[20-02-05 16:40:24] [PicqBotX] [DEBUG(java.lang.Thread.run:748)] 收到新请求: CQHttp/4.10.1
[20-02-05 16:40:24] [PicqBotX] [DEBUG(java.lang.Thread.run:748)] - 数据: {"anonymous":null,"font":119577840,"group_id":522394334,"message":"第5937段 速度159.18 击键6.32 码长2.38 回改0 退格1 字数113 输入法:小狼毫 校验:34832 个签:完美主义者都该死 t46.15","message_id":2648,"message_type":"group","post_type":"message","raw_message":"第5937段 速度159.18 击键6.32 码长2.38 回改0 退格1 字数113 输入法:小狼毫 校验:34832 个签:完美主义者都该死 t46.15","self_id":1061917110,"sender":{"age":27,"area":"北京","card":"浪子-小狼毫","level":"了解群图文件","nickname":"孤独患者","role":"member","sex":"unknown","title":"","user_id":1447316870},"sub_type":"normal","time":1580892024,"user_id":1447316870}
[20-02-05 16:40:28] [PicqBotX] [DEBUG(java.lang.Thread.run:748)] 收到新请求: CQHttp/4.10.1
[20-02-05 16:40:28] [PicqBotX] [DEBUG(java.lang.Thread.run:748)] - 数据: {"anonymous":null,"font":119577552,"group_id":28534214,"message":"下水道有美人鱼是吗","message_id":2649,"message_type":"group","post_type":"message","raw_message":"下水道有美人鱼是吗","self_id":1061917110,"sender":{"age":0,"area":"","card":"「广东」小啊浩","level":"梦幻键侠","nickname":"小啊浩","role":"admin","sex":"unknown","title":"","user_id":1648749633},"sub_type":"normal","time":1580892028,"user_id":1648749633}
[20-02-05 16:40:34] [PicqBotX] [DEBUG(java.lang.Thread.run:748)] 收到新请求: CQHttp/4.10.1
[20-02-05 16:40:34] [PicqBotX] [DEBUG(java.lang.Thread.run:748)] - 数据: {"anonymous":null,"font":119577680,"group_id":522394334,"message":"庆余年:\r\n诸女翻拣着看，间或赞叹一声，范若若却支着颌，看着湖对面，不知道在想些什么。叶灵儿想到那人，好奇接过诗卷来，从头到尾翻了一遍，却没有看见有姓范的落款，惊讶问道：“范公子的诗呢？”她心想，范府既然是让那男子来王府搏名，\r\n-----第5938段-余3324938字--t46","message_id":2650,"message_type":"group","post_type":"message","raw_message":"庆余年:\r\n诸女翻拣着看，间或赞叹一声，范若若却支着颌，看着湖对面，不知道在想些什么。叶灵儿想到那人，好奇接过诗卷来，从头到尾翻了一遍，却没有看见有姓范的落款，惊讶问道：“范公子的诗呢？”她心想，范府既然是让那男子来王府搏名，\r\n-----第5938段-余3324938字--t46","self_id":1061917110,"sender":{"age":0,"area":"","card":"一谦四益-极点五笔","level":"中级","nickname":"宁静而致远…","role":"member","sex":"unknown","title":"","user_id":571681690},"sub_type":"normal","time":1580892034,"user_id":571681690}
[20-02-05 16:40:34] [PicqBotX] [DEBUG(java.lang.Thread.run:748)] 收到新请求: CQHttp/4.10.1
[20-02-05 16:40:34] [PicqBotX] [DEBUG(java.lang.Thread.run:748)] - 数据: {"anonymous":null,"font":119577488,"group_id":522394334,"message":"第5937段 速度122.10 击键5.89 码长2.89 回改12(4.58s) 连改3 退格4 停留&#91;了&#93;1.75s 效率99% &#91;左128:78&#93; 输入法:极点五笔 校验:74465 个签:——学如逆水行舟，不进则退。 t46.15","message_id":2651,"message_type":"group","post_type":"message","raw_message":"第5937段 速度122.10 击键5.89 码长2.89 回改12(4.58s) 连改3 退格4 停留&#91;了&#93;1.75s 效率99% &#91;左128:78&#93; 输入法:极点五笔 校验:74465 个签:——学如逆水行舟，不进则退。 t46.15","self_id":1061917110,"sender":{"age":0,"area":"","card":"一谦四益-极点五笔","level":"中级","nickname":"宁静而致远…","role":"member","sex":"unknown","title":"","user_id":571681690},"sub_type":"normal","time":1580892034,"user_id":571681690}
[20-02-05 16:40:37] [PicqBotX] [DEBUG(java.lang.Thread.run:748)] 收到新请求: CQHttp/4.10.1
[20-02-05 16:40:37] [PicqBotX] [DEBUG(java.lang.Thread.run:748)] - 数据: {"anonymous":null,"font":119577936,"group_id":28534214,"message":"下水道的美人鱼是吗","message_id":2652,"message_type":"group","post_type":"message","raw_message":"下水道的美人鱼是吗","self_id":1061917110,"sender":{"age":0,"area":"","card":"「广东」小啊浩","level":"梦幻键侠","nickname":"小啊浩","role":"admin","sex":"unknown","title":"","user_id":1648749633},"sub_type":"normal","time":1580892037,"user_id":1648749633}
[20-02-05 16:40:39] [PicqBotX] [DEBUG(java.lang.Thread.run:748)] 收到新请求: CQHttp/4.10.1
[20-02-05 16:40:39] [PicqBotX] [DEBUG(java.lang.Thread.run:748)] - 数据: {"anonymous":null,"font":119577872,"group_id":28534214,"message":"[CQ:face,id=176]","message_id":2653,"message_type":"group","post_type":"message","raw_message":"[CQ:face,id=176]","self_id":1061917110,"sender":{"age":0,"area":"","card":"「广东」小啊浩","level":"梦幻键侠","nickname":"小啊浩","role":"admin","sex":"unknown","title":"","user_id":1648749633},"sub_type":"normal","time":1580892039,"user_id":1648749633}
[20-02-05 16:40:53] [PicqBotX] [DEBUG(java.lang.Thread.run:748)] 收到新请求: CQHttp/4.10.1
[20-02-05 16:40:53] [PicqBotX] [DEBUG(java.lang.Thread.run:748)] - 数据: {"anonymous":null,"font":93501112,"group_id":28534214,"message":"有罗志祥的","message_id":2654,"message_type":"group","post_type":"message","raw_message":"有罗志祥的","self_id":1061917110,"sender":{"age":0,"area":"","card":"『浙江』罗嫣","level":"梦幻键圣","nickname":"绿野喵狐","role":"owner","sex":"male","title":"群主","user_id":83208538},"sub_type":"normal","time":1580892053,"user_id":83208538}
[20-02-05 16:40:58] [PicqBotX] [DEBUG(java.lang.Thread.run:748)] 收到新请求: CQHttp/4.10.1
[20-02-05 16:40:58] [PicqBotX] [DEBUG(java.lang.Thread.run:748)] - 数据: {"anonymous":null,"font":93501112,"group_id":28534214,"message":"章鱼哥","message_id":2655,"message_type":"group","post_type":"message","raw_message":"章鱼哥","self_id":1061917110,"sender":{"age":0,"area":"","card":"『浙江』罗嫣","level":"梦幻键圣","nickname":"绿野喵狐","role":"owner","sex":"male","title":"群主","user_id":83208538},"sub_type":"normal","time":1580892058,"user_id":83208538}
[20-02-05 16:41:38] [PicqBotX] [DEBUG(java.lang.Thread.run:748)] 收到新请求: CQHttp/4.10.1
[20-02-05 16:41:38] [PicqBotX] [DEBUG(java.lang.Thread.run:748)] - 数据: {"anonymous":null,"font":119577616,"group_id":522394334,"message":"第5938段 速度118.91 击键5.63 码长2.84 回改6(1.75s) 连改1 退格6 字数107 输入法:小狼毫 校验:94849 个签:完美主义者都该死 t46.15","message_id":2656,"message_type":"group","post_type":"message","raw_message":"第5938段 速度118.91 击键5.63 码长2.84 回改6(1.75s) 连改1 退格6 字数107 输入法:小狼毫 校验:94849 个签:完美主义者都该死 t46.15","self_id":1061917110,"sender":{"age":27,"area":"北京","card":"浪子-小狼毫","level":"了解群图文件","nickname":"孤独患者","role":"member","sex":"unknown","title":"","user_id":1447316870},"sub_type":"normal","time":1580892098,"user_id":1447316870}
[20-02-05 16:41:55] [PicqBotX] [DEBUG(java.lang.Thread.run:748)] 收到新请求: CQHttp/4.10.1
[20-02-05 16:41:55] [PicqBotX] [DEBUG(java.lang.Thread.run:748)] - 数据: {"anonymous":null,"font":44886280,"group_id":522394334,"message":"庆余年:\r\n那便断断没有藏着掖着的道理。女官恭敬说道，范公子并没有作诗，如何如何。柔嘉郡主看了栏边的范若若一眼，小姑娘天真的脸上浮现出一丝纳闷，追问当时的场景，直到此时亭子里面的诸女，才知道湖那边的唇枪舌剑比这边也不稍弱。\r\n-----第5939段-余3324833字--t46","message_id":2657,"message_type":"group","post_type":"message","raw_message":"庆余年:\r\n那便断断没有藏着掖着的道理。女官恭敬说道，范公子并没有作诗，如何如何。柔嘉郡主看了栏边的范若若一眼，小姑娘天真的脸上浮现出一丝纳闷，追问当时的场景，直到此时亭子里面的诸女，才知道湖那边的唇枪舌剑比这边也不稍弱。\r\n-----第5939段-余3324833字--t46","self_id":1061917110,"sender":{"age":0,"area":"","card":"一谦四益-极点五笔","level":"中级","nickname":"宁静而致远…","role":"member","sex":"unknown","title":"","user_id":571681690},"sub_type":"normal","time":1580892115,"user_id":571681690}
[20-02-05 16:41:55] [PicqBotX] [DEBUG(java.lang.Thread.run:748)] 收到新请求: CQHttp/4.10.1
[20-02-05 16:41:55] [PicqBotX] [DEBUG(java.lang.Thread.run:748)] - 数据: {"anonymous":null,"font":44886440,"group_id":522394334,"message":"第5938段 速度103.07 击键5.22 码长3.04 回改3(1.74s) 退格3 停留&#91;搏&#93;3.17s 效率107% &#91;左124:87&#93; 输入法:极点五笔 校验:87335 个签:——学如逆水行舟，不进则退。 t46.15","message_id":2658,"message_type":"group","post_type":"message","raw_message":"第5938段 速度103.07 击键5.22 码长3.04 回改3(1.74s) 退格3 停留&#91;搏&#93;3.17s 效率107% &#91;左124:87&#93; 输入法:极点五笔 校验:87335 个签:——学如逆水行舟，不进则退。 t46.15","self_id":1061917110,"sender":{"age":0,"area":"","card":"一谦四益-极点五笔","level":"中级","nickname":"宁静而致远…","role":"member","sex":"unknown","title":"","user_id":571681690},"sub_type":"normal","time":1580892115,"user_id":571681690}
[20-02-05 16:42:02] [PicqBotX] [DEBUG(java.lang.Thread.run:748)] 收到新请求: CQHttp/4.10.1
[20-02-05 16:42:02] [PicqBotX] [DEBUG(java.lang.Thread.run:748)] - 数据: {"anonymous":null,"font":44886568,"group_id":522394334,"message":"第5段 速度122.70/125.84 击键5.05 码长2.41 标顶理论1.99 字数200 回改12 退格25 错字1 键数482 选重17 键准84.67% 键法115.26%(左219:右190:空格45) 打词率66.04% 选重率8.50% 拖拉机跟打器 拖拉机v2.00 Windows 7版 校验码VV^JPQ","message_id":2659,"message_type":"group","post_type":"message","raw_message":"第5段 速度122.70/125.84 击键5.05 码长2.41 标顶理论1.99 字数200 回改12 退格25 错字1 键数482 选重17 键准84.67% 键法115.26%(左219:右190:空格45) 打词率66.04% 选重率8.50% 拖拉机跟打器 拖拉机v2.00 Windows 7版 校验码VV^JPQ","self_id":1061917110,"sender":{"age":23,"area":"湛江","card":"魔方-鹤形630v1.8","level":"入门","nickname":"谁动了我的魔方","role":"admin","sex":"unknown","title":"新人守门员","user_id":1015609771},"sub_type":"normal","time":1580892122,"user_id":1015609771}
[20-02-05 16:42:05] [PicqBotX] [DEBUG(java.lang.Thread.run:748)] 收到新请求: CQHttp/4.10.1
[20-02-05 16:42:05] [PicqBotX] [DEBUG(java.lang.Thread.run:748)] - 数据: {"anonymous":null,"font":44886696,"group_id":522394334,"message":"党的十九大报告.txt\r\n国家主权、安全、发展利益的宪制责任。香港、澳门发展同内地发展紧密相连。要支持香港、澳门融入国家发展大局，以粤港澳大湾区建设、粤港澳合作、泛珠三角区域合作等为重点，全面推进内地同香港、澳门互利合作，制定完善便利香港、澳门居民在内地发展的政策措施。我们坚持爱国者为主体的“港人治港”、“澳人治澳”，发展壮大爱国爱港爱澳力量，增强香港、澳门同胞的国家意识和爱国精神，让香港、澳门同胞同祖国人民共担民族复兴的\r\n-----第6段","message_id":2660,"message_type":"group","post_type":"message","raw_message":"党的十九大报告.txt\r\n国家主权、安全、发展利益的宪制责任。香港、澳门发展同内地发展紧密相连。要支持香港、澳门融入国家发展大局，以粤港澳大湾区建设、粤港澳合作、泛珠三角区域合作等为重点，全面推进内地同香港、澳门互利合作，制定完善便利香港、澳门居民在内地发展的政策措施。我们坚持爱国者为主体的“港人治港”、“澳人治澳”，发展壮大爱国爱港爱澳力量，增强香港、澳门同胞的国家意识和爱国精神，让香港、澳门同胞同祖国人民共担民族复兴的\r\n-----第6段","self_id":1061917110,"sender":{"age":23,"area":"湛江","card":"魔方-鹤形630v1.8","level":"入门","nickname":"谁动了我的魔方","role":"admin","sex":"unknown","title":"新人守门员","user_id":1015609771},"sub_type":"normal","time":1580892125,"user_id":1015609771}
[20-02-05 16:42:31] [PicqBotX] [DEBUG(java.lang.Thread.run:748)] 收到新请求: CQHttp/4.10.1
[20-02-05 16:42:31] [PicqBotX] [DEBUG(java.lang.Thread.run:748)] - 数据: {"anonymous":null,"font":44886696,"group_id":522394334,"message":"第1段 速度16.68/25.46 码长3.30 词库理论2.48 回改10(6.78s) 连改1 键准80.84% 击键1.40 停留&#91;甫&#93;9.01s 字数89 效率103% 输入法:小鹤音形 校验:28725 个签:我偏要在没有你的薄情世界活着 暂停1次 t46.15 &#91;错1罚5&#93;","message_id":2661,"message_type":"group","post_type":"message","raw_message":"第1段 速度16.68/25.46 码长3.30 词库理论2.48 回改10(6.78s) 连改1 键准80.84% 击键1.40 停留&#91;甫&#93;9.01s 字数89 效率103% 输入法:小鹤音形 校验:28725 个签:我偏要在没有你的薄情世界活着 暂停1次 t46.15 &#91;错1罚5&#93;","self_id":1061917110,"sender":{"age":23,"area":"广州","card":"半凡~小鹤音形","level":"了解群图书馆","nickname":"半凡","role":"member","sex":"unknown","title":"","user_id":438399368},"sub_type":"normal","time":1580892151,"user_id":438399368}
