[20-09-01 12:18:32] [PicqBotX] [INFO] 
[20-09-01 12:18:32] [PicqBotX] [INFO]     ____  _            ____        __ _  __
[20-09-01 12:18:32] [PicqBotX] [INFO]    / __ \(_)________ _/ __ )____  / /| |/ /
[20-09-01 12:18:32] [PicqBotX] [INFO]   / /_/ / / ___/ __ `/ __  / __ \/ __/   /
[20-09-01 12:18:32] [PicqBotX] [INFO]  / ____/ / /__/ /_/ / /_/ / /_/ / /_/   |
[20-09-01 12:18:32] [PicqBotX] [INFO] /_/   /_/\___/\__, /_____/\____/\__/_/|_|
[20-09-01 12:18:32] [PicqBotX] [INFO]                 /_/         v4.15.0.1058
[20-09-01 12:18:32] [PicqBotX] [INFO] 日志管理器     初始化完成 [******] ...(46.19 ms)
[20-09-01 12:18:32] [PicqBotX] [INFO] 缓存管理器     初始化完成 [******] ...(1.92 ms)
[20-09-01 12:18:32] [PicqBotX] [INFO] DEBUG设置     初始化完成 [******] ...(0.01 ms)
[20-09-01 12:18:32] [PicqBotX] [INFO] 事件管理器     初始化完成 [******] ...(34.66 ms)
[20-09-01 12:18:32] [PicqBotX] [INFO] 账号管理器     初始化完成 [******] ...(1.13 ms)
[20-09-01 12:18:32] [PicqBotX] [INFO] HTTP监听服务器 初始化完成 [******] ...(2.05 ms)
[20-09-01 12:18:33] [PicqBotX] [INFO] 指令管理器     初始化完成 [******] ...(4.1 ms)
[20-09-01 12:18:33] [PicqBotX] [INFO] 账号 Bot01:   版本验证完成!
[20-09-01 12:18:33] [PicqBotX] [INFO] 正在启动...
[20-09-01 12:22:00] [PicqBotX] [DEBUG(java.lang.Thread.run:748)] 收到新请求: CQHttp/4.15.0
[20-09-01 12:22:00] [PicqBotX] [DEBUG(java.lang.Thread.run:748)] - 数据: {"self_id":1061917110,"sub_type":"enable","time":1598934120,"post_type":"meta_event","meta_event_type":"lifecycle"}
[20-09-01 12:22:06] [PicqBotX] [DEBUG(java.lang.Thread.run:748)] 收到新请求: CQHttp/4.15.0
[20-09-01 12:22:06] [PicqBotX] [DEBUG(java.lang.Thread.run:748)] - 数据: {"ClassType":"GroupMessage","self_id":1061917110,"sub_type":"normal","message_id":2458624,"group_id":522394334,"user_id":1061917196,"anonymous":null,"message":"#联赛","raw_message":"#联赛","font":0,"sender":{"user_id":1061917196,"nickname":"谭宇-神键手","card":"谭宇-神键手","sex":"unknown","age":0,"area":"unknown","level":"unknown","role":"admin","title":"unknown"},"time":1598934126,"post_type":"message","message_type":"group"}
[20-09-01 12:22:10] [PicqBotX] [DEBUG(java.lang.Thread.run:748)] 收到新请求: CQHttp/4.15.0
[20-09-01 12:22:10] [PicqBotX] [DEBUG(java.lang.Thread.run:748)] - 数据: {"ClassType":"GroupMessage","self_id":1061917110,"sub_type":"normal","message_id":2458626,"group_id":522394334,"user_id":1061917196,"anonymous":null,"message":"……","raw_message":"……","font":0,"sender":{"user_id":1061917196,"nickname":"谭宇-神键手","card":"谭宇-神键手","sex":"unknown","age":0,"area":"unknown","level":"unknown","role":"admin","title":"unknown"},"time":1598934130,"post_type":"message","message_type":"group"}
[20-09-01 12:22:11] [PicqBotX] [DEBUG(java.lang.Thread.run:748)] 收到新请求: CQHttp/4.15.0
