[20-02-04 14:38:37] [PicqBotX] [INFO] 
[20-02-04 14:38:37] [PicqBotX] [INFO]     ____  _            ____        __ _  __
[20-02-04 14:38:37] [PicqBotX] [INFO]    / __ \(_)________ _/ __ )____  / /| |/ /
[20-02-04 14:38:37] [PicqBotX] [INFO]   / /_/ / / ___/ __ `/ __  / __ \/ __/   /
[20-02-04 14:38:37] [PicqBotX] [INFO]  / ____/ / /__/ /_/ / /_/ / /_/ / /_/   |
[20-02-04 14:38:37] [PicqBotX] [INFO] /_/   /_/\___/\__, /_____/\____/\__/_/|_|
[20-02-04 14:38:37] [PicqBotX] [INFO]                 /_/         v4.10.1.928
[20-02-04 14:38:37] [PicqBotX] [INFO] 日志管理器     初始化完成 [******] ...(50.31 ms)
[20-02-04 14:38:37] [PicqBotX] [INFO] 缓存管理器     初始化完成 [******] ...(2.14 ms)
[20-02-04 14:38:37] [PicqBotX] [INFO] DEBUG设置     初始化完成 [******] ...(0.02 ms)
[20-02-04 14:38:37] [PicqBotX] [INFO] 事件管理器     初始化完成 [******] ...(38.87 ms)
[20-02-04 14:38:37] [PicqBotX] [INFO] 账号管理器     初始化完成 [******] ...(1.24 ms)
[20-02-04 14:38:37] [PicqBotX] [INFO] HTTP监听服务器 初始化完成 [******] ...(2.47 ms)
[20-02-04 14:38:39] [PicqBotX] [INFO] 指令管理器     初始化完成 [******] ...(4.93 ms)
[20-02-04 14:38:39] [PicqBotX] [INFO] 账号 Bot01:   版本验证完成!
[20-02-04 14:38:39] [PicqBotX] [INFO] 正在启动...
[20-02-04 14:38:40] [PicqBotX] [DEBUG(java.lang.Thread.run:748)] 收到新请求: CQHttp/4.10.1
[20-02-04 14:38:40] [PicqBotX] [DEBUG(java.lang.Thread.run:748)] - 数据: {"anonymous":null,"font":81591880,"group_id":974172771,"message":"[CQ:at,qq=1061917196]","message_id":1143,"message_type":"group","post_type":"message","raw_message":"[CQ:at,qq=1061917196]","self_id":1061917110,"sender":{"age":0,"area":"长沙","card":"","level":"冒泡","nickname":"邦邦","role":"admin","sex":"unknown","title":"","user_id":1279547700},"sub_type":"normal","time":1580798320,"user_id":1279547700}
[20-02-04 14:38:46] [PicqBotX] [DEBUG(java.lang.Thread.run:748)] 收到新请求: CQHttp/4.10.1
[20-02-04 14:38:46] [PicqBotX] [DEBUG(java.lang.Thread.run:748)] - 数据: {"anonymous":null,"font":81592168,"group_id":974172771,"message":"说实话，这个群说明也可以改一下了[CQ:face,id=178][CQ:image,file=90F22A53550786740DE290C80B44DA84.jpg,url=https://gchat.qpic.cn/gchatpic_new/1144107042/974172771-3218841779-90F22A53550786740DE290C80B44DA84/0?term=2]","message_id":1144,"message_type":"group","post_type":"message","raw_message":"说实话，这个群说明也可以改一下了[CQ:face,id=178][CQ:image,file=90F22A53550786740DE290C80B44DA84.jpg]","self_id":1061917110,"sender":{"age":17,"area":"苏州","card":"ㄌㄧㄥㄓㄨㄊㄧㄥㄈㄥ","level":"吐槽","nickname":"聆竹听风","role":"member","sex":"unknown","title":"","user_id":1144107042},"sub_type":"normal","time":1580798326,"user_id":1144107042}
[20-02-04 14:38:49] [PicqBotX] [DEBUG(java.lang.Thread.run:748)] 收到新请求: CQHttp/4.10.1
[20-02-04 14:38:49] [PicqBotX] [DEBUG(java.lang.Thread.run:748)] - 数据: {"anonymous":null,"font":81591656,"group_id":26053477,"message":"上不了屏","message_id":1145,"message_type":"group","post_type":"message","raw_message":"上不了屏","self_id":1061917110,"sender":{"age":31,"area":"","card":"【河南】♂蛮牛","level":"熟手","nickname":"牛","role":"member","sex":"unknown","title":"","user_id":250213591},"sub_type":"normal","time":1580798329,"user_id":250213591}
[20-02-04 14:39:05] [PicqBotX] [DEBUG(java.lang.Thread.run:748)] 收到新请求: CQHttp/4.10.1
[20-02-04 14:39:05] [PicqBotX] [DEBUG(java.lang.Thread.run:748)] - 数据: {"anonymous":null,"font":81592008,"group_id":68947810,"message":"第999段 速度173.25 击键7.70 回改13(3.85s) 连改3 退格1 回车12 键准95.08% 码长2.67 选重18 错字0 字数458 键数1219 用时2:38.265 峰值180.20/7.75/2.50 打词0 回改率3.42% 停留&#91;盛大&#93;1.77s 效率124% &#91;左491:333&#93; 起打于14:36:26 赛文验证:84225 校验:00018 t46.15","message_id":1146,"message_type":"group","post_type":"message","raw_message":"第999段 速度173.25 击键7.70 回改13(3.85s) 连改3 退格1 回车12 键准95.08% 码长2.67 选重18 错字0 字数458 键数1219 用时2:38.265 峰值180.20/7.75/2.50 打词0 回改率3.42% 停留&#91;盛大&#93;1.77s 效率124% &#91;左491:333&#93; 起打于14:36:26 赛文验证:84225 校验:00018 t46.15","self_id":1061917110,"sender":{"age":24,"area":"泉州","card":"【四段】老   套◆86","level":"Ｌv4","nickname":"样衰","role":"member","sex":"unknown","title":"","user_id":1490987944},"sub_type":"normal","time":1580798345,"user_id":1490987944}
[20-02-04 14:39:08] [PicqBotX] [DEBUG(java.lang.Thread.run:748)] 收到新请求: CQHttp/4.10.1
[20-02-04 14:39:08] [PicqBotX] [DEBUG(java.lang.Thread.run:748)] - 数据: {"anonymous":null,"font":81591944,"group_id":974172771,"message":"就是配置不怎么样","message_id":1148,"message_type":"group","post_type":"message","raw_message":"就是配置不怎么样","self_id":1061917110,"sender":{"age":0,"area":"长沙","card":"","level":"冒泡","nickname":"邦邦","role":"admin","sex":"unknown","title":"","user_id":1279547700},"sub_type":"normal","time":1580798346,"user_id":1279547700}
[20-02-04 14:39:09] [PicqBotX] [DEBUG(java.lang.Thread.run:748)] 收到新请求: CQHttp/4.10.1
[20-02-04 14:39:09] [PicqBotX] [DEBUG(java.lang.Thread.run:748)] - 数据: {"anonymous":null,"font":81592456,"group_id":522394334,"message":"第1段 速度152.15/158.57 击键5.93 码长2.24 标顶理论1.94 字数247 回改4 退格16 错字2 键数554 选重9 键准92.82% 键法106.64%(左225:右211:空格99) 打词率60.16% 选重率3.64% 看打模式 错:2 多:0 少:0 长流跟打器v2.00 Windows 10版 校验码VS^JRU","message_id":1149,"message_type":"group","post_type":"message","raw_message":"第1段 速度152.15/158.57 击键5.93 码长2.24 标顶理论1.94 字数247 回改4 退格16 错字2 键数554 选重9 键准92.82% 键法106.64%(左225:右211:空格99) 打词率60.16% 选重率3.64% 看打模式 错:2 多:0 少:0 长流跟打器v2.00 Windows 10版 校验码VS^JRU","self_id":1061917110,"sender":{"age":27,"area":"湖州","card":"飘风-小鹤音形","level":"小白","nickname":"飘风SLG","role":"admin","sex":"unknown","title":"","user_id":869151501},"sub_type":"normal","time":1580798347,"user_id":869151501}
[20-02-04 14:39:09] [PicqBotX] [DEBUG(java.lang.Thread.run:748)] 收到新请求: CQHttp/4.10.1
[20-02-04 14:39:09] [PicqBotX] [DEBUG(java.lang.Thread.run:748)] - 数据: {"anonymous":null,"font":81594088,"group_id":974172771,"message":"[CQ:face,id=178]","message_id":1150,"message_type":"group","post_type":"message","raw_message":"[CQ:face,id=178]","self_id":1061917110,"sender":{"age":0,"area":"长沙","card":"","level":"冒泡","nickname":"邦邦","role":"admin","sex":"unknown","title":"","user_id":1279547700},"sub_type":"normal","time":1580798348,"user_id":1279547700}
[20-02-04 14:39:09] [PicqBotX] [DEBUG(java.lang.Thread.run:748)] 收到新请求: CQHttp/4.10.1
[20-02-04 14:39:09] [PicqBotX] [DEBUG(java.lang.Thread.run:748)] - 数据: {"anonymous":null,"font":81595048,"group_id":68947810,"message":"#成绩","message_id":1151,"message_type":"group","post_type":"message","raw_message":"#成绩","self_id":1061917110,"sender":{"age":24,"area":"泉州","card":"【四段】老   套◆86","level":"Ｌv4","nickname":"样衰","role":"member","sex":"unknown","title":"","user_id":1490987944},"sub_type":"normal","time":1580798348,"user_id":1490987944}
[20-02-04 14:39:12] [PicqBotX] [DEBUG(java.lang.Thread.run:748)] 收到新请求: CQHttp/4.10.1
[20-02-04 14:39:12] [PicqBotX] [DEBUG(java.lang.Thread.run:748)] - 数据: {"anonymous":null,"font":81593736,"group_id":68947810,"message":"[CQ:image,file=8E502C8A56A466AC3E35F53B6479424F.png,url=https://gchat.qpic.cn/gchatpic_new/207938707/2011947810-2485555144-8E502C8A56A466AC3E35F53B6479424F/0?term=2]","message_id":1152,"message_type":"group","post_type":"message","raw_message":"[CQ:image,file=8E502C8A56A466AC3E35F53B6479424F.png]","self_id":1061917110,"sender":{"age":6,"area":"北京","card":"【神人】小　拆◆091","level":"键皇","nickname":"小拆","role":"admin","sex":"male","title":"","user_id":207938707},"sub_type":"normal","time":1580798350,"user_id":207938707}
[20-02-04 14:39:18] [PicqBotX] [DEBUG(java.lang.Thread.run:748)] 收到新请求: CQHttp/4.10.1
[20-02-04 14:39:18] [PicqBotX] [DEBUG(java.lang.Thread.run:748)] - 数据: {"anonymous":null,"font":81592008,"group_id":974172771,"message":"改了","message_id":1154,"message_type":"group","post_type":"message","raw_message":"改了","self_id":1061917110,"sender":{"age":8,"area":"广州","card":"谭宇","level":"话唠","nickname":"0 4 . 2 2","role":"owner","sex":"unknown","title":"","user_id":1061917196},"sub_type":"normal","time":1580798358,"user_id":1061917196}
[20-02-04 14:39:19] [PicqBotX] [DEBUG(java.lang.Thread.run:748)] 收到新请求: CQHttp/4.10.1
[20-02-04 14:39:19] [PicqBotX] [DEBUG(java.lang.Thread.run:748)] - 数据: {"anonymous":null,"font":81592072,"group_id":522394334,"message":"排队 派队","message_id":1155,"message_type":"group","post_type":"message","raw_message":"排队 派队","self_id":1061917110,"sender":{"age":27,"area":"湖州","card":"飘风-小鹤音形","level":"小白","nickname":"飘风SLG","role":"admin","sex":"unknown","title":"","user_id":869151501},"sub_type":"normal","time":1580798359,"user_id":869151501}
[20-02-04 14:39:29] [PicqBotX] [DEBUG(java.lang.Thread.run:748)] 收到新请求: CQHttp/4.10.1
[20-02-04 14:39:29] [PicqBotX] [DEBUG(java.lang.Thread.run:748)] - 数据: {"anonymous":null,"font":81591496,"group_id":974172771,"message":"[CQ:face,id=182][CQ:face,id=182]","message_id":1156,"message_type":"group","post_type":"message","raw_message":"[CQ:face,id=182][CQ:face,id=182]","self_id":1061917110,"sender":{"age":0,"area":"长沙","card":"","level":"冒泡","nickname":"邦邦","role":"admin","sex":"unknown","title":"","user_id":1279547700},"sub_type":"normal","time":1580798369,"user_id":1279547700}
[20-02-04 14:39:41] [PicqBotX] [DEBUG(java.lang.Thread.run:748)] 收到新请求: CQHttp/4.10.1
[20-02-04 14:39:41] [PicqBotX] [DEBUG(java.lang.Thread.run:748)] - 数据: {"anonymous":null,"font":81591656,"group_id":974172771,"message":"哈哈哈哈哈哈","message_id":1157,"message_type":"group","post_type":"message","raw_message":"哈哈哈哈哈哈","self_id":1061917110,"sender":{"age":17,"area":"苏州","card":"ㄌㄧㄥㄓㄨㄊㄧㄥㄈㄥ","level":"吐槽","nickname":"聆竹听风","role":"member","sex":"unknown","title":"","user_id":1144107042},"sub_type":"normal","time":1580798381,"user_id":1144107042}
[20-02-04 14:39:41] [PicqBotX] [DEBUG(java.lang.Thread.run:748)] 收到新请求: CQHttp/4.10.1
[20-02-04 14:39:41] [PicqBotX] [DEBUG(java.lang.Thread.run:748)] - 数据: {"anonymous":null,"font":81591944,"group_id":522394334,"message":"第999段 速度193.89 击键7.74 码长2.39 字数482 时间02:28.23 回改9 退格12 键数1147 峰值223.88/9.73/2.2 校检:c6f15 极速跟打器v1.48","message_id":1158,"message_type":"group","post_type":"message","raw_message":"第999段 速度193.89 击键7.74 码长2.39 字数482 时间02:28.23 回改9 退格12 键数1147 峰值223.88/9.73/2.2 校检:c6f15 极速跟打器v1.48","self_id":1061917110,"sender":{"age":0,"area":"","card":"沉石-搜狗五笔","level":"中级","nickname":"沉石","role":"member","sex":"unknown","title":"","user_id":1157477506},"sub_type":"normal","time":1580798381,"user_id":1157477506}
[20-02-04 14:39:43] [PicqBotX] [DEBUG(java.lang.Thread.run:748)] 收到新请求: CQHttp/4.10.1
[20-02-04 14:39:43] [PicqBotX] [DEBUG(java.lang.Thread.run:748)] - 数据: {"anonymous":null,"font":81591720,"group_id":974172771,"message":"[CQ:face,id=182]","message_id":1159,"message_type":"group","post_type":"message","raw_message":"[CQ:face,id=182]","self_id":1061917110,"sender":{"age":17,"area":"苏州","card":"ㄌㄧㄥㄓㄨㄊㄧㄥㄈㄥ","level":"吐槽","nickname":"聆竹听风","role":"member","sex":"unknown","title":"","user_id":1144107042},"sub_type":"normal","time":1580798383,"user_id":1144107042}
[20-02-04 14:39:44] [PicqBotX] [DEBUG(java.lang.Thread.run:748)] 收到新请求: CQHttp/4.10.1
[20-02-04 14:39:44] [PicqBotX] [DEBUG(java.lang.Thread.run:748)] - 数据: {"anonymous":null,"font":81591560,"group_id":522394334,"message":"检测到有人发比赛认证段，自动关闭机器人的发文功能。","message_id":1160,"message_type":"group","post_type":"message","raw_message":"检测到有人发比赛认证段，自动关闭机器人的发文功能。","self_id":1061917110,"sender":{"age":6,"area":"北京","card":"","level":"小白","nickname":"小拆","role":"member","sex":"male","title":"","user_id":207938707},"sub_type":"normal","time":1580798383,"user_id":207938707}
[20-02-04 14:39:48] [PicqBotX] [DEBUG(java.lang.Thread.run:748)] 收到新请求: CQHttp/4.10.1
[20-02-04 14:39:48] [PicqBotX] [DEBUG(java.lang.Thread.run:748)] - 数据: {"anonymous":null,"font":81592840,"group_id":974172771,"message":"口水长流[CQ:face,id=182][CQ:face,id=182][CQ:face,id=182]","message_id":1161,"message_type":"group","post_type":"message","raw_message":"口水长流[CQ:face,id=182][CQ:face,id=182][CQ:face,id=182]","self_id":1061917110,"sender":{"age":0,"area":"长沙","card":"","level":"冒泡","nickname":"邦邦","role":"admin","sex":"unknown","title":"","user_id":1279547700},"sub_type":"normal","time":1580798388,"user_id":1279547700}
[20-02-04 14:40:05] [PicqBotX] [DEBUG(java.lang.Thread.run:748)] 收到新请求: CQHttp/4.10.1
[20-02-04 14:40:05] [PicqBotX] [DEBUG(java.lang.Thread.run:748)] - 数据: {"anonymous":null,"font":81591624,"group_id":974172771,"message":"长流长流长流","message_id":1162,"message_type":"group","post_type":"message","raw_message":"长流长流长流","self_id":1061917110,"sender":{"age":0,"area":"长沙","card":"","level":"冒泡","nickname":"邦邦","role":"admin","sex":"unknown","title":"","user_id":1279547700},"sub_type":"normal","time":1580798405,"user_id":1279547700}
[20-02-04 14:40:07] [PicqBotX] [DEBUG(java.lang.Thread.run:748)] 收到新请求: CQHttp/4.10.1
[20-02-04 14:40:07] [PicqBotX] [DEBUG(java.lang.Thread.run:748)] - 数据: {"anonymous":null,"font":81591848,"group_id":974172771,"message":"#长流成绩","message_id":1163,"message_type":"group","post_type":"message","raw_message":"#长流成绩","self_id":1061917110,"sender":{"age":8,"area":"广州","card":"谭宇","level":"话唠","nickname":"0 4 . 2 2","role":"owner","sex":"unknown","title":"","user_id":1061917196},"sub_type":"normal","time":1580798407,"user_id":1061917196}
[20-02-04 14:40:09] [PicqBotX] [DEBUG(java.lang.Thread.run:748)] 收到新请求: CQHttp/4.10.1
[20-02-04 14:40:09] [PicqBotX] [DEBUG(java.lang.Thread.run:748)] - 数据: {"file":{"busid":102,"id":"/300d527e-4719-11ea-adae-5452007b698a","name":"90掉进宇宙黑洞里，会发生什么2020.2.2.txt","size":380},"group_id":522394334,"notice_type":"group_upload","post_type":"notice","self_id":1061917110,"time":1580798409,"user_id":573294473}
[20-02-04 14:40:13] [PicqBotX] [DEBUG(java.lang.Thread.run:748)] 收到新请求: CQHttp/4.10.1
[20-02-04 14:40:13] [PicqBotX] [DEBUG(java.lang.Thread.run:748)] - 数据: {"file":{"busid":102,"id":"/3276bfaa-4719-11ea-8ba5-5452007bd6c0","name":"90掉进宇宙黑洞里，会发生什么2020.2.2.mp3","size":2087469},"group_id":522394334,"notice_type":"group_upload","post_type":"notice","self_id":1061917110,"time":1580798414,"user_id":573294473}
[20-02-04 14:40:14] [PicqBotX] [DEBUG(java.lang.Thread.run:748)] 收到新请求: CQHttp/4.10.1
[20-02-04 14:40:14] [PicqBotX] [DEBUG(java.lang.Thread.run:748)] - 数据: {"anonymous":null,"font":81591912,"group_id":974172771,"message":"竟然有词","message_id":1167,"message_type":"group","post_type":"message","raw_message":"竟然有词","self_id":1061917110,"sender":{"age":0,"area":"长沙","card":"","level":"冒泡","nickname":"邦邦","role":"admin","sex":"unknown","title":"","user_id":1279547700},"sub_type":"normal","time":1580798414,"user_id":1279547700}
[20-02-04 14:40:24] [PicqBotX] [DEBUG(java.lang.Thread.run:748)] 收到新请求: CQHttp/4.10.1
[20-02-04 14:40:24] [PicqBotX] [DEBUG(java.lang.Thread.run:748)] - 数据: {"anonymous":null,"font":81591816,"group_id":974172771,"message":"吊他妈","message_id":1168,"message_type":"group","post_type":"message","raw_message":"吊他妈","self_id":1061917110,"sender":{"age":8,"area":"广州","card":"谭宇","level":"话唠","nickname":"0 4 . 2 2","role":"owner","sex":"unknown","title":"","user_id":1061917196},"sub_type":"normal","time":1580798424,"user_id":1061917196}
[20-02-04 14:40:36] [PicqBotX] [DEBUG(java.lang.Thread.run:748)] 收到新请求: CQHttp/4.10.1
[20-02-04 14:40:36] [PicqBotX] [DEBUG(java.lang.Thread.run:748)] - 数据: {"anonymous":null,"font":81591752,"group_id":41639633,"message":"第4段 速度176.09 击键7.34 码长2.50 回改0 错字0 键数25 键准100% 字数10 &#91;发&#93;0.68s 打词0 起步208.29/9.03/2.60 评分：[CQ:image,file=3EBEC07FB649C37F32017C1CDBED5E02.png,url=https://gchat.qpic.cn/gchatpic_new/891602425/2121639633-2986723007-3EBEC07FB649C37F32017C1CDBED5E02/0?term=2]  个签：2月争取100单字！ y16","message_id":1170,"message_type":"group","post_type":"message","raw_message":"第4段 速度176.09 击键7.34 码长2.50 回改0 错字0 键数25 键准100% 字数10 &#91;发&#93;0.68s 打词0 起步208.29/9.03/2.60 评分：[CQ:image,file=3EBEC07FB649C37F32017C1CDBED5E02.png]  个签：2月争取100单字！ y16","self_id":1061917110,"sender":{"age":0,"area":"","card":"【091】小小白","level":"键侠","nickname":"速度100之前不改名","role":"member","sex":"unknown","title":"","user_id":891602425},"sub_type":"normal","time":1580798436,"user_id":891602425}
[20-02-04 14:40:36] [PicqBotX] [DEBUG(java.lang.Thread.run:748)] 收到新请求: CQHttp/4.10.1
[20-02-04 14:40:36] [PicqBotX] [DEBUG(java.lang.Thread.run:748)] - 数据: {"anonymous":null,"font":81591784,"group_id":26053477,"message":"第16700段 速度34.19 回改2 错字0 击键2.49 码长4.37 单字103% 重打1次80字 标记关 防伪y5 峰值60.00/3.56/3.40 QQ09+ 搜狗五笔 201314","message_id":1169,"message_type":"group","post_type":"message","raw_message":"第16700段 速度34.19 回改2 错字0 击键2.49 码长4.37 单字103% 重打1次80字 标记关 防伪y5 峰值60.00/3.56/3.40 QQ09+ 搜狗五笔 201314","self_id":1061917110,"sender":{"age":21,"area":"","card":"【辽宁】♂溪水","level":"高手","nickname":"溪水","role":"member","sex":"male","title":"","user_id":2595885203},"sub_type":"normal","time":1580798436,"user_id":2595885203}
[20-02-04 14:40:39] [PicqBotX] [DEBUG(java.lang.Thread.run:748)] 收到新请求: CQHttp/4.10.1
[20-02-04 14:40:39] [PicqBotX] [DEBUG(java.lang.Thread.run:748)] - 数据: {"anonymous":null,"font":81591752,"group_id":26053477,"message":"国标字库分段（二）\r\n鄂容墟源几伺磷还褥共尊丸钡黔喳围你坐碑拢伟呆批哲缺牲神咒泅迢粗熏嗅敛译羔囚盯渝炼那品锡纳恿席拿买满樱壳旗韩志弓午撞计情润茁培介憋厌舔溅舅实雨氏惑狂仆桅区远惜融韭\r\n-----第16701段-乱序--c.fw.1.5","message_id":1171,"message_type":"group","post_type":"message","raw_message":"国标字库分段（二）\r\n鄂容墟源几伺磷还褥共尊丸钡黔喳围你坐碑拢伟呆批哲缺牲神咒泅迢粗熏嗅敛译羔囚盯渝炼那品锡纳恿席拿买满樱壳旗韩志弓午撞计情润茁培介憋厌舔溅舅实雨氏惑狂仆桅区远惜融韭\r\n-----第16701段-乱序--c.fw.1.5","self_id":1061917110,"sender":{"age":6,"area":"北京","card":"【北京】♀小拆","level":"圣手","nickname":"小拆","role":"admin","sex":"male","title":"","user_id":207938707},"sub_type":"normal","time":1580798439,"user_id":207938707}
[20-02-04 14:40:46] [PicqBotX] [DEBUG(java.lang.Thread.run:748)] 收到新请求: CQHttp/4.10.1
[20-02-04 14:40:46] [PicqBotX] [DEBUG(java.lang.Thread.run:748)] - 数据: {"anonymous":null,"font":81592104,"group_id":41639633,"message":"第999段 速度143.20 击键5.23 回改20(6.02s) 连改4 退格6 回车0 键准94.02% 码长2.19 选重21 错字0 字数423 键数920 用时2:55.982 峰值176.52/5.32/1.56 打词0 回改率6.19% 停留&#91;影响力&#93;3.06s 效率157% &#91;左376:301&#93; 输入法:小狼毫 起打于14:37:59 赛文验证:00420 校验:02807 个签:完美主义者都该死 t46.15","message_id":1172,"message_type":"group","post_type":"message","raw_message":"第999段 速度143.20 击键5.23 回改20(6.02s) 连改4 退格6 回车0 键准94.02% 码长2.19 选重21 错字0 字数423 键数920 用时2:55.982 峰值176.52/5.32/1.56 打词0 回改率6.19% 停留&#91;影响力&#93;3.06s 效率157% &#91;左376:301&#93; 输入法:小狼毫 起打于14:37:59 赛文验证:00420 校验:02807 个签:完美主义者都该死 t46.15","self_id":1061917110,"sender":{"age":27,"area":"北京","card":"【八六】浪子","level":"键师","nickname":"孤独患者","role":"member","sex":"unknown","title":"","user_id":1447316870},"sub_type":"normal","time":1580798446,"user_id":1447316870}
[20-02-04 14:40:52] [PicqBotX] [DEBUG(java.lang.Thread.run:748)] 收到新请求: CQHttp/4.10.1
[20-02-04 14:40:52] [PicqBotX] [DEBUG(java.lang.Thread.run:748)] - 数据: {"anonymous":null,"font":81591944,"group_id":974172771,"message":"长流","message_id":1173,"message_type":"group","post_type":"message","raw_message":"长流","self_id":1061917110,"sender":{"age":17,"area":"苏州","card":"ㄌㄧㄥㄓㄨㄊㄧㄥㄈㄥ","level":"吐槽","nickname":"聆竹听风","role":"member","sex":"unknown","title":"","user_id":1144107042},"sub_type":"normal","time":1580798452,"user_id":1144107042}
[20-02-04 14:40:53] [PicqBotX] [DEBUG(java.lang.Thread.run:748)] 收到新请求: CQHttp/4.10.1
[20-02-04 14:40:53] [PicqBotX] [DEBUG(java.lang.Thread.run:748)] - 数据: {"anonymous":null,"font":81591400,"group_id":974172771,"message":"[CQ:at,qq=1061917196] 你用cqhttp有用开发框架吗","message_id":1174,"message_type":"group","post_type":"message","raw_message":"[CQ:at,qq=1061917196] 你用cqhttp有用开发框架吗","self_id":1061917110,"sender":{"age":0,"area":"长沙","card":"","level":"冒泡","nickname":"邦邦","role":"admin","sex":"unknown","title":"","user_id":1279547700},"sub_type":"normal","time":1580798453,"user_id":1279547700}
[20-02-04 14:40:53] [PicqBotX] [DEBUG(java.lang.Thread.run:748)] 收到新请求: CQHttp/4.10.1
[20-02-04 14:40:53] [PicqBotX] [DEBUG(java.lang.Thread.run:748)] - 数据: {"anonymous":null,"font":81592104,"group_id":522394334,"message":"第1段 速度52.03 击键2.29 码长2.64 标顶理论1.94 字数247 回改30 退格53 错字0 键数653 选重0 键准74.85% 键法102.05%(左249:右244:空格95) 打词率64.98% 选重率0.00% 长流跟打器v2.00 Windows 7版 校验码RS@&#93;W","message_id":1175,"message_type":"group","post_type":"message","raw_message":"第1段 速度52.03 击键2.29 码长2.64 标顶理论1.94 字数247 回改30 退格53 错字0 键数653 选重0 键准74.85% 键法102.05%(左249:右244:空格95) 打词率64.98% 选重率0.00% 长流跟打器v2.00 Windows 7版 校验码RS@&#93;W","self_id":1061917110,"sender":{"age":0,"area":"","card":"5拉阿里-小鹤音形","level":"了解群图文件","nickname":"5拉阿里","role":"member","sex":"unknown","title":"","user_id":809239189},"sub_type":"normal","time":1580798453,"user_id":809239189}
[20-02-04 14:40:59] [PicqBotX] [DEBUG(java.lang.Thread.run:748)] 收到新请求: CQHttp/4.10.1
[20-02-04 14:40:59] [PicqBotX] [DEBUG(java.lang.Thread.run:748)] - 数据: {"anonymous":null,"font":81591688,"group_id":26053477,"message":"？","message_id":1176,"message_type":"group","post_type":"message","raw_message":"？","self_id":1061917110,"sender":{"age":21,"area":"","card":"【辽宁】♂溪水","level":"高手","nickname":"溪水","role":"member","sex":"male","title":"","user_id":2595885203},"sub_type":"normal","time":1580798459,"user_id":2595885203}
[20-02-04 14:41:00] [PicqBotX] [DEBUG(java.lang.Thread.run:748)] 收到新请求: CQHttp/4.10.1
[20-02-04 14:41:00] [PicqBotX] [DEBUG(java.lang.Thread.run:748)] - 数据: {"anonymous":null,"font":81591528,"group_id":974172771,"message":"有","message_id":1177,"message_type":"group","post_type":"message","raw_message":"有","self_id":1061917110,"sender":{"age":8,"area":"广州","card":"谭宇","level":"话唠","nickname":"0 4 . 2 2","role":"owner","sex":"unknown","title":"","user_id":1061917196},"sub_type":"normal","time":1580798460,"user_id":1061917196}
[20-02-04 14:41:05] [PicqBotX] [DEBUG(java.lang.Thread.run:748)] 收到新请求: CQHttp/4.10.1
[20-02-04 14:41:05] [PicqBotX] [DEBUG(java.lang.Thread.run:748)] - 数据: {"anonymous":null,"font":81592264,"group_id":974172771,"message":"java的框架","message_id":1178,"message_type":"group","post_type":"message","raw_message":"java的框架","self_id":1061917110,"sender":{"age":8,"area":"广州","card":"谭宇","level":"话唠","nickname":"0 4 . 2 2","role":"owner","sex":"unknown","title":"","user_id":1061917196},"sub_type":"normal","time":1580798465,"user_id":1061917196}
[20-02-04 14:41:28] [PicqBotX] [DEBUG(java.lang.Thread.run:748)] 收到新请求: CQHttp/4.10.1
[20-02-04 14:41:28] [PicqBotX] [DEBUG(java.lang.Thread.run:748)] - 数据: {"anonymous":null,"font":81591688,"group_id":974172771,"message":"[CQ:face,id=182]我写的时候是裸的[CQ:face,id=178]","message_id":1179,"message_type":"group","post_type":"message","raw_message":"[CQ:face,id=182]我写的时候是裸的[CQ:face,id=178]","self_id":1061917110,"sender":{"age":0,"area":"长沙","card":"","level":"冒泡","nickname":"邦邦","role":"admin","sex":"unknown","title":"","user_id":1279547700},"sub_type":"normal","time":1580798488,"user_id":1279547700}
[20-02-04 14:41:31] [PicqBotX] [DEBUG(java.lang.Thread.run:748)] 收到新请求: CQHttp/4.10.1
[20-02-04 14:41:31] [PicqBotX] [DEBUG(java.lang.Thread.run:748)] - 数据: {"anonymous":null,"font":81591976,"group_id":26053477,"message":"上不了屏什么原因","message_id":1180,"message_type":"group","post_type":"message","raw_message":"上不了屏什么原因","self_id":1061917110,"sender":{"age":31,"area":"","card":"【河南】♂蛮牛","level":"熟手","nickname":"牛","role":"member","sex":"unknown","title":"","user_id":250213591},"sub_type":"normal","time":1580798491,"user_id":250213591}
[20-02-04 14:41:42] [PicqBotX] [DEBUG(java.lang.Thread.run:748)] 收到新请求: CQHttp/4.10.1
[20-02-04 14:41:42] [PicqBotX] [DEBUG(java.lang.Thread.run:748)] - 数据: {"anonymous":null,"font":81591368,"group_id":974172771,"message":"裸的怎么接","message_id":1181,"message_type":"group","post_type":"message","raw_message":"裸的怎么接","self_id":1061917110,"sender":{"age":8,"area":"广州","card":"谭宇","level":"话唠","nickname":"0 4 . 2 2","role":"owner","sex":"unknown","title":"","user_id":1061917196},"sub_type":"normal","time":1580798502,"user_id":1061917196}
[20-02-04 14:41:44] [PicqBotX] [DEBUG(java.lang.Thread.run:748)] 收到新请求: CQHttp/4.10.1
[20-02-04 14:41:44] [PicqBotX] [DEBUG(java.lang.Thread.run:748)] - 数据: {"anonymous":null,"font":81591848,"group_id":974172771,"message":"直接对接cqhttp[CQ:face,id=182]","message_id":1182,"message_type":"group","post_type":"message","raw_message":"直接对接cqhttp[CQ:face,id=182]","self_id":1061917110,"sender":{"age":0,"area":"长沙","card":"","level":"冒泡","nickname":"邦邦","role":"admin","sex":"unknown","title":"","user_id":1279547700},"sub_type":"normal","time":1580798504,"user_id":1279547700}
[20-02-04 14:41:48] [PicqBotX] [DEBUG(java.lang.Thread.run:748)] 收到新请求: CQHttp/4.10.1
[20-02-04 14:41:48] [PicqBotX] [DEBUG(java.lang.Thread.run:748)] - 数据: {"anonymous":null,"font":81592328,"group_id":12941287,"message":"#赛文","message_id":1183,"message_type":"group","post_type":"message","raw_message":"#赛文","self_id":1061917110,"sender":{"age":24,"area":"泉州","card":"/kl 衰仔","level":"仙","nickname":"样衰","role":"admin","sex":"unknown","title":"","user_id":1490987944},"sub_type":"normal","time":1580798508,"user_id":1490987944}
[20-02-04 14:41:49] [PicqBotX] [DEBUG(java.lang.Thread.run:748)] 收到新请求: CQHttp/4.10.1
[20-02-04 14:41:49] [PicqBotX] [DEBUG(java.lang.Thread.run:748)] - 数据: {"anonymous":null,"font":81592232,"group_id":12941287,"message":"五笔聚贤阁第516期-沉石制作\r\n写完这本书后，我又写了一本人生随笔，然后进入文化考察的又一个新阶段，即驱车数万公里逐一拜谒人类历史上一切发生过重大影响的文明。一路历尽危难，却从未退缩，因为我在陌生的异国荒原上找到了返现中华文明的方位，时时校正着国内考察时的各种感悟。我把《山居笔记》的续篇，写到了开罗的死城边、耶路撒冷的小巷口；海湾和南亚沙尘覆盖的大炮下。在那里才明白，即便走遍中国也很难真正了解中国，因此经常与同行的伙伴们感叹：“不识庐山真面目，只缘身在此山中。”除台湾尔雅版的繁体字版外，这本文汇版的简体字版已印了三十五万册，我亲自从读者手里买得的盗版本有十二种。经常看到有人在报刊上否认目前盗版的严重事实，批判反盗版是“炒作”，我便特地编撰了《盗版二十六例》置之《霜冷长河》精装本卷首，其中选印了《山居笔记》的不同盗版本封面八种，使文化盗贼们无可抵赖。谁知这些年趁我远行历险，他们在国内闹成一团，无非是想用诽谤遮盖盗窃，连当年翻云覆雨的黑影也拉出来了。对他们当然不能再用规劝的办法，因此把本书初版的代序撤去，其他地方也有一些相应的改动。正该取笑他们没有把手中的偷盗物细看一番：文明和邪恶不可混淆，历史和法律不容侮弄，恰恰是本书的内容。——2001年11月3日\r\n-----第999段-1200S-516Z-3L-43453f08V--c.sw.1.1\r\n本文由 《山居笔记》 组成","message_id":1184,"message_type":"group","post_type":"message","raw_message":"五笔聚贤阁第516期-沉石制作\r\n写完这本书后，我又写了一本人生随笔，然后进入文化考察的又一个新阶段，即驱车数万公里逐一拜谒人类历史上一切发生过重大影响的文明。一路历尽危难，却从未退缩，因为我在陌生的异国荒原上找到了返现中华文明的方位，时时校正着国内考察时的各种感悟。我把《山居笔记》的续篇，写到了开罗的死城边、耶路撒冷的小巷口；海湾和南亚沙尘覆盖的大炮下。在那里才明白，即便走遍中国也很难真正了解中国，因此经常与同行的伙伴们感叹：“不识庐山真面目，只缘身在此山中。”除台湾尔雅版的繁体字版外，这本文汇版的简体字版已印了三十五万册，我亲自从读者手里买得的盗版本有十二种。经常看到有人在报刊上否认目前盗版的严重事实，批判反盗版是“炒作”，我便特地编撰了《盗版二十六例》置之《霜冷长河》精装本卷首，其中选印了《山居笔记》的不同盗版本封面八种，使文化盗贼们无可抵赖。谁知这些年趁我远行历险，他们在国内闹成一团，无非是想用诽谤遮盖盗窃，连当年翻云覆雨的黑影也拉出来了。对他们当然不能再用规劝的办法，因此把本书初版的代序撤去，其他地方也有一些相应的改动。正该取笑他们没有把手中的偷盗物细看一番：文明和邪恶不可混淆，历史和法律不容侮弄，恰恰是本书的内容。——2001年11月3日\r\n-----第999段-1200S-516Z-3L-43453f08V--c.sw.1.1\r\n本文由 《山居笔记》 组成","self_id":1061917110,"sender":{"age":6,"area":"北京","card":"/kl 小拆","level":"神","nickname":"小拆","role":"member","sex":"male","title":"","user_id":207938707},"sub_type":"normal","time":1580798509,"user_id":207938707}
[20-02-04 14:41:51] [PicqBotX] [DEBUG(java.lang.Thread.run:748)] 收到新请求: CQHttp/4.10.1
[20-02-04 14:41:51] [PicqBotX] [DEBUG(java.lang.Thread.run:748)] - 数据: {"anonymous":null,"font":81591400,"group_id":974172771,"message":"那收不到信息啊","message_id":1185,"message_type":"group","post_type":"message","raw_message":"那收不到信息啊","self_id":1061917110,"sender":{"age":8,"area":"广州","card":"谭宇","level":"话唠","nickname":"0 4 . 2 2","role":"owner","sex":"unknown","title":"","user_id":1061917196},"sub_type":"normal","time":1580798511,"user_id":1061917196}
[20-02-04 14:41:54] [PicqBotX] [DEBUG(java.lang.Thread.run:748)] 收到新请求: CQHttp/4.10.1
[20-02-04 14:41:54] [PicqBotX] [DEBUG(java.lang.Thread.run:748)] - 数据: {"anonymous":null,"font":81592232,"group_id":974172771,"message":"就只能发","message_id":1186,"message_type":"group","post_type":"message","raw_message":"就只能发","self_id":1061917110,"sender":{"age":8,"area":"广州","card":"谭宇","level":"话唠","nickname":"0 4 . 2 2","role":"owner","sex":"unknown","title":"","user_id":1061917196},"sub_type":"normal","time":1580798514,"user_id":1061917196}
[20-02-04 14:41:58] [PicqBotX] [DEBUG(java.lang.Thread.run:748)] 收到新请求: CQHttp/4.10.1
[20-02-04 14:41:58] [PicqBotX] [DEBUG(java.lang.Thread.run:748)] - 数据: {"anonymous":null,"font":81591656,"group_id":28534214,"message":"第999段 速度141.45 击键7.39 码长3.13 回改46 错字0 键数1489 退格45 键准93.55% 字数475 &#91;鸣唱织&#93;8.82s 打词88(38.95%/6.66) &#91;是&#93;2次 起步212.01/7.95/2.25 重打3次(499字) 波动0.92 键法40.86%(左521:754) 评分：[CQ:image,file=25D49EC3EC02F7476E43588F8ED45900.png,url=https://gchat.qpic.cn/gchatpic_new/1648749633/2108534214-3195268944-25D49EC3EC02F7476E43588F8ED45900/0?term=2]  输入法：QQ五笔 起打于14:38:38 个签：静心学习、耐心沉沦—小阿浩 y16","message_id":1187,"message_type":"group","post_type":"message","raw_message":"第999段 速度141.45 击键7.39 码长3.13 回改46 错字0 键数1489 退格45 键准93.55% 字数475 &#91;鸣唱织&#93;8.82s 打词88(38.95%/6.66) &#91;是&#93;2次 起步212.01/7.95/2.25 重打3次(499字) 波动0.92 键法40.86%(左521:754) 评分：[CQ:image,file=25D49EC3EC02F7476E43588F8ED45900.png]  输入法：QQ五笔 起打于14:38:38 个签：静心学习、耐心沉沦—小阿浩 y16","self_id":1061917110,"sender":{"age":0,"area":"","card":"「广东」小啊浩","level":"梦幻键侠","nickname":"小啊浩","role":"admin","sex":"unknown","title":"","user_id":1648749633},"sub_type":"normal","time":1580798518,"user_id":1648749633}
[20-02-04 14:42:01] [PicqBotX] [DEBUG(java.lang.Thread.run:748)] 收到新请求: CQHttp/4.10.1
[20-02-04 14:42:01] [PicqBotX] [DEBUG(java.lang.Thread.run:748)] - 数据: {"anonymous":null,"font":81591752,"group_id":974172771,"message":"他给json我回json","message_id":1188,"message_type":"group","post_type":"message","raw_message":"他给json我回json","self_id":1061917110,"sender":{"age":0,"area":"长沙","card":"","level":"冒泡","nickname":"邦邦","role":"admin","sex":"unknown","title":"","user_id":1279547700},"sub_type":"normal","time":1580798521,"user_id":1279547700}
[20-02-04 14:42:05] [PicqBotX] [DEBUG(java.lang.Thread.run:748)] 收到新请求: CQHttp/4.10.1
[20-02-04 14:42:05] [PicqBotX] [DEBUG(java.lang.Thread.run:748)] - 数据: {"anonymous":null,"font":81591816,"group_id":41639633,"message":"第4段 速度196.94 击键8.21 码长2.50 回改0 错字0 键数25 键准100% 字数10 &#91;发&#93;0.42s 打词0 起步223.62/9.69/2.60 评分：[CQ:image,file=75DE20E564BEAD4D6218FEE20718804E.png,url=https://gchat.qpic.cn/gchatpic_new/891602425/2121639633-2161338055-75DE20E564BEAD4D6218FEE20718804E/0?term=2]  个签：2月争取100单字！ y16","message_id":1189,"message_type":"group","post_type":"message","raw_message":"第4段 速度196.94 击键8.21 码长2.50 回改0 错字0 键数25 键准100% 字数10 &#91;发&#93;0.42s 打词0 起步223.62/9.69/2.60 评分：[CQ:image,file=75DE20E564BEAD4D6218FEE20718804E.png]  个签：2月争取100单字！ y16","self_id":1061917110,"sender":{"age":0,"area":"","card":"【091】小小白","level":"键侠","nickname":"速度100之前不改名","role":"member","sex":"unknown","title":"","user_id":891602425},"sub_type":"normal","time":1580798525,"user_id":891602425}
[20-02-04 14:42:11] [PicqBotX] [DEBUG(java.lang.Thread.run:748)] 收到新请求: CQHttp/4.10.1
[20-02-04 14:42:11] [PicqBotX] [DEBUG(java.lang.Thread.run:748)] - 数据: {"anonymous":null,"font":81592136,"group_id":974172771,"message":"他怎么给你json…………","message_id":1190,"message_type":"group","post_type":"message","raw_message":"他怎么给你json…………","self_id":1061917110,"sender":{"age":8,"area":"广州","card":"谭宇","level":"话唠","nickname":"0 4 . 2 2","role":"owner","sex":"unknown","title":"","user_id":1061917196},"sub_type":"normal","time":1580798531,"user_id":1061917196}
[20-02-04 14:42:21] [PicqBotX] [DEBUG(java.lang.Thread.run:748)] 收到新请求: CQHttp/4.10.1
[20-02-04 14:42:21] [PicqBotX] [DEBUG(java.lang.Thread.run:748)] - 数据: {"anonymous":null,"font":81591976,"group_id":974172771,"message":"有事件上报的","message_id":1191,"message_type":"group","post_type":"message","raw_message":"有事件上报的","self_id":1061917110,"sender":{"age":0,"area":"长沙","card":"","level":"冒泡","nickname":"邦邦","role":"admin","sex":"unknown","title":"","user_id":1279547700},"sub_type":"normal","time":1580798541,"user_id":1279547700}
[20-02-04 14:42:26] [PicqBotX] [DEBUG(java.lang.Thread.run:748)] 收到新请求: CQHttp/4.10.1
[20-02-04 14:42:26] [PicqBotX] [DEBUG(java.lang.Thread.run:748)] - 数据: {"anonymous":null,"font":81592328,"group_id":974172771,"message":"喔","message_id":1192,"message_type":"group","post_type":"message","raw_message":"喔","self_id":1061917110,"sender":{"age":8,"area":"广州","card":"谭宇","level":"话唠","nickname":"0 4 . 2 2","role":"owner","sex":"unknown","title":"","user_id":1061917196},"sub_type":"normal","time":1580798546,"user_id":1061917196}
[20-02-04 14:42:31] [PicqBotX] [DEBUG(java.lang.Thread.run:748)] 收到新请求: CQHttp/4.10.1
[20-02-04 14:42:31] [PicqBotX] [DEBUG(java.lang.Thread.run:748)] - 数据: {"anonymous":null,"font":81591848,"group_id":974172771,"message":"我开个http服务器给他","message_id":1193,"message_type":"group","post_type":"message","raw_message":"我开个http服务器给他","self_id":1061917110,"sender":{"age":0,"area":"长沙","card":"","level":"冒泡","nickname":"邦邦","role":"admin","sex":"unknown","title":"","user_id":1279547700},"sub_type":"normal","time":1580798551,"user_id":1279547700}
[20-02-04 14:42:34] [PicqBotX] [DEBUG(java.lang.Thread.run:748)] 收到新请求: CQHttp/4.10.1
[20-02-04 14:42:34] [PicqBotX] [DEBUG(java.lang.Thread.run:748)] - 数据: {"anonymous":null,"font":81592136,"group_id":974172771,"message":"他post给我","message_id":1194,"message_type":"group","post_type":"message","raw_message":"他post给我","self_id":1061917110,"sender":{"age":0,"area":"长沙","card":"","level":"冒泡","nickname":"邦邦","role":"admin","sex":"unknown","title":"","user_id":1279547700},"sub_type":"normal","time":1580798554,"user_id":1279547700}
[20-02-04 14:42:39] [PicqBotX] [DEBUG(java.lang.Thread.run:748)] 收到新请求: CQHttp/4.10.1
[20-02-04 14:42:39] [PicqBotX] [DEBUG(java.lang.Thread.run:748)] - 数据: {"anonymous":null,"font":81592008,"group_id":974172771,"message":"我jsong给他","message_id":1195,"message_type":"group","post_type":"message","raw_message":"我jsong给他","self_id":1061917110,"sender":{"age":0,"area":"长沙","card":"","level":"冒泡","nickname":"邦邦","role":"admin","sex":"unknown","title":"","user_id":1279547700},"sub_type":"normal","time":1580798559,"user_id":1279547700}
[20-02-04 14:42:41] [PicqBotX] [DEBUG(java.lang.Thread.run:748)] 收到新请求: CQHttp/4.10.1
[20-02-04 14:42:41] [PicqBotX] [DEBUG(java.lang.Thread.run:748)] - 数据: {"anonymous":null,"font":81591848,"group_id":974172771,"message":"[CQ:face,id=182]","message_id":1196,"message_type":"group","post_type":"message","raw_message":"[CQ:face,id=182]","self_id":1061917110,"sender":{"age":0,"area":"长沙","card":"","level":"冒泡","nickname":"邦邦","role":"admin","sex":"unknown","title":"","user_id":1279547700},"sub_type":"normal","time":1580798561,"user_id":1279547700}
[20-02-04 14:42:48] [PicqBotX] [DEBUG(java.lang.Thread.run:748)] 收到新请求: CQHttp/4.10.1
[20-02-04 14:42:48] [PicqBotX] [DEBUG(java.lang.Thread.run:748)] - 数据: {"anonymous":null,"font":81591688,"group_id":522394334,"message":"第999段 速度90.21/91.16 击键4.60 码长3.02 回改84 错字1 键数1458 退格30 键准79.29% 字数482 &#91;万物&#93;18.55s 打词123(53.11%/4.37) &#91;处&#93;4次 起步60.10/5.51/5.50 重打1次(8字) 波动6.53 键法49.25%(左628:647) 评分：[CQ:image,file=59A0AFD755C3369ECC6C630BF80893A9.png,url=https://gchat.qpic.cn/gchatpic_new/61560223/522394334-2545074353-59A0AFD755C3369ECC6C630BF80893A9/0?term=2]  输入法：极点五笔 起打于14:37:50 个签：富兰克林有句名言：人的一生有两件事是不可避免的，一是死亡，一是选重。 y16","message_id":1197,"message_type":"group","post_type":"message","raw_message":"第999段 速度90.21/91.16 击键4.60 码长3.02 回改84 错字1 键数1458 退格30 键准79.29% 字数482 &#91;万物&#93;18.55s 打词123(53.11%/4.37) &#91;处&#93;4次 起步60.10/5.51/5.50 重打1次(8字) 波动6.53 键法49.25%(左628:647) 评分：[CQ:image,file=59A0AFD755C3369ECC6C630BF80893A9.png]  输入法：极点五笔 起打于14:37:50 个签：富兰克林有句名言：人的一生有两件事是不可避免的，一是死亡，一是选重。 y16","self_id":1061917110,"sender":{"age":0,"area":"","card":"形上","level":"了解群图书馆","nickname":"大道至简（形上）","role":"member","sex":"unknown","title":"","user_id":61560223},"sub_type":"normal","time":1580798568,"user_id":61560223}
[20-02-04 14:42:49] [PicqBotX] [DEBUG(java.lang.Thread.run:748)] 收到新请求: CQHttp/4.10.1
[20-02-04 14:42:49] [PicqBotX] [DEBUG(java.lang.Thread.run:748)] - 数据: {"anonymous":null,"font":81592264,"group_id":974172771,"message":"喔","message_id":1198,"message_type":"group","post_type":"message","raw_message":"喔","self_id":1061917110,"sender":{"age":8,"area":"广州","card":"谭宇","level":"话唠","nickname":"0 4 . 2 2","role":"owner","sex":"unknown","title":"","user_id":1061917196},"sub_type":"normal","time":1580798568,"user_id":1061917196}
[20-02-04 14:42:50] [PicqBotX] [DEBUG(java.lang.Thread.run:748)] 收到新请求: CQHttp/4.10.1
[20-02-04 14:42:50] [PicqBotX] [DEBUG(java.lang.Thread.run:748)] - 数据: {"anonymous":null,"font":81591368,"group_id":522394334,"message":"#成绩首打","message_id":1199,"message_type":"group","post_type":"message","raw_message":"#成绩首打","self_id":1061917110,"sender":{"age":0,"area":"","card":"形上","level":"了解群图书馆","nickname":"大道至简（形上）","role":"member","sex":"unknown","title":"","user_id":61560223},"sub_type":"normal","time":1580798570,"user_id":61560223}
[20-02-04 14:42:51] [PicqBotX] [DEBUG(java.lang.Thread.run:748)] 收到新请求: CQHttp/4.10.1
[20-02-04 14:42:51] [PicqBotX] [DEBUG(java.lang.Thread.run:748)] - 数据: {"anonymous":null,"font":81591848,"group_id":26053477,"message":"第16701段 速度76.05 回改5 错字0 击键5.73 码长4.52 单字106% 标记关 防伪N2 峰值100.00/6.89/3.73 QQ09+ QQ五笔 201314","message_id":1200,"message_type":"group","post_type":"message","raw_message":"第16701段 速度76.05 回改5 错字0 击键5.73 码长4.52 单字106% 标记关 防伪N2 峰值100.00/6.89/3.73 QQ09+ QQ五笔 201314","self_id":1061917110,"sender":{"age":31,"area":"","card":"【河南】♂蛮牛","level":"熟手","nickname":"牛","role":"member","sex":"unknown","title":"","user_id":250213591},"sub_type":"normal","time":1580798571,"user_id":250213591}
[20-02-04 14:42:53] [PicqBotX] [DEBUG(java.lang.Thread.run:748)] 收到新请求: CQHttp/4.10.1
[20-02-04 14:42:53] [PicqBotX] [DEBUG(java.lang.Thread.run:748)] - 数据: {"anonymous":null,"font":81591912,"group_id":522394334,"message":"[CQ:image,file=E1D564B0E1AD665E4B7BB7D1C25EC481.png,url=https://gchat.qpic.cn/gchatpic_new/207938707/522394334-2602955468-E1D564B0E1AD665E4B7BB7D1C25EC481/0?term=2]","message_id":1201,"message_type":"group","post_type":"message","raw_message":"[CQ:image,file=E1D564B0E1AD665E4B7BB7D1C25EC481.png]","self_id":1061917110,"sender":{"age":6,"area":"北京","card":"","level":"小白","nickname":"小拆","role":"member","sex":"male","title":"","user_id":207938707},"sub_type":"normal","time":1580798573,"user_id":207938707}
[20-02-04 14:42:55] [PicqBotX] [DEBUG(java.lang.Thread.run:748)] 收到新请求: CQHttp/4.10.1
[20-02-04 14:42:55] [PicqBotX] [DEBUG(java.lang.Thread.run:748)] - 数据: {"anonymous":null,"font":81591592,"group_id":26053477,"message":"国标字库分段（二）\r\n性抿舍牌斋培骡电宰喳衰哪金枕席苏志挺买巍汀甭该滑披丘昔逞熏毗计围娄想恿陨画溯拢鹿斯姬诽股奈手介扩神伟阎柒扦今胆镣满绪盗耕笆犹凄牲爬谜楼省哲搐烤圭截丸萌拧路坛衬厂\r\n-----第16702段-乱序--c.fw.1.5","message_id":1202,"message_type":"group","post_type":"message","raw_message":"国标字库分段（二）\r\n性抿舍牌斋培骡电宰喳衰哪金枕席苏志挺买巍汀甭该滑披丘昔逞熏毗计围娄想恿陨画溯拢鹿斯姬诽股奈手介扩神伟阎柒扦今胆镣满绪盗耕笆犹凄牲爬谜楼省哲搐烤圭截丸萌拧路坛衬厂\r\n-----第16702段-乱序--c.fw.1.5","self_id":1061917110,"sender":{"age":6,"area":"北京","card":"【北京】♀小拆","level":"圣手","nickname":"小拆","role":"admin","sex":"male","title":"","user_id":207938707},"sub_type":"normal","time":1580798575,"user_id":207938707}
[20-02-04 14:43:11] [PicqBotX] [DEBUG(java.lang.Thread.run:748)] 收到新请求: CQHttp/4.10.1
[20-02-04 14:43:11] [PicqBotX] [DEBUG(java.lang.Thread.run:748)] - 数据: {"anonymous":null,"font":81591944,"group_id":974172771,"message":"我想试试看spring的cqhttp的框架","message_id":1203,"message_type":"group","post_type":"message","raw_message":"我想试试看spring的cqhttp的框架","self_id":1061917110,"sender":{"age":8,"area":"广州","card":"谭宇","level":"话唠","nickname":"0 4 . 2 2","role":"owner","sex":"unknown","title":"","user_id":1061917196},"sub_type":"normal","time":1580798591,"user_id":1061917196}
[20-02-04 14:43:14] [PicqBotX] [DEBUG(java.lang.Thread.run:748)] 收到新请求: CQHttp/4.10.1
[20-02-04 14:43:14] [PicqBotX] [DEBUG(java.lang.Thread.run:748)] - 数据: {"anonymous":null,"font":81592200,"group_id":974172771,"message":"我现在用的是基础包的","message_id":1204,"message_type":"group","post_type":"message","raw_message":"我现在用的是基础包的","self_id":1061917110,"sender":{"age":8,"area":"广州","card":"谭宇","level":"话唠","nickname":"0 4 . 2 2","role":"owner","sex":"unknown","title":"","user_id":1061917196},"sub_type":"normal","time":1580798594,"user_id":1061917196}
[20-02-04 14:43:15] [PicqBotX] [DEBUG(java.lang.Thread.run:748)] 收到新请求: CQHttp/4.10.1
[20-02-04 14:43:15] [PicqBotX] [DEBUG(java.lang.Thread.run:748)] - 数据: {"anonymous":null,"font":81591752,"group_id":522394334,"message":"第999段 速度216.63 击键8.22 码长2.28 字数482 时间02:12.67 回改5 退格3 键数1090 峰值246.62/10.21/1.89 校检:5a1f8 极速跟打器v1.48","message_id":1205,"message_type":"group","post_type":"message","raw_message":"第999段 速度216.63 击键8.22 码长2.28 字数482 时间02:12.67 回改5 退格3 键数1090 峰值246.62/10.21/1.89 校检:5a1f8 极速跟打器v1.48","self_id":1061917110,"sender":{"age":0,"area":"","card":"沉石-搜狗五笔","level":"中级","nickname":"沉石","role":"member","sex":"unknown","title":"","user_id":1157477506},"sub_type":"normal","time":1580798595,"user_id":1157477506}
[20-02-04 14:43:19] [PicqBotX] [DEBUG(java.lang.Thread.run:748)] 收到新请求: CQHttp/4.10.1
[20-02-04 14:43:19] [PicqBotX] [DEBUG(java.lang.Thread.run:748)] - 数据: {"anonymous":null,"font":81591752,"group_id":974172771,"message":"看看spring的代码","message_id":1206,"message_type":"group","post_type":"message","raw_message":"看看spring的代码","self_id":1061917110,"sender":{"age":8,"area":"广州","card":"谭宇","level":"话唠","nickname":"0 4 . 2 2","role":"owner","sex":"unknown","title":"","user_id":1061917196},"sub_type":"normal","time":1580798599,"user_id":1061917196}
[20-02-04 14:43:22] [PicqBotX] [DEBUG(java.lang.Thread.run:748)] 收到新请求: CQHttp/4.10.1
[20-02-04 14:43:22] [PicqBotX] [DEBUG(java.lang.Thread.run:748)] - 数据: {"anonymous":null,"font":81591528,"group_id":522394334,"message":"第999段 速度101.76 击键4.86 码长2.87 回改29 错字0 键数1381 退格40 键准94.57% 字数482 &#91;恤衫&#93;10.19s 打词88(37.97%/4.36) 起步169.87/7.36/2.60 波动1.14 键法46.71%(左589:672) 评分：[CQ:image,file=0FEE206361A55F534AFCBFBF26944453.png,url=https://gchat.qpic.cn/gchatpic_new/571681690/522394334-2513938637-0FEE206361A55F534AFCBFBF26944453/0?term=2]  输入法：QQ五笔 起打于14:38:38 个签：—— 学如逆水行舟，不进则退。 y16","message_id":1207,"message_type":"group","post_type":"message","raw_message":"第999段 速度101.76 击键4.86 码长2.87 回改29 错字0 键数1381 退格40 键准94.57% 字数482 &#91;恤衫&#93;10.19s 打词88(37.97%/4.36) 起步169.87/7.36/2.60 波动1.14 键法46.71%(左589:672) 评分：[CQ:image,file=0FEE206361A55F534AFCBFBF26944453.png]  输入法：QQ五笔 起打于14:38:38 个签：—— 学如逆水行舟，不进则退。 y16","self_id":1061917110,"sender":{"age":0,"area":"","card":"一谦四益-QQ五笔","level":"中级","nickname":"宁静而致远…","role":"member","sex":"unknown","title":"","user_id":571681690},"sub_type":"normal","time":1580798602,"user_id":571681690}
[20-02-04 14:43:29] [PicqBotX] [DEBUG(java.lang.Thread.run:748)] 收到新请求: CQHttp/4.10.1
