[20-09-01 12:12:01] [PicqBotX] [INFO] 
[20-09-01 12:12:01] [PicqBotX] [INFO]     ____  _            ____        __ _  __
[20-09-01 12:12:01] [PicqBotX] [INFO]    / __ \(_)________ _/ __ )____  / /| |/ /
[20-09-01 12:12:01] [PicqBotX] [INFO]   / /_/ / / ___/ __ `/ __  / __ \/ __/   /
[20-09-01 12:12:01] [PicqBotX] [INFO]  / ____/ / /__/ /_/ / /_/ / /_/ / /_/   |
[20-09-01 12:12:01] [PicqBotX] [INFO] /_/   /_/\___/\__, /_____/\____/\__/_/|_|
[20-09-01 12:12:01] [PicqBotX] [INFO]                 /_/         v4.15.0.1058
[20-09-01 12:12:01] [PicqBotX] [INFO] 日志管理器     初始化完成 [******] ...(36.41 ms)
[20-09-01 12:12:01] [PicqBotX] [INFO] 缓存管理器     初始化完成 [******] ...(2.17 ms)
[20-09-01 12:12:01] [PicqBotX] [INFO] DEBUG设置     初始化完成 [******] ...(0.01 ms)
[20-09-01 12:12:01] [PicqBotX] [INFO] 事件管理器     初始化完成 [******] ...(41.89 ms)
[20-09-01 12:12:01] [PicqBotX] [INFO] 账号管理器     初始化完成 [******] ...(1.13 ms)
[20-09-01 12:12:01] [PicqBotX] [INFO] HTTP监听服务器 初始化完成 [******] ...(1.81 ms)
[20-09-01 12:12:02] [PicqBotX] [INFO] 指令管理器     初始化完成 [******] ...(2.26 ms)
[20-09-01 12:12:02] [PicqBotX] [INFO] 账号 Bot01:   版本验证完成!
[20-09-01 12:12:02] [PicqBotX] [INFO] 正在启动...
[20-09-01 12:12:03] [PicqBotX] [DEBUG(java.lang.Thread.run:748)] Http Failed: INCORRECT_REQUEST_METHOD: Not POST
[20-09-01 12:12:06] [PicqBotX] [DEBUG(java.lang.Thread.run:748)] Http Failed: INCORRECT_REQUEST_METHOD: Not POST
[20-09-01 12:12:09] [PicqBotX] [DEBUG(java.lang.Thread.run:748)] Http Failed: INCORRECT_REQUEST_METHOD: Not POST
[20-09-01 12:12:12] [PicqBotX] [DEBUG(java.lang.Thread.run:748)] Http Failed: INCORRECT_REQUEST_METHOD: Not POST
[20-09-01 12:12:15] [PicqBotX] [DEBUG(java.lang.Thread.run:748)] Http Failed: INCORRECT_REQUEST_METHOD: Not POST
[20-09-01 12:12:18] [PicqBotX] [DEBUG(java.lang.Thread.run:748)] Http Failed: INCORRECT_REQUEST_METHOD: Not POST
[20-09-01 12:12:21] [PicqBotX] [DEBUG(java.lang.Thread.run:748)] Http Failed: INCORRECT_REQUEST_METHOD: Not POST
[20-09-01 12:12:24] [PicqBotX] [DEBUG(java.lang.Thread.run:748)] Http Failed: INCORRECT_REQUEST_METHOD: Not POST
[20-09-01 12:12:27] [PicqBotX] [DEBUG(java.lang.Thread.run:748)] Http Failed: INCORRECT_REQUEST_METHOD: Not POST
[20-09-01 12:12:30] [PicqBotX] [DEBUG(java.lang.Thread.run:748)] Http Failed: INCORRECT_REQUEST_METHOD: Not POST
[20-09-01 12:12:33] [PicqBotX] [DEBUG(java.lang.Thread.run:748)] Http Failed: INCORRECT_REQUEST_METHOD: Not POST
[20-09-01 12:12:36] [PicqBotX] [DEBUG(java.lang.Thread.run:748)] Http Failed: INCORRECT_REQUEST_METHOD: Not POST
[20-09-01 12:12:39] [PicqBotX] [DEBUG(java.lang.Thread.run:748)] Http Failed: INCORRECT_REQUEST_METHOD: Not POST
[20-09-01 12:12:42] [PicqBotX] [DEBUG(java.lang.Thread.run:748)] Http Failed: INCORRECT_REQUEST_METHOD: Not POST
[20-09-01 12:12:45] [PicqBotX] [DEBUG(java.lang.Thread.run:748)] Http Failed: INCORRECT_REQUEST_METHOD: Not POST
[20-09-01 12:12:48] [PicqBotX] [DEBUG(java.lang.Thread.run:748)] Http Failed: INCORRECT_REQUEST_METHOD: Not POST
[20-09-01 12:12:51] [PicqBotX] [DEBUG(java.lang.Thread.run:748)] Http Failed: INCORRECT_REQUEST_METHOD: Not POST
[20-09-01 12:12:54] [PicqBotX] [DEBUG(java.lang.Thread.run:748)] Http Failed: INCORRECT_REQUEST_METHOD: Not POST
[20-09-01 12:12:57] [PicqBotX] [DEBUG(java.lang.Thread.run:748)] Http Failed: INCORRECT_REQUEST_METHOD: Not POST
[20-09-01 12:13:00] [PicqBotX] [DEBUG(java.lang.Thread.run:748)] Http Failed: INCORRECT_REQUEST_METHOD: Not POST
[20-09-01 12:13:03] [PicqBotX] [DEBUG(java.lang.Thread.run:748)] Http Failed: INCORRECT_REQUEST_METHOD: Not POST
[20-09-01 12:13:06] [PicqBotX] [DEBUG(java.lang.Thread.run:748)] Http Failed: INCORRECT_REQUEST_METHOD: Not POST
[20-09-01 12:13:09] [PicqBotX] [DEBUG(java.lang.Thread.run:748)] Http Failed: INCORRECT_REQUEST_METHOD: Not POST
[20-09-01 12:13:12] [PicqBotX] [DEBUG(java.lang.Thread.run:748)] Http Failed: INCORRECT_REQUEST_METHOD: Not POST
[20-09-01 12:13:15] [PicqBotX] [DEBUG(java.lang.Thread.run:748)] Http Failed: INCORRECT_REQUEST_METHOD: Not POST
[20-09-01 12:13:18] [PicqBotX] [DEBUG(java.lang.Thread.run:748)] Http Failed: INCORRECT_REQUEST_METHOD: Not POST
[20-09-01 12:13:21] [PicqBotX] [DEBUG(java.lang.Thread.run:748)] Http Failed: INCORRECT_REQUEST_METHOD: Not POST
