[20-02-20 03:39:48] [PicqBotX] [INFO] 
[20-02-20 03:39:48] [PicqBotX] [INFO]     ____  _            ____        __ _  __
[20-02-20 03:39:48] [PicqBotX] [INFO]    / __ \(_)________ _/ __ )____  / /| |/ /
[20-02-20 03:39:48] [PicqBotX] [INFO]   / /_/ / / ___/ __ `/ __  / __ \/ __/   /
[20-02-20 03:39:48] [PicqBotX] [INFO]  / ____/ / /__/ /_/ / /_/ / /_/ / /_/   |
[20-02-20 03:39:49] [PicqBotX] [INFO] /_/   /_/\___/\__, /_____/\____/\__/_/|_|
[20-02-20 03:39:49] [PicqBotX] [INFO]                 /_/         v4.10.1.928
[20-02-20 03:39:49] [PicqBotX] [INFO] 日志管理器     初始化完成 [******] ...(75.68 ms)
[20-02-20 03:39:49] [PicqBotX] [INFO] 缓存管理器     初始化完成 [******] ...(3.59 ms)
[20-02-20 03:39:49] [PicqBotX] [INFO] DEBUG设置     初始化完成 [******] ...(0.02 ms)
[20-02-20 03:39:49] [PicqBotX] [INFO] 事件管理器     初始化完成 [******] ...(71.21 ms)
[20-02-20 03:39:49] [PicqBotX] [INFO] 账号管理器     初始化完成 [******] ...(3.16 ms)
[20-02-20 03:39:49] [PicqBotX] [INFO] HTTP监听服务器 初始化完成 [******] ...(2.94 ms)
[20-02-20 03:39:50] [PicqBotX] [INFO] 指令管理器     初始化完成 [******] ...(3.42 ms)
[20-02-20 03:39:50] [PicqBotX] [INFO] 账号 Bot01:   版本验证完成!
[20-02-20 03:39:50] [PicqBotX] [INFO] 正在启动...
[20-02-20 03:39:52] [PicqBotX] [DEBUG(java.lang.Thread.run:748)] 收到新请求: CQHttp/4.10.1
[20-02-20 03:39:52] [PicqBotX] [DEBUG(java.lang.Thread.run:748)] - 数据: {"meta_event_type":"lifecycle","post_type":"meta_event","self_id":1061917110,"sub_type":"enable","time":1582141189}
[20-02-20 03:40:42] [PicqBotX] [DEBUG(java.lang.Thread.run:748)] 收到新请求: CQHttp/4.10.1
[20-02-20 03:40:42] [PicqBotX] [DEBUG(java.lang.Thread.run:748)] - 数据: {"anonymous":null,"font":7118776,"group_id":522394334,"message":"检测到有人发文，是否关闭机器人的发文功能？命令：#结束跟打","message_id":2992,"message_type":"group","post_type":"message","raw_message":"检测到有人发文，是否关闭机器人的发文功能？命令：#结束跟打","self_id":1061917110,"sender":{"age":6,"area":"北京","card":"","level":"小白","nickname":"小拆","role":"member","sex":"male","title":"","user_id":207938707},"sub_type":"normal","time":1582141242,"user_id":207938707}
[20-02-20 03:42:52] [PicqBotX] [DEBUG(java.lang.Thread.run:748)] 收到新请求: CQHttp/4.10.1
[20-02-20 03:42:52] [PicqBotX] [DEBUG(java.lang.Thread.run:748)] - 数据: {"anonymous":null,"font":7208176,"group_id":522394334,"message":"检测到有人发文，是否关闭机器人的发文功能？命令：#结束跟打","message_id":2995,"message_type":"group","post_type":"message","raw_message":"检测到有人发文，是否关闭机器人的发文功能？命令：#结束跟打","self_id":1061917110,"sender":{"age":6,"area":"北京","card":"","level":"小白","nickname":"小拆","role":"member","sex":"male","title":"","user_id":207938707},"sub_type":"normal","time":1582141372,"user_id":207938707}
[20-02-20 03:43:21] [PicqBotX] [DEBUG(java.lang.Thread.run:748)] 收到新请求: CQHttp/4.10.1
[20-02-20 03:43:21] [PicqBotX] [DEBUG(java.lang.Thread.run:748)] - 数据: {"anonymous":null,"font":7207792,"group_id":522394334,"message":"检测到有人发文，是否关闭机器人的发文功能？命令：#结束跟打","message_id":2997,"message_type":"group","post_type":"message","raw_message":"检测到有人发文，是否关闭机器人的发文功能？命令：#结束跟打","self_id":1061917110,"sender":{"age":6,"area":"北京","card":"","level":"小白","nickname":"小拆","role":"member","sex":"male","title":"","user_id":207938707},"sub_type":"normal","time":1582141401,"user_id":207938707}
[20-02-20 03:49:14] [PicqBotX] [DEBUG(java.lang.Thread.run:748)] 收到新请求: CQHttp/4.10.1
