[20-02-21 13:06:17] [PicqBotX] [INFO] 
[20-02-21 13:06:17] [PicqBotX] [INFO]     ____  _            ____        __ _  __
[20-02-21 13:06:17] [PicqBotX] [INFO]    / __ \(_)________ _/ __ )____  / /| |/ /
[20-02-21 13:06:17] [PicqBotX] [INFO]   / /_/ / / ___/ __ `/ __  / __ \/ __/   /
[20-02-21 13:06:17] [PicqBotX] [INFO]  / ____/ / /__/ /_/ / /_/ / /_/ / /_/   |
[20-02-21 13:06:17] [PicqBotX] [INFO] /_/   /_/\___/\__, /_____/\____/\__/_/|_|
[20-02-21 13:06:17] [PicqBotX] [INFO]                 /_/         v4.10.1.928
[20-02-21 13:06:17] [PicqBotX] [INFO] 日志管理器     初始化完成 [******] ...(151.74 ms)
[20-02-21 13:06:17] [PicqBotX] [INFO] 缓存管理器     初始化完成 [******] ...(7.06 ms)
[20-02-21 13:06:17] [PicqBotX] [INFO] DEBUG设置     初始化完成 [******] ...(0.02 ms)
[20-02-21 13:06:17] [PicqBotX] [INFO] 事件管理器     初始化完成 [******] ...(116.28 ms)
[20-02-21 13:06:17] [PicqBotX] [INFO] 账号管理器     初始化完成 [******] ...(2.91 ms)
[20-02-21 13:06:17] [PicqBotX] [INFO] HTTP监听服务器 初始化完成 [******] ...(7.44 ms)
[20-02-21 13:06:20] [PicqBotX] [INFO] 指令管理器     初始化完成 [******] ...(10.33 ms)
[20-02-21 13:06:20] [PicqBotX] [INFO] 账号 Bot01:   版本验证完成!
[20-02-21 13:06:20] [PicqBotX] [INFO] 正在启动...
[20-02-21 13:06:23] [PicqBotX] [DEBUG(java.lang.Thread.run:748)] 收到新请求: CQHttp/4.10.1
[20-02-21 13:06:23] [PicqBotX] [DEBUG(java.lang.Thread.run:748)] - 数据: {"anonymous":null,"font":43985440,"group_id":41639633,"message":"西风瘦码是不是希码顶功","message_id":3013,"message_type":"group","post_type":"message","raw_message":"西风瘦码是不是希码顶功","self_id":1061917110,"sender":{"age":47,"area":"辽阳","card":"【希码】咖啡","level":"键侠","nickname":"黑色咖啡","role":"member","sex":"unknown","title":"","user_id":465288642},"sub_type":"normal","time":1582261579,"user_id":465288642}
[20-02-21 13:06:43] [PicqBotX] [DEBUG(java.lang.Thread.run:748)] 收到新请求: CQHttp/4.10.1
[20-02-21 13:06:43] [PicqBotX] [DEBUG(java.lang.Thread.run:748)] - 数据: {"anonymous":null,"font":43985216,"group_id":522394334,"message":"第999段 速度192.76 击键7.81 码长2.43 标顶理论2.04 字数433 回改15 退格37 键数1053 输入法:搜狗纯双拼 个签:个性签名 长流v2.11 Windows 10版 校验码UU&#93;JQW","message_id":3014,"message_type":"group","post_type":"message","raw_message":"第999段 速度192.76 击键7.81 码长2.43 标顶理论2.04 字数433 回改15 退格37 键数1053 输入法:搜狗纯双拼 个签:个性签名 长流v2.11 Windows 10版 校验码UU&#93;JQW","self_id":1061917110,"sender":{"age":20,"area":"","card":"Tony-小鹤双拼","level":"中级","nickname":"  掂过碌蔗","role":"member","sex":"unknown","title":"","user_id":199990913},"sub_type":"normal","time":1582261603,"user_id":199990913}
[20-02-21 13:07:16] [PicqBotX] [DEBUG(java.lang.Thread.run:748)] 收到新请求: CQHttp/4.10.1
[20-02-21 13:07:16] [PicqBotX] [DEBUG(java.lang.Thread.run:748)] - 数据: {"anonymous":null,"font":44511088,"group_id":522394334,"message":"#成绩","message_id":3015,"message_type":"group","post_type":"message","raw_message":"#成绩","self_id":1061917110,"sender":{"age":20,"area":"","card":"Tony-小鹤双拼","level":"中级","nickname":"  掂过碌蔗","role":"member","sex":"unknown","title":"","user_id":199990913},"sub_type":"normal","time":1582261636,"user_id":199990913}
[20-02-21 13:07:19] [PicqBotX] [DEBUG(java.lang.Thread.run:748)] 收到新请求: CQHttp/4.10.1
[20-02-21 13:07:19] [PicqBotX] [DEBUG(java.lang.Thread.run:748)] - 数据: {"anonymous":null,"font":44510960,"group_id":41639633,"message":"得问当事人","message_id":3016,"message_type":"group","post_type":"message","raw_message":"得问当事人","self_id":1061917110,"sender":{"age":24,"area":"益阳","card":"【八六】风萧萧","level":"键侠","nickname":"AVIJ","role":"member","sex":"unknown","title":"","user_id":1728148325},"sub_type":"normal","time":1582261639,"user_id":1728148325}
[20-02-21 13:07:20] [PicqBotX] [DEBUG(java.lang.Thread.run:748)] 收到新请求: CQHttp/4.10.1
[20-02-21 13:07:20] [PicqBotX] [DEBUG(java.lang.Thread.run:748)] - 数据: {"anonymous":null,"font":44510672,"group_id":522394334,"message":"[CQ:image,file=72E384BA4C13F432FBCECC39F31778A6.png,url=https://gchat.qpic.cn/gchatpic_new/207938707/522394334-2919505832-72E384BA4C13F432FBCECC39F31778A6/0?term=2]","message_id":3017,"message_type":"group","post_type":"message","raw_message":"[CQ:image,file=72E384BA4C13F432FBCECC39F31778A6.png]","self_id":1061917110,"sender":{"age":6,"area":"北京","card":"","level":"小白","nickname":"小拆","role":"member","sex":"male","title":"","user_id":207938707},"sub_type":"normal","time":1582261640,"user_id":207938707}
[20-02-21 13:07:21] [PicqBotX] [DEBUG(java.lang.Thread.run:748)] 收到新请求: CQHttp/4.10.1
[20-02-21 13:07:21] [PicqBotX] [DEBUG(java.lang.Thread.run:748)] - 数据: {"anonymous":null,"font":44511088,"group_id":522394334,"message":"#发","message_id":3018,"message_type":"group","post_type":"message","raw_message":"#发","self_id":1061917110,"sender":{"age":8,"area":"广州","card":"谭宇-神键手","level":"小白","nickname":"0 4 . 2 2","role":"admin","sex":"unknown","title":"神键手","user_id":1061917196},"sub_type":"normal","time":1582261640,"user_id":1061917196}
[20-02-21 13:07:21] [PicqBotX] [DEBUG(java.lang.Thread.run:748)] 收到新请求: CQHttp/4.10.1
[20-02-21 13:07:21] [PicqBotX] [DEBUG(java.lang.Thread.run:748)] - 数据: {"anonymous":null,"font":44510736,"group_id":522394334,"message":"常用单字前五百\r\n告总格曾先\r\n-----第20639段-乱序--c.fw.1.5","message_id":3019,"message_type":"group","post_type":"message","raw_message":"常用单字前五百\r\n告总格曾先\r\n-----第20639段-乱序--c.fw.1.5","self_id":1061917110,"sender":{"age":6,"area":"北京","card":"","level":"小白","nickname":"小拆","role":"member","sex":"male","title":"","user_id":207938707},"sub_type":"normal","time":1582261641,"user_id":207938707}
