[20-02-04 14:31:50] [PicqBotX] [INFO] 
[20-02-04 14:31:50] [PicqBotX] [INFO]     ____  _            ____        __ _  __
[20-02-04 14:31:50] [PicqBotX] [INFO]    / __ \(_)________ _/ __ )____  / /| |/ /
[20-02-04 14:31:50] [PicqBotX] [INFO]   / /_/ / / ___/ __ `/ __  / __ \/ __/   /
[20-02-04 14:31:50] [PicqBotX] [INFO]  / ____/ / /__/ /_/ / /_/ / /_/ / /_/   |
[20-02-04 14:31:50] [PicqBotX] [INFO] /_/   /_/\___/\__, /_____/\____/\__/_/|_|
[20-02-04 14:31:50] [PicqBotX] [INFO]                 /_/         v4.10.1.928
[20-02-04 14:31:50] [PicqBotX] [INFO] 日志管理器     初始化完成 [******] ...(59.66 ms)
[20-02-04 14:31:50] [PicqBotX] [INFO] 缓存管理器     初始化完成 [******] ...(3.31 ms)
[20-02-04 14:31:50] [PicqBotX] [INFO] DEBUG设置     初始化完成 [******] ...(0.02 ms)
[20-02-04 14:31:50] [PicqBotX] [INFO] 事件管理器     初始化完成 [******] ...(60.56 ms)
[20-02-04 14:31:50] [PicqBotX] [INFO] 账号管理器     初始化完成 [******] ...(1.58 ms)
[20-02-04 14:31:50] [PicqBotX] [INFO] HTTP监听服务器 初始化完成 [******] ...(3.12 ms)
[20-02-04 14:31:52] [PicqBotX] [INFO] 指令管理器     初始化完成 [******] ...(3.04 ms)
[20-02-04 14:31:52] [PicqBotX] [INFO] 账号 Bot01:   版本验证完成!
[20-02-04 14:31:52] [PicqBotX] [INFO] 正在启动...
[20-02-04 14:32:01] [PicqBotX] [DEBUG(java.lang.Thread.run:748)] 收到新请求: CQHttp/4.10.1
[20-02-04 14:32:01] [PicqBotX] [DEBUG(java.lang.Thread.run:748)] - 数据: {"anonymous":null,"font":7947864,"group_id":41639633,"message":"好了@  我","message_id":1069,"message_type":"group","post_type":"message","raw_message":"好了@  我","self_id":1061917110,"sender":{"age":0,"area":"","card":"【091】小小白","level":"键侠","nickname":"速度100之前不改名","role":"member","sex":"unknown","title":"","user_id":891602425},"sub_type":"normal","time":1580797921,"user_id":891602425}
[20-02-04 14:32:15] [PicqBotX] [DEBUG(java.lang.Thread.run:748)] 收到新请求: CQHttp/4.10.1
[20-02-04 14:32:15] [PicqBotX] [DEBUG(java.lang.Thread.run:748)] - 数据: {"anonymous":null,"font":7862344,"group_id":974172771,"message":"#长流成绩","message_id":1070,"message_type":"group","post_type":"message","raw_message":"#长流成绩","self_id":1061917110,"sender":{"age":8,"area":"广州","card":"谭宇","level":"话唠","nickname":"0 4 . 2 2","role":"owner","sex":"unknown","title":"","user_id":1061917196},"sub_type":"normal","time":1580797933,"user_id":1061917196}
[20-02-04 14:32:17] [PicqBotX] [DEBUG(java.lang.Thread.run:748)] 收到新请求: CQHttp/4.10.1
[20-02-04 14:32:17] [PicqBotX] [DEBUG(java.lang.Thread.run:748)] - 数据: {"anonymous":null,"font":7861352,"group_id":522394334,"message":"第13段 速度122.33/125.47 击键6.07 码长2.91 标顶理论2.52 字数200 回改7 退格16 错字1 键数581 选重20 键准91.46% 键法76.38%(左194:右254:空格116) 打词率31.88% 选重率10.00% 看打模式 错:1 多:0 少:0 长流跟打器v2.00 Windows 10版 校验码VV_JRV","message_id":1071,"message_type":"group","post_type":"message","raw_message":"第13段 速度122.33/125.47 击键6.07 码长2.91 标顶理论2.52 字数200 回改7 退格16 错字1 键数581 选重20 键准91.46% 键法76.38%(左194:右254:空格116) 打词率31.88% 选重率10.00% 看打模式 错:1 多:0 少:0 长流跟打器v2.00 Windows 10版 校验码VV_JRV","self_id":1061917110,"sender":{"age":27,"area":"湖州","card":"飘风-小鹤音形","level":"小白","nickname":"飘风SLG","role":"admin","sex":"unknown","title":"","user_id":869151501},"sub_type":"normal","time":1580797935,"user_id":869151501}
[20-02-04 14:32:18] [PicqBotX] [DEBUG(java.lang.Thread.run:748)] 收到新请求: CQHttp/4.10.1
[20-02-04 14:32:18] [PicqBotX] [DEBUG(java.lang.Thread.run:748)] - 数据: {"anonymous":null,"font":7947800,"group_id":522394334,"message":"第12段 速度72.38 击键4.64 码长3.85 回改45 字数200 输入法：极点五笔 个签：富兰克林有句名言：人的一生有两件事是不可避免的，一是死亡，一是选重。 y16","message_id":1073,"message_type":"group","post_type":"message","raw_message":"第12段 速度72.38 击键4.64 码长3.85 回改45 字数200 输入法：极点五笔 个签：富兰克林有句名言：人的一生有两件事是不可避免的，一是死亡，一是选重。 y16","self_id":1061917110,"sender":{"age":0,"area":"","card":"形上","level":"了解群图书馆","nickname":"大道至简（形上）","role":"member","sex":"unknown","title":"","user_id":61560223},"sub_type":"normal","time":1580797938,"user_id":61560223}
[20-02-04 14:32:21] [PicqBotX] [DEBUG(java.lang.Thread.run:748)] 收到新请求: CQHttp/4.10.1
[20-02-04 14:32:21] [PicqBotX] [DEBUG(java.lang.Thread.run:748)] - 数据: {"anonymous":null,"font":7947832,"group_id":522394334,"message":"第13段 速度103.95/106.62 击键5.07 码长2.86 标顶理论2.52 字数200 回改10 退格14 错字1 键数571 选重13 键准90.68% 键法82.98%(左195:右235:空格117) 打词率30.95% 选重率6.50% 看打模式 错:1 多:0 少:0 拖拉机跟打器 拖拉机v2.00 Windows 7版 校验码VT_JY_","message_id":1074,"message_type":"group","post_type":"message","raw_message":"第13段 速度103.95/106.62 击键5.07 码长2.86 标顶理论2.52 字数200 回改10 退格14 错字1 键数571 选重13 键准90.68% 键法82.98%(左195:右235:空格117) 打词率30.95% 选重率6.50% 看打模式 错:1 多:0 少:0 拖拉机跟打器 拖拉机v2.00 Windows 7版 校验码VT_JY_","self_id":1061917110,"sender":{"age":23,"area":"湛江","card":"魔方-小鹤音形","level":"入门","nickname":"谁动了我的魔方","role":"admin","sex":"unknown","title":"新人守门员","user_id":1015609771},"sub_type":"normal","time":1580797941,"user_id":1015609771}
[20-02-04 14:32:27] [PicqBotX] [DEBUG(java.lang.Thread.run:748)] 收到新请求: CQHttp/4.10.1
[20-02-04 14:32:27] [PicqBotX] [DEBUG(java.lang.Thread.run:748)] - 数据: {"anonymous":null,"font":7946584,"group_id":522394334,"message":"打梁","message_id":1075,"message_type":"group","post_type":"message","raw_message":"打梁","self_id":1061917110,"sender":{"age":23,"area":"湛江","card":"魔方-小鹤音形","level":"入门","nickname":"谁动了我的魔方","role":"admin","sex":"unknown","title":"新人守门员","user_id":1015609771},"sub_type":"normal","time":1580797947,"user_id":1015609771}
[20-02-04 14:32:30] [PicqBotX] [DEBUG(java.lang.Thread.run:748)] 收到新请求: CQHttp/4.10.1
[20-02-04 14:32:30] [PicqBotX] [DEBUG(java.lang.Thread.run:748)] - 数据: {"anonymous":null,"font":7947032,"group_id":522394334,"message":"打量","message_id":1076,"message_type":"group","post_type":"message","raw_message":"打量","self_id":1061917110,"sender":{"age":23,"area":"湛江","card":"魔方-小鹤音形","level":"入门","nickname":"谁动了我的魔方","role":"admin","sex":"unknown","title":"新人守门员","user_id":1015609771},"sub_type":"normal","time":1580797950,"user_id":1015609771}
[20-02-04 14:32:33] [PicqBotX] [DEBUG(java.lang.Thread.run:748)] 收到新请求: CQHttp/4.10.1
[20-02-04 14:32:33] [PicqBotX] [DEBUG(java.lang.Thread.run:748)] - 数据: {"anonymous":null,"font":7946872,"group_id":522394334,"message":"shit","message_id":1077,"message_type":"group","post_type":"message","raw_message":"shit","self_id":1061917110,"sender":{"age":23,"area":"湛江","card":"魔方-小鹤音形","level":"入门","nickname":"谁动了我的魔方","role":"admin","sex":"unknown","title":"新人守门员","user_id":1015609771},"sub_type":"normal","time":1580797953,"user_id":1015609771}
[20-02-04 14:32:35] [PicqBotX] [DEBUG(java.lang.Thread.run:748)] 收到新请求: CQHttp/4.10.1
[20-02-04 14:32:35] [PicqBotX] [DEBUG(java.lang.Thread.run:748)] - 数据: {"anonymous":null,"font":7946136,"group_id":522394334,"message":"翻车","message_id":1078,"message_type":"group","post_type":"message","raw_message":"翻车","self_id":1061917110,"sender":{"age":23,"area":"湛江","card":"魔方-小鹤音形","level":"入门","nickname":"谁动了我的魔方","role":"admin","sex":"unknown","title":"新人守门员","user_id":1015609771},"sub_type":"normal","time":1580797955,"user_id":1015609771}
[20-02-04 14:32:36] [PicqBotX] [DEBUG(java.lang.Thread.run:748)] 收到新请求: CQHttp/4.10.1
[20-02-04 14:32:36] [PicqBotX] [DEBUG(java.lang.Thread.run:748)] - 数据: {"anonymous":null,"font":7946520,"group_id":522394334,"message":"第13段 速度121.04 击键5.65 码长2.80 标顶理论2.45 字数200 回改6 退格9 错字0 键数560 选重22 键准94.16% 键法72.16%(左184:右255:空格105) 打词率34.95% 选重率11.00% 看打模式 错:0 多:0 少:0 长流跟打器v2.00 Windows 10版 校验码VWWJU^","message_id":1079,"message_type":"group","post_type":"message","raw_message":"第13段 速度121.04 击键5.65 码长2.80 标顶理论2.45 字数200 回改6 退格9 错字0 键数560 选重22 键准94.16% 键法72.16%(左184:右255:空格105) 打词率34.95% 选重率11.00% 看打模式 错:0 多:0 少:0 长流跟打器v2.00 Windows 10版 校验码VWWJU^","self_id":1061917110,"sender":{"age":32,"area":"上海","card":"清凉爽口-手机小鹤","level":"中级","nickname":"清爽可口","role":"member","sex":"unknown","title":"","user_id":3294217370},"sub_type":"normal","time":1580797956,"user_id":3294217370}
[20-02-04 14:32:39] [PicqBotX] [DEBUG(java.lang.Thread.run:748)] 收到新请求: CQHttp/4.10.1
[20-02-04 14:32:39] [PicqBotX] [DEBUG(java.lang.Thread.run:748)] - 数据: {"anonymous":null,"font":7946200,"group_id":28534214,"message":"第999段 速度108.81/109.96 击键6.48 码长3.54 回改76 错字1 键数1680 退格73 键准89.7% 字数475 &#91;定一会&#93;12.09s 打词81(35.79%/5.94) &#91;常&#93;2次 起步146.77/8.32/3.40 重打1次(1字) 波动2.04 键法41.31%(左582:827) 评分：[CQ:image,file=685A5CD53F495661411A5B86A87B7C1B.png,url=https://gchat.qpic.cn/gchatpic_new/1648749633/2108534214-2257010783-685A5CD53F495661411A5B86A87B7C1B/0?term=2]  输入法：QQ五笔 起打于14:28:21 个签：静心学习、耐心沉沦—小阿浩 y16","message_id":1080,"message_type":"group","post_type":"message","raw_message":"第999段 速度108.81/109.96 击键6.48 码长3.54 回改76 错字1 键数1680 退格73 键准89.7% 字数475 &#91;定一会&#93;12.09s 打词81(35.79%/5.94) &#91;常&#93;2次 起步146.77/8.32/3.40 重打1次(1字) 波动2.04 键法41.31%(左582:827) 评分：[CQ:image,file=685A5CD53F495661411A5B86A87B7C1B.png]  输入法：QQ五笔 起打于14:28:21 个签：静心学习、耐心沉沦—小阿浩 y16","self_id":1061917110,"sender":{"age":0,"area":"","card":"「广东」小啊浩","level":"梦幻键侠","nickname":"小啊浩","role":"admin","sex":"unknown","title":"","user_id":1648749633},"sub_type":"normal","time":1580797959,"user_id":1648749633}
[20-02-04 14:32:45] [PicqBotX] [DEBUG(java.lang.Thread.run:748)] 收到新请求: CQHttp/4.10.1
[20-02-04 14:32:45] [PicqBotX] [DEBUG(java.lang.Thread.run:748)] - 数据: {"anonymous":null,"font":7946520,"group_id":522394334,"message":"打梁，有这种词吗","message_id":1081,"message_type":"group","post_type":"message","raw_message":"打梁，有这种词吗","self_id":1061917110,"sender":{"age":0,"area":"","card":"沉石-搜狗五笔","level":"中级","nickname":"沉石","role":"member","sex":"unknown","title":"","user_id":1157477506},"sub_type":"normal","time":1580797965,"user_id":1157477506}
[20-02-04 14:32:47] [PicqBotX] [DEBUG(java.lang.Thread.run:748)] 收到新请求: CQHttp/4.10.1
[20-02-04 14:32:47] [PicqBotX] [DEBUG(java.lang.Thread.run:748)] - 数据: {"anonymous":null,"font":7946840,"group_id":522394334,"message":"《诛仙诛仙仙仙仙》.txt\r\n会开玩笑，我们同属青云门下，田师叔又德高望重，家师绝无任何不敬之意。”田不易脸色阴沉，丝毫不见好转，倒是他身边的苏茹笑容和蔼，温和地道：“你们不必在意，田师叔是和你们说笑的。对了，你刚才说有什么变动，是怎么回事？”齐昊恭敬地道：“回禀苏师叔，事情是这样的，往年七脉会武，青云门下诸脉各出四人，此外长门通天峰再多出四人，共成三十二之数，抽签对决，胜者进阶，如此五轮，最后胜者即为青云门年轻一代之翘楚，能\r\n-----第14段","message_id":1082,"message_type":"group","post_type":"message","raw_message":"《诛仙诛仙仙仙仙》.txt\r\n会开玩笑，我们同属青云门下，田师叔又德高望重，家师绝无任何不敬之意。”田不易脸色阴沉，丝毫不见好转，倒是他身边的苏茹笑容和蔼，温和地道：“你们不必在意，田师叔是和你们说笑的。对了，你刚才说有什么变动，是怎么回事？”齐昊恭敬地道：“回禀苏师叔，事情是这样的，往年七脉会武，青云门下诸脉各出四人，此外长门通天峰再多出四人，共成三十二之数，抽签对决，胜者进阶，如此五轮，最后胜者即为青云门年轻一代之翘楚，能\r\n-----第14段","self_id":1061917110,"sender":{"age":23,"area":"湛江","card":"魔方-小鹤音形","level":"入门","nickname":"谁动了我的魔方","role":"admin","sex":"unknown","title":"新人守门员","user_id":1015609771},"sub_type":"normal","time":1580797967,"user_id":1015609771}
[20-02-04 14:32:48] [PicqBotX] [DEBUG(java.lang.Thread.run:748)] 收到新请求: CQHttp/4.10.1
[20-02-04 14:32:48] [PicqBotX] [DEBUG(java.lang.Thread.run:748)] - 数据: {"anonymous":null,"font":7946328,"group_id":522394334,"message":"检测到有人发文，是否关闭机器人的发文功能？命令：#结束跟打","message_id":1083,"message_type":"group","post_type":"message","raw_message":"检测到有人发文，是否关闭机器人的发文功能？命令：#结束跟打","self_id":1061917110,"sender":{"age":6,"area":"北京","card":"","level":"小白","nickname":"小拆","role":"member","sex":"male","title":"","user_id":207938707},"sub_type":"normal","time":1580797968,"user_id":207938707}
[20-02-04 14:32:51] [PicqBotX] [DEBUG(java.lang.Thread.run:748)] 收到新请求: CQHttp/4.10.1
[20-02-04 14:32:51] [PicqBotX] [DEBUG(java.lang.Thread.run:748)] - 数据: {"anonymous":null,"font":7946200,"group_id":522394334,"message":"造房子啊","message_id":1084,"message_type":"group","post_type":"message","raw_message":"造房子啊","self_id":1061917110,"sender":{"age":0,"area":"","card":"沉石-搜狗五笔","level":"中级","nickname":"沉石","role":"member","sex":"unknown","title":"","user_id":1157477506},"sub_type":"normal","time":1580797971,"user_id":1157477506}
[20-02-04 14:33:08] [PicqBotX] [DEBUG(java.lang.Thread.run:748)] 收到新请求: CQHttp/4.10.1
