[20-02-05 16:10:28] [PicqBotX] [INFO] 
[20-02-05 16:10:28] [PicqBotX] [INFO]     ____  _            ____        __ _  __
[20-02-05 16:10:28] [PicqBotX] [INFO]    / __ \(_)________ _/ __ )____  / /| |/ /
[20-02-05 16:10:28] [PicqBotX] [INFO]   / /_/ / / ___/ __ `/ __  / __ \/ __/   /
[20-02-05 16:10:28] [PicqBotX] [INFO]  / ____/ / /__/ /_/ / /_/ / /_/ / /_/   |
[20-02-05 16:10:28] [PicqBotX] [INFO] /_/   /_/\___/\__, /_____/\____/\__/_/|_|
[20-02-05 16:10:28] [PicqBotX] [INFO]                 /_/         v4.10.1.928
[20-02-05 16:10:28] [PicqBotX] [INFO] 日志管理器     初始化完成 [******] ...(88.96 ms)
[20-02-05 16:10:28] [PicqBotX] [INFO] 缓存管理器     初始化完成 [******] ...(3.96 ms)
[20-02-05 16:10:28] [PicqBotX] [INFO] DEBUG设置     初始化完成 [******] ...(0.02 ms)
[20-02-05 16:10:28] [PicqBotX] [INFO] 事件管理器     初始化完成 [******] ...(78.99 ms)
[20-02-05 16:10:28] [PicqBotX] [INFO] 账号管理器     初始化完成 [******] ...(2.08 ms)
[20-02-05 16:10:28] [PicqBotX] [INFO] HTTP监听服务器 初始化完成 [******] ...(3.08 ms)
[20-02-05 16:10:30] [PicqBotX] [INFO] 指令管理器     初始化完成 [******] ...(3.33 ms)
[20-02-05 16:10:30] [PicqBotX] [INFO] 账号 Bot01:   版本验证完成!
[20-02-05 16:10:30] [PicqBotX] [INFO] 正在启动...
[20-02-05 16:10:38] [PicqBotX] [DEBUG(java.lang.Thread.run:748)] 收到新请求: CQHttp/4.10.1
[20-02-05 16:10:38] [PicqBotX] [DEBUG(java.lang.Thread.run:748)] - 数据: {"anonymous":null,"font":6663256,"group_id":522394334,"message":"渣渣，击键还是可以的啊","message_id":2218,"message_type":"group","post_type":"message","raw_message":"渣渣，击键还是可以的啊","self_id":1061917110,"sender":{"age":0,"area":"","card":"一谦四益-极点五笔","level":"中级","nickname":"宁静而致远…","role":"member","sex":"unknown","title":"","user_id":571681690},"sub_type":"normal","time":1580890238,"user_id":571681690}
[20-02-05 16:10:44] [PicqBotX] [DEBUG(java.lang.Thread.run:748)] 收到新请求: CQHttp/4.10.1
[20-02-05 16:10:44] [PicqBotX] [DEBUG(java.lang.Thread.run:748)] - 数据: {"anonymous":null,"font":92589840,"group_id":3052940,"message":"都是大神","message_id":2219,"message_type":"group","post_type":"message","raw_message":"都是大神","self_id":1061917110,"sender":{"age":31,"area":"武汉","card":"","level":"潜水","nickname":"し☆ve戀","role":"member","sex":"unknown","title":"","user_id":250450283},"sub_type":"normal","time":1580890238,"user_id":250450283}
[20-02-05 16:10:45] [PicqBotX] [DEBUG(java.lang.Thread.run:748)] 收到新请求: CQHttp/4.10.1
[20-02-05 16:10:45] [PicqBotX] [DEBUG(java.lang.Thread.run:748)] - 数据: {"anonymous":null,"font":89989800,"group_id":522394334,"message":"第999段 速度141.14 击键5.62 回改15(4.58s) 连改5 退格18 回车0 键准93.82% 码长2.39 选重30 错字0 字数441 键数1051 用时3:07.047 重打7 峰值210.75/7.73/2.00 打词0 回改率6.16% 停留&#91;捂&#93;2.95s 效率140% &#91;左431:292&#93; 输入法:小狼毫 起打于16:07:51 赛文验证:92493 校验:55500 个签:完美主义者都该死 t46.15","message_id":2220,"message_type":"group","post_type":"message","raw_message":"第999段 速度141.14 击键5.62 回改15(4.58s) 连改5 退格18 回车0 键准93.82% 码长2.39 选重30 错字0 字数441 键数1051 用时3:07.047 重打7 峰值210.75/7.73/2.00 打词0 回改率6.16% 停留&#91;捂&#93;2.95s 效率140% &#91;左431:292&#93; 输入法:小狼毫 起打于16:07:51 赛文验证:92493 校验:55500 个签:完美主义者都该死 t46.15","self_id":1061917110,"sender":{"age":27,"area":"北京","card":"浪子-小狼毫","level":"了解群图文件","nickname":"孤独患者","role":"member","sex":"unknown","title":"","user_id":1447316870},"sub_type":"normal","time":1580890245,"user_id":1447316870}
[20-02-05 16:10:48] [PicqBotX] [DEBUG(java.lang.Thread.run:748)] 收到新请求: CQHttp/4.10.1
[20-02-05 16:10:48] [PicqBotX] [DEBUG(java.lang.Thread.run:748)] - 数据: {"anonymous":null,"font":6663640,"group_id":522394334,"message":"#联赛首打","message_id":2221,"message_type":"group","post_type":"message","raw_message":"#联赛首打","self_id":1061917110,"sender":{"age":8,"area":"广州","card":"谭宇-神键手","level":"小白","nickname":"0 4 . 2 2","role":"admin","sex":"unknown","title":"神键手","user_id":1061917196},"sub_type":"normal","time":1580890247,"user_id":1061917196}
[20-02-05 16:11:00] [PicqBotX] [DEBUG(java.lang.Thread.run:748)] 收到新请求: CQHttp/4.10.1
