[20-02-05 19:11:20] [PicqBotX] [INFO] 
[20-02-05 19:11:20] [PicqBotX] [INFO]     ____  _            ____        __ _  __
[20-02-05 19:11:20] [PicqBotX] [INFO]    / __ \(_)________ _/ __ )____  / /| |/ /
[20-02-05 19:11:20] [PicqBotX] [INFO]   / /_/ / / ___/ __ `/ __  / __ \/ __/   /
[20-02-05 19:11:20] [PicqBotX] [INFO]  / ____/ / /__/ /_/ / /_/ / /_/ / /_/   |
[20-02-05 19:11:20] [PicqBotX] [INFO] /_/   /_/\___/\__, /_____/\____/\__/_/|_|
[20-02-05 19:11:20] [PicqBotX] [INFO]                 /_/         v4.10.1.928
[20-02-05 19:11:20] [PicqBotX] [INFO] 日志管理器     初始化完成 [******] ...(51.15 ms)
[20-02-05 19:11:20] [PicqBotX] [INFO] 缓存管理器     初始化完成 [******] ...(3.38 ms)
[20-02-05 19:11:20] [PicqBotX] [INFO] DEBUG设置     初始化完成 [******] ...(0.02 ms)
[20-02-05 19:11:20] [PicqBotX] [INFO] 事件管理器     初始化完成 [******] ...(60.69 ms)
[20-02-05 19:11:20] [PicqBotX] [INFO] 账号管理器     初始化完成 [******] ...(1.5 ms)
[20-02-05 19:11:20] [PicqBotX] [INFO] HTTP监听服务器 初始化完成 [******] ...(2.82 ms)
[20-02-05 19:11:22] [PicqBotX] [INFO] 指令管理器     初始化完成 [******] ...(6.38 ms)
[20-02-05 19:11:22] [PicqBotX] [INFO] 账号 Bot01:   版本验证完成!
[20-02-05 19:11:22] [PicqBotX] [INFO] 正在启动...
[20-02-05 19:11:23] [PicqBotX] [DEBUG(java.lang.Thread.run:748)] 收到新请求: CQHttp/4.10.1
[20-02-05 19:11:23] [PicqBotX] [DEBUG(java.lang.Thread.run:748)] - 数据: {"anonymous":null,"font":76976688,"group_id":522394334,"message":"#联赛成绩","message_id":2941,"message_type":"group","post_type":"message","raw_message":"#联赛成绩","self_id":1061917110,"sender":{"age":8,"area":"广州","card":"谭宇-神键手","level":"小白","nickname":"0 4 . 2 2","role":"admin","sex":"unknown","title":"神键手","user_id":1061917196},"sub_type":"normal","time":1580901082,"user_id":1061917196}
[20-02-05 19:11:33] [PicqBotX] [DEBUG(java.lang.Thread.run:748)] 收到新请求: CQHttp/4.10.1
[20-02-05 19:11:33] [PicqBotX] [DEBUG(java.lang.Thread.run:748)] - 数据: {"anonymous":null,"font":43359728,"group_id":522394334,"message":"第999段 速度81.36 击键2.92 回改18(11.01s) 连改4 退格13 回车0 键准91.97% 码长2.15 词库理论1.78 选重32 错字0 字数441 键数946 用时5:24.471 打词0 回改率9.32% 停留&#91;玫瑰花&#93;3.72s 效率145% &#91;左371:268&#93; 起打于19:06:07 赛文验证:92493 校验:46855 t46.15","message_id":2943,"message_type":"group","post_type":"message","raw_message":"第999段 速度81.36 击键2.92 回改18(11.01s) 连改4 退格13 回车0 键准91.97% 码长2.15 词库理论1.78 选重32 错字0 字数441 键数946 用时5:24.471 打词0 回改率9.32% 停留&#91;玫瑰花&#93;3.72s 效率145% &#91;左371:268&#93; 起打于19:06:07 赛文验证:92493 校验:46855 t46.15","self_id":1061917110,"sender":{"age":120,"area":"阿根廷","card":"","level":"了解群图书馆","nickname":"Reborn","role":"member","sex":"unknown","title":"","user_id":1654469816},"sub_type":"normal","time":1580901093,"user_id":1654469816}
[20-02-05 19:11:35] [PicqBotX] [DEBUG(java.lang.Thread.run:748)] 收到新请求: CQHttp/4.10.1
[20-02-05 19:11:35] [PicqBotX] [DEBUG(java.lang.Thread.run:748)] - 数据: {"anonymous":null,"font":85127000,"group_id":522394334,"message":"#成绩","message_id":2944,"message_type":"group","post_type":"message","raw_message":"#成绩","self_id":1061917110,"sender":{"age":120,"area":"阿根廷","card":"","level":"了解群图书馆","nickname":"Reborn","role":"member","sex":"unknown","title":"","user_id":1654469816},"sub_type":"normal","time":1580901094,"user_id":1654469816}
[20-02-05 19:11:39] [PicqBotX] [DEBUG(java.lang.Thread.run:748)] 收到新请求: CQHttp/4.10.1
[20-02-05 19:11:39] [PicqBotX] [DEBUG(java.lang.Thread.run:748)] - 数据: {"anonymous":null,"font":43360016,"group_id":28534214,"message":"#发","message_id":2945,"message_type":"group","post_type":"message","raw_message":"#发","self_id":1061917110,"sender":{"age":24,"area":"泉州","card":"「福建」衰仔","level":"梦幻键神","nickname":"样衰","role":"admin","sex":"unknown","title":"","user_id":1490987944},"sub_type":"normal","time":1580901096,"user_id":1490987944}
[20-02-05 19:11:39] [PicqBotX] [DEBUG(java.lang.Thread.run:748)] 收到新请求: CQHttp/4.10.1
[20-02-05 19:11:39] [PicqBotX] [DEBUG(java.lang.Thread.run:748)] - 数据: {"anonymous":null,"font":43359600,"group_id":522394334,"message":"[CQ:image,file=3AF97D767C13F4CE4495CC6245CF19FD.png,url=https://gchat.qpic.cn/gchatpic_new/207938707/522394334-3097146155-3AF97D767C13F4CE4495CC6245CF19FD/0?term=2]","message_id":2947,"message_type":"group","post_type":"message","raw_message":"[CQ:image,file=3AF97D767C13F4CE4495CC6245CF19FD.png]","self_id":1061917110,"sender":{"age":6,"area":"北京","card":"","level":"小白","nickname":"小拆","role":"member","sex":"male","title":"","user_id":207938707},"sub_type":"normal","time":1580901097,"user_id":207938707}
[20-02-05 19:11:40] [PicqBotX] [DEBUG(java.lang.Thread.run:748)] 收到新请求: CQHttp/4.10.1
[20-02-05 19:11:40] [PicqBotX] [DEBUG(java.lang.Thread.run:748)] - 数据: {"anonymous":null,"font":7491496,"group_id":28534214,"message":"国标字库分段（四）\r\n遵续褐周恕辊闸盲嗡妙醋帅旅直漆畔摇蜀袭怒塌弯冕铬逮虞峻担创呜惟识误琳催梁释厢递样无题桂杏卑酋骏府烬颐宜敞诚屿骑拎皆氛借勺完笛充肚举薄尾替董埔缘哥惋又店窗奢徘讼闰薯臂铡悲愈毡去胖体剩陷坍扼输拜眉耿兵饯昧\r\n-----第33252段-乱序--c.fw.1.5","message_id":2948,"message_type":"group","post_type":"message","raw_message":"国标字库分段（四）\r\n遵续褐周恕辊闸盲嗡妙醋帅旅直漆畔摇蜀袭怒塌弯冕铬逮虞峻担创呜惟识误琳催梁释厢递样无题桂杏卑酋骏府烬颐宜敞诚屿骑拎皆氛借勺完笛充肚举薄尾替董埔缘哥惋又店窗奢徘讼闰薯臂铡悲愈毡去胖体剩陷坍扼输拜眉耿兵饯昧\r\n-----第33252段-乱序--c.fw.1.5","self_id":1061917110,"sender":{"age":6,"area":"北京","card":"「云端」拆狐","level":"梦幻键神","nickname":"小拆","role":"member","sex":"male","title":"","user_id":207938707},"sub_type":"normal","time":1580901098,"user_id":207938707}
[20-02-05 19:11:40] [PicqBotX] [DEBUG(java.lang.Thread.run:748)] 收到新请求: CQHttp/4.10.1
[20-02-05 19:11:40] [PicqBotX] [DEBUG(java.lang.Thread.run:748)] - 数据: {"anonymous":null,"font":78052368,"group_id":522394334,"message":"#成绩","message_id":2949,"message_type":"group","post_type":"message","raw_message":"#成绩","self_id":1061917110,"sender":{"age":120,"area":"阿根廷","card":"","level":"了解群图书馆","nickname":"Reborn","role":"member","sex":"unknown","title":"","user_id":1654469816},"sub_type":"normal","time":1580901099,"user_id":1654469816}
[20-02-05 19:11:43] [PicqBotX] [DEBUG(java.lang.Thread.run:748)] 收到新请求: CQHttp/4.10.1
[20-02-05 19:11:43] [PicqBotX] [DEBUG(java.lang.Thread.run:748)] - 数据: {"anonymous":null,"font":7491720,"group_id":522394334,"message":"[CQ:image,file=84C3300EA2852DC275973399DAA77CD6.png,url=https://gchat.qpic.cn/gchatpic_new/207938707/522394334-2369319180-84C3300EA2852DC275973399DAA77CD6/0?term=2]","message_id":2951,"message_type":"group","post_type":"message","raw_message":"[CQ:image,file=84C3300EA2852DC275973399DAA77CD6.png]","self_id":1061917110,"sender":{"age":6,"area":"北京","card":"","level":"小白","nickname":"小拆","role":"member","sex":"male","title":"","user_id":207938707},"sub_type":"normal","time":1580901102,"user_id":207938707}
[20-02-05 19:11:43] [PicqBotX] [DEBUG(java.lang.Thread.run:748)] 收到新请求: CQHttp/4.10.1
[20-02-05 19:11:43] [PicqBotX] [DEBUG(java.lang.Thread.run:748)] - 数据: {"anonymous":null,"font":84738384,"group_id":522394334,"message":"#联赛成绩","message_id":2952,"message_type":"group","post_type":"message","raw_message":"#联赛成绩","self_id":1061917110,"sender":{"age":8,"area":"广州","card":"谭宇-神键手","level":"小白","nickname":"0 4 . 2 2","role":"admin","sex":"unknown","title":"神键手","user_id":1061917196},"sub_type":"normal","time":1580901102,"user_id":1061917196}
[20-02-05 19:11:46] [PicqBotX] [DEBUG(java.lang.Thread.run:748)] 收到新请求: CQHttp/4.10.1
[20-02-05 19:11:46] [PicqBotX] [DEBUG(java.lang.Thread.run:748)] - 数据: {"anonymous":null,"font":76976496,"group_id":28534214,"message":"拆字","message_id":2953,"message_type":"group","post_type":"message","raw_message":"拆字","self_id":1061917110,"sender":{"age":24,"area":"泉州","card":"「福建」衰仔","level":"梦幻键神","nickname":"样衰","role":"admin","sex":"unknown","title":"","user_id":1490987944},"sub_type":"normal","time":1580901105,"user_id":1490987944}
[20-02-05 19:11:53] [PicqBotX] [DEBUG(java.lang.Thread.run:748)] 收到新请求: CQHttp/4.10.1
[20-02-05 19:11:53] [PicqBotX] [DEBUG(java.lang.Thread.run:748)] - 数据: {"anonymous":null,"font":76976400,"group_id":522394334,"message":"果然我是傻逼","message_id":2955,"message_type":"group","post_type":"message","raw_message":"果然我是傻逼","self_id":1061917110,"sender":{"age":8,"area":"广州","card":"谭宇-神键手","level":"小白","nickname":"0 4 . 2 2","role":"admin","sex":"unknown","title":"神键手","user_id":1061917196},"sub_type":"normal","time":1580901113,"user_id":1061917196}
[20-02-05 19:11:54] [PicqBotX] [DEBUG(java.lang.Thread.run:748)] 收到新请求: CQHttp/4.10.1
[20-02-05 19:11:54] [PicqBotX] [DEBUG(java.lang.Thread.run:748)] - 数据: {"anonymous":null,"font":7491720,"group_id":522394334,"message":"好了","message_id":2956,"message_type":"group","post_type":"message","raw_message":"好了","self_id":1061917110,"sender":{"age":8,"area":"广州","card":"谭宇-神键手","level":"小白","nickname":"0 4 . 2 2","role":"admin","sex":"unknown","title":"神键手","user_id":1061917196},"sub_type":"normal","time":1580901114,"user_id":1061917196}
