[20-02-05 19:09:59] [PicqBotX] [INFO] 
[20-02-05 19:09:59] [PicqBotX] [INFO]     ____  _            ____        __ _  __
[20-02-05 19:09:59] [PicqBotX] [INFO]    / __ \(_)________ _/ __ )____  / /| |/ /
[20-02-05 19:09:59] [PicqBotX] [INFO]   / /_/ / / ___/ __ `/ __  / __ \/ __/   /
[20-02-05 19:09:59] [PicqBotX] [INFO]  / ____/ / /__/ /_/ / /_/ / /_/ / /_/   |
[20-02-05 19:09:59] [PicqBotX] [INFO] /_/   /_/\___/\__, /_____/\____/\__/_/|_|
[20-02-05 19:09:59] [PicqBotX] [INFO]                 /_/         v4.10.1.928
[20-02-05 19:09:59] [PicqBotX] [INFO] 日志管理器     初始化完成 [******] ...(50.77 ms)
[20-02-05 19:09:59] [PicqBotX] [INFO] 缓存管理器     初始化完成 [******] ...(2.55 ms)
[20-02-05 19:09:59] [PicqBotX] [INFO] DEBUG设置     初始化完成 [******] ...(0.01 ms)
[20-02-05 19:09:59] [PicqBotX] [INFO] 事件管理器     初始化完成 [******] ...(46.21 ms)
[20-02-05 19:09:59] [PicqBotX] [INFO] 账号管理器     初始化完成 [******] ...(1.11 ms)
[20-02-05 19:09:59] [PicqBotX] [INFO] HTTP监听服务器 初始化完成 [******] ...(2.24 ms)
[20-02-05 19:10:01] [PicqBotX] [INFO] 指令管理器     初始化完成 [******] ...(4.89 ms)
[20-02-05 19:10:01] [PicqBotX] [INFO] 账号 Bot01:   版本验证完成!
[20-02-05 19:10:01] [PicqBotX] [INFO] 正在启动...
[20-02-05 19:10:02] [PicqBotX] [DEBUG(java.lang.Thread.run:748)] 收到新请求: CQHttp/4.10.1
[20-02-05 19:10:02] [PicqBotX] [DEBUG(java.lang.Thread.run:748)] - 数据: {"anonymous":null,"font":8296688,"group_id":26053477,"message":"第4段 速度151.43 击键6.33 回改4(1.87s) 退格2 回车3 键准91.18% 码长2.51 选重15 错字0 字数124 键数306 用时0:48.338 重打3 峰值178.13/7.14/2.24 打词0 回改率5.06% 停留&#91;呵呵&#93;3.39s 效率113% &#91;左99:91&#93; 起打于19:09:11 赛文验证:07778 校验:34893 t46.15","message_id":2928,"message_type":"group","post_type":"message","raw_message":"第4段 速度151.43 击键6.33 回改4(1.87s) 退格2 回车3 键准91.18% 码长2.51 选重15 错字0 字数124 键数306 用时0:48.338 重打3 峰值178.13/7.14/2.24 打词0 回改率5.06% 停留&#91;呵呵&#93;3.39s 效率113% &#91;左99:91&#93; 起打于19:09:11 赛文验证:07778 校验:34893 t46.15","self_id":1061917110,"sender":{"age":42,"area":"无锡","card":"【江苏】♂小田","level":"飞手","nickname":"小田tjy0916","role":"admin","sex":"unknown","title":"","user_id":909011529},"sub_type":"normal","time":1580901000,"user_id":909011529}
[20-02-05 19:10:06] [PicqBotX] [DEBUG(java.lang.Thread.run:748)] 收到新请求: CQHttp/4.10.1
[20-02-05 19:10:06] [PicqBotX] [DEBUG(java.lang.Thread.run:748)] - 数据: {"anonymous":null,"font":76976784,"group_id":28534214,"message":"第46段 速度209.05 击键11.18 码长3.21 回改0 键准100% 退格0 字数25 键数77 回车0 &#91;右27:26&#93; 峰值209.05/11.18/3.19 效率100% 停留&#91;什&#93;0.44s 回改率4.13% 打词0 用时0:06.888 错字0 校验:67883 t46.15","message_id":2929,"message_type":"group","post_type":"message","raw_message":"第46段 速度209.05 击键11.18 码长3.21 回改0 键准100% 退格0 字数25 键数77 回车0 &#91;右27:26&#93; 峰值209.05/11.18/3.19 效率100% 停留&#91;什&#93;0.44s 回改率4.13% 打词0 用时0:06.888 错字0 校验:67883 t46.15","self_id":1061917110,"sender":{"age":0,"area":"","card":"『浙江』罗嫣","level":"梦幻键圣","nickname":"绿野喵狐","role":"owner","sex":"male","title":"群主","user_id":83208538},"sub_type":"normal","time":1580901000,"user_id":83208538}
[20-02-05 19:10:07] [PicqBotX] [DEBUG(java.lang.Thread.run:748)] 收到新请求: CQHttp/4.10.1
[20-02-05 19:10:07] [PicqBotX] [DEBUG(java.lang.Thread.run:748)] - 数据: {"anonymous":null,"font":8296048,"group_id":26053477,"message":"来自剪切板:\r\n冯月盈摇了摇头，也没对刚才的事情，太过在意。“没事，其实也没怎么样，就跟个小孩子一样，顺着她说话就行了”，聂无月笑道。突然，海滩上一阵阴寒的威压笼罩。“奶奶，你这话什么意思？难道你刚才说，我长得好看，都是假的？”黛尔菲似笑非笑问道。“我……\r\n-----第5段-余1473字--t46","message_id":2927,"message_type":"group","post_type":"message","raw_message":"来自剪切板:\r\n冯月盈摇了摇头，也没对刚才的事情，太过在意。“没事，其实也没怎么样，就跟个小孩子一样，顺着她说话就行了”，聂无月笑道。突然，海滩上一阵阴寒的威压笼罩。“奶奶，你这话什么意思？难道你刚才说，我长得好看，都是假的？”黛尔菲似笑非笑问道。“我……\r\n-----第5段-余1473字--t46","self_id":1061917110,"sender":{"age":42,"area":"无锡","card":"【江苏】♂小田","level":"飞手","nickname":"小田tjy0916","role":"admin","sex":"unknown","title":"","user_id":909011529},"sub_type":"normal","time":1580901000,"user_id":909011529}
[20-02-05 19:10:07] [PicqBotX] [DEBUG(java.lang.Thread.run:748)] 收到新请求: CQHttp/4.10.1
[20-02-05 19:10:07] [PicqBotX] [DEBUG(java.lang.Thread.run:748)] - 数据: {"anonymous":null,"font":76976784,"group_id":522394334,"message":"音形可以啊","message_id":2930,"message_type":"group","post_type":"message","raw_message":"音形可以啊","self_id":1061917110,"sender":{"age":25,"area":"","card":"","level":"了解群图文件","nickname":"许一世安暖","role":"member","sex":"unknown","title":"","user_id":3497579981},"sub_type":"normal","time":1580901007,"user_id":3497579981}
[20-02-05 19:10:20] [PicqBotX] [DEBUG(java.lang.Thread.run:748)] 收到新请求: CQHttp/4.10.1
[20-02-05 19:10:20] [PicqBotX] [DEBUG(java.lang.Thread.run:748)] - 数据: {"anonymous":null,"font":8060488,"group_id":28534214,"message":"我只喜欢逗号，句号的文章","message_id":2931,"message_type":"group","post_type":"message","raw_message":"我只喜欢逗号，句号的文章","self_id":1061917110,"sender":{"age":0,"area":"","card":"『浙江』罗嫣","level":"梦幻键圣","nickname":"绿野喵狐","role":"owner","sex":"male","title":"群主","user_id":83208538},"sub_type":"normal","time":1580901020,"user_id":83208538}
