[20-02-05 15:42:30] [PicqBotX] [INFO] 
[20-02-05 15:42:30] [PicqBotX] [INFO]     ____  _            ____        __ _  __
[20-02-05 15:42:30] [PicqBotX] [INFO]    / __ \(_)________ _/ __ )____  / /| |/ /
[20-02-05 15:42:30] [PicqBotX] [INFO]   / /_/ / / ___/ __ `/ __  / __ \/ __/   /
[20-02-05 15:42:30] [PicqBotX] [INFO]  / ____/ / /__/ /_/ / /_/ / /_/ / /_/   |
[20-02-05 15:42:30] [PicqBotX] [INFO] /_/   /_/\___/\__, /_____/\____/\__/_/|_|
[20-02-05 15:42:30] [PicqBotX] [INFO]                 /_/         v4.10.1.928
[20-02-05 15:42:30] [PicqBotX] [INFO] 日志管理器     初始化完成 [******] ...(60.63 ms)
[20-02-05 15:42:30] [PicqBotX] [INFO] 缓存管理器     初始化完成 [******] ...(3.19 ms)
[20-02-05 15:42:30] [PicqBotX] [INFO] DEBUG设置     初始化完成 [******] ...(0.03 ms)
[20-02-05 15:42:30] [PicqBotX] [INFO] 事件管理器     初始化完成 [******] ...(57.45 ms)
[20-02-05 15:42:30] [PicqBotX] [INFO] 账号管理器     初始化完成 [******] ...(1.59 ms)
[20-02-05 15:42:30] [PicqBotX] [INFO] HTTP监听服务器 初始化完成 [******] ...(3.59 ms)
[20-02-05 15:42:32] [PicqBotX] [INFO] 指令管理器     初始化完成 [******] ...(17.98 ms)
[20-02-05 15:42:32] [PicqBotX] [INFO] 账号 Bot01:   版本验证完成!
[20-02-05 15:42:32] [PicqBotX] [INFO] 正在启动...
[20-02-05 15:42:34] [PicqBotX] [DEBUG(java.lang.Thread.run:748)] 收到新请求: CQHttp/4.10.1
[20-02-05 15:42:34] [PicqBotX] [DEBUG(java.lang.Thread.run:748)] - 数据: {"anonymous":null,"font":44061504,"group_id":522394334,"message":"说起来为什么这个码长不是等于 键数除以 字数","message_id":1895,"message_type":"group","post_type":"message","raw_message":"说起来为什么这个码长不是等于 键数除以 字数","self_id":1061917110,"sender":{"age":12,"area":"莱芜","card":"突突突-微软五笔","level":"了解群图书馆","nickname":"TyraNde","role":"member","sex":"unknown","title":"","user_id":1586848155},"sub_type":"normal","time":1580888554,"user_id":1586848155}
[20-02-05 15:42:43] [PicqBotX] [DEBUG(java.lang.Thread.run:748)] 收到新请求: CQHttp/4.10.1
[20-02-05 15:42:43] [PicqBotX] [DEBUG(java.lang.Thread.run:748)] - 数据: {"anonymous":null,"font":44061792,"group_id":41639633,"message":"#赛文","message_id":1896,"message_type":"group","post_type":"message","raw_message":"#赛文","self_id":1061917110,"sender":{"age":0,"area":"","card":"【八六】浩猪会打字","level":"键师","nickname":"小啊浩","role":"member","sex":"unknown","title":"会打字的猪","user_id":1648749633},"sub_type":"normal","time":1580888563,"user_id":1648749633}
[20-02-05 15:42:44] [PicqBotX] [DEBUG(java.lang.Thread.run:748)] 收到新请求: CQHttp/4.10.1
[20-02-05 15:42:44] [PicqBotX] [DEBUG(java.lang.Thread.run:748)] - 数据: {"anonymous":null,"font":44061824,"group_id":41639633,"message":"管理者3第1597期-勇敢制作\r\n第三，要成为执行的榜样。管理者要在企业中营造出执行力的文化氛围，自身就要模范执行、严格执行，这对执行力文化的形成具有至关重要的作用。管理者以高度的责任感与紧迫感做好各项工作，就会使企业执行力的提升具有巨大的示范效应与杠杆作用。当管理者以自身的执行力与责任感作为高度，对下属员工全面落实与提升执行力进行要求时，就能使执行力不力的弊病迎刃而解。随着员工执行力的提升，也会使各项工作的开展焕然一新。制度和文化的推进实施，要求管理者首先积极地行动起来，从自身做起，率先垂范。管理者模范带头的作风对员工的促进作用非常重要。在管理的过程中，要求员工做到的自己首先要做到，要求员工不做的自己坚决也不做。管理者要自觉接受下属与员工的监督，用榜样的力量，给企业带来越来越多的成功。\r\n-----第999段-1200S-331Z-3L-b4b0379cV--c.sw.1.1","message_id":1897,"message_type":"group","post_type":"message","raw_message":"管理者3第1597期-勇敢制作\r\n第三，要成为执行的榜样。管理者要在企业中营造出执行力的文化氛围，自身就要模范执行、严格执行，这对执行力文化的形成具有至关重要的作用。管理者以高度的责任感与紧迫感做好各项工作，就会使企业执行力的提升具有巨大的示范效应与杠杆作用。当管理者以自身的执行力与责任感作为高度，对下属员工全面落实与提升执行力进行要求时，就能使执行力不力的弊病迎刃而解。随着员工执行力的提升，也会使各项工作的开展焕然一新。制度和文化的推进实施，要求管理者首先积极地行动起来，从自身做起，率先垂范。管理者模范带头的作风对员工的促进作用非常重要。在管理的过程中，要求员工做到的自己首先要做到，要求员工不做的自己坚决也不做。管理者要自觉接受下属与员工的监督，用榜样的力量，给企业带来越来越多的成功。\r\n-----第999段-1200S-331Z-3L-b4b0379cV--c.sw.1.1","self_id":1061917110,"sender":{"age":6,"area":"北京","card":"【机器】小拆","level":"键仙","nickname":"小拆","role":"admin","sex":"male","title":"服务员","user_id":207938707},"sub_type":"normal","time":1580888564,"user_id":207938707}
[20-02-05 15:42:46] [PicqBotX] [DEBUG(java.lang.Thread.run:748)] 收到新请求: CQHttp/4.10.1
[20-02-05 15:42:46] [PicqBotX] [DEBUG(java.lang.Thread.run:748)] - 数据: {"anonymous":null,"font":44061888,"group_id":41639633,"message":"这个才是","message_id":1898,"message_type":"group","post_type":"message","raw_message":"这个才是","self_id":1061917110,"sender":{"age":0,"area":"","card":"【八六】浩猪会打字","level":"键师","nickname":"小啊浩","role":"member","sex":"unknown","title":"会打字的猪","user_id":1648749633},"sub_type":"normal","time":1580888566,"user_id":1648749633}
[20-02-05 15:42:48] [PicqBotX] [DEBUG(java.lang.Thread.run:748)] 收到新请求: CQHttp/4.10.1
[20-02-05 15:42:48] [PicqBotX] [DEBUG(java.lang.Thread.run:748)] - 数据: {"anonymous":null,"font":44061856,"group_id":522394334,"message":"#联赛成绩","message_id":1899,"message_type":"group","post_type":"message","raw_message":"#联赛成绩","self_id":1061917110,"sender":{"age":8,"area":"广州","card":"谭宇-神键手","level":"小白","nickname":"0 4 . 2 2","role":"admin","sex":"unknown","title":"神键手","user_id":1061917196},"sub_type":"normal","time":1580888568,"user_id":1061917196}
[20-02-05 15:42:54] [PicqBotX] [DEBUG(java.lang.Thread.run:748)] 收到新请求: CQHttp/4.10.1
[20-02-05 15:42:54] [PicqBotX] [DEBUG(java.lang.Thread.run:748)] - 数据: {"anonymous":null,"font":44061664,"group_id":41639633,"message":"[CQ:image,file=F839B8DA01BCE09F349B51201B433AEA.png,url=https://gchat.qpic.cn/gchatpic_new/1648749633/2121639633-2683643682-F839B8DA01BCE09F349B51201B433AEA/0?term=2]","message_id":1901,"message_type":"group","post_type":"message","raw_message":"[CQ:image,file=F839B8DA01BCE09F349B51201B433AEA.png]","self_id":1061917110,"sender":{"age":0,"area":"","card":"【八六】浩猪会打字","level":"键师","nickname":"小啊浩","role":"member","sex":"unknown","title":"会打字的猪","user_id":1648749633},"sub_type":"normal","time":1580888574,"user_id":1648749633}
[20-02-05 15:42:56] [PicqBotX] [DEBUG(java.lang.Thread.run:748)] 收到新请求: CQHttp/4.10.1
[20-02-05 15:42:56] [PicqBotX] [DEBUG(java.lang.Thread.run:748)] - 数据: {"anonymous":null,"font":44061888,"group_id":41639633,"message":"字数对的，","message_id":1902,"message_type":"group","post_type":"message","raw_message":"字数对的，","self_id":1061917110,"sender":{"age":0,"area":"","card":"【八六】喜凉","level":"键侠","nickname":"喜凉","role":"member","sex":"unknown","title":"","user_id":8087506},"sub_type":"normal","time":1580888576,"user_id":8087506}
[20-02-05 15:42:56] [PicqBotX] [DEBUG(java.lang.Thread.run:748)] 收到新请求: CQHttp/4.10.1
[20-02-05 15:42:56] [PicqBotX] [DEBUG(java.lang.Thread.run:748)] - 数据: {"anonymous":null,"font":44061824,"group_id":522394334,"message":"这些小众的五笔没有单字模式","message_id":1903,"message_type":"group","post_type":"message","raw_message":"这些小众的五笔没有单字模式","self_id":1061917110,"sender":{"age":18,"area":"衡阳","card":"皮皮豪-小鹤音形","level":"了解群图书馆","nickname":"皮皮豪","role":"member","sex":"male","title":"","user_id":87095894},"sub_type":"normal","time":1580888576,"user_id":87095894}
[20-02-05 15:42:59] [PicqBotX] [DEBUG(java.lang.Thread.run:748)] 收到新请求: CQHttp/4.10.1
[20-02-05 15:42:59] [PicqBotX] [DEBUG(java.lang.Thread.run:748)] - 数据: {"anonymous":null,"font":44061472,"group_id":41639633,"message":"你那第90段是什么来的","message_id":1904,"message_type":"group","post_type":"message","raw_message":"你那第90段是什么来的","self_id":1061917110,"sender":{"age":0,"area":"","card":"【八六】浩猪会打字","level":"键师","nickname":"小啊浩","role":"member","sex":"unknown","title":"会打字的猪","user_id":1648749633},"sub_type":"normal","time":1580888579,"user_id":1648749633}
[20-02-05 15:43:02] [PicqBotX] [DEBUG(java.lang.Thread.run:748)] 收到新请求: CQHttp/4.10.1
[20-02-05 15:43:02] [PicqBotX] [DEBUG(java.lang.Thread.run:748)] - 数据: {"anonymous":null,"font":44061664,"group_id":522394334,"message":"我也是服了","message_id":1905,"message_type":"group","post_type":"message","raw_message":"我也是服了","self_id":1061917110,"sender":{"age":18,"area":"衡阳","card":"皮皮豪-小鹤音形","level":"了解群图书馆","nickname":"皮皮豪","role":"member","sex":"male","title":"","user_id":87095894},"sub_type":"normal","time":1580888582,"user_id":87095894}
[20-02-05 15:43:05] [PicqBotX] [DEBUG(java.lang.Thread.run:748)] 收到新请求: CQHttp/4.10.1
[20-02-05 15:43:05] [PicqBotX] [DEBUG(java.lang.Thread.run:748)] - 数据: {"anonymous":null,"font":44061472,"group_id":522394334,"message":"第999段 速度158.92 击键5.77 码长2.18 标顶理论2.06 字数441 回改12 退格27 错字0 键数960 选重20 键准91.80% 键法103.05%(左405:右393:空格133) 打词率65.78% 选重率4.54% 拖拉机跟打器 拖拉机v2.00 Windows 7版 校验码VSXJYP","message_id":1906,"message_type":"group","post_type":"message","raw_message":"第999段 速度158.92 击键5.77 码长2.18 标顶理论2.06 字数441 回改12 退格27 错字0 键数960 选重20 键准91.80% 键法103.05%(左405:右393:空格133) 打词率65.78% 选重率4.54% 拖拉机跟打器 拖拉机v2.00 Windows 7版 校验码VSXJYP","self_id":1061917110,"sender":{"age":23,"area":"湛江","card":"魔方-鹤形630v1.8","level":"入门","nickname":"谁动了我的魔方","role":"admin","sex":"unknown","title":"新人守门员","user_id":1015609771},"sub_type":"normal","time":1580888585,"user_id":1015609771}
[20-02-05 15:43:08] [PicqBotX] [DEBUG(java.lang.Thread.run:748)] 收到新请求: CQHttp/4.10.1
[20-02-05 15:43:08] [PicqBotX] [DEBUG(java.lang.Thread.run:748)] - 数据: {"anonymous":null,"font":44061504,"group_id":522394334,"message":"我也是服了","message_id":1907,"message_type":"group","post_type":"message","raw_message":"我也是服了","self_id":1061917110,"sender":{"age":0,"area":"","card":"阿鲁卡-小鹤双拼","level":"了解群图书馆","nickname":"‭RedBlueGreenYellow","role":"member","sex":"unknown","title":"","user_id":984492408},"sub_type":"normal","time":1580888588,"user_id":984492408}
[20-02-05 15:43:13] [PicqBotX] [DEBUG(java.lang.Thread.run:748)] 收到新请求: CQHttp/4.10.1
[20-02-05 15:43:13] [PicqBotX] [DEBUG(java.lang.Thread.run:748)] - 数据: {"anonymous":null,"font":44061792,"group_id":522394334,"message":"#成绩","message_id":1908,"message_type":"group","post_type":"message","raw_message":"#成绩","self_id":1061917110,"sender":{"age":23,"area":"湛江","card":"魔方-鹤形630v1.8","level":"入门","nickname":"谁动了我的魔方","role":"admin","sex":"unknown","title":"新人守门员","user_id":1015609771},"sub_type":"normal","time":1580888593,"user_id":1015609771}
[20-02-05 15:43:14] [PicqBotX] [DEBUG(java.lang.Thread.run:748)] 收到新请求: CQHttp/4.10.1
[20-02-05 15:43:14] [PicqBotX] [DEBUG(java.lang.Thread.run:748)] - 数据: {"anonymous":null,"font":6242072,"group_id":522394334,"message":"#联赛","message_id":1909,"message_type":"group","post_type":"message","raw_message":"#联赛","self_id":1061917110,"sender":{"age":8,"area":"广州","card":"谭宇-神键手","level":"小白","nickname":"0 4 . 2 2","role":"admin","sex":"unknown","title":"神键手","user_id":1061917196},"sub_type":"normal","time":1580888593,"user_id":1061917196}
[20-02-05 15:43:16] [PicqBotX] [DEBUG(java.lang.Thread.run:748)] 收到新请求: CQHttp/4.10.1
[20-02-05 15:43:16] [PicqBotX] [DEBUG(java.lang.Thread.run:748)] - 数据: {"anonymous":null,"font":6241560,"group_id":522394334,"message":"[CQ:image,file=D6CE10BC100E320E75A801A9220B4499.png,url=https://gchat.qpic.cn/gchatpic_new/207938707/522394334-2376094694-D6CE10BC100E320E75A801A9220B4499/0?term=2]","message_id":1912,"message_type":"group","post_type":"message","raw_message":"[CQ:image,file=D6CE10BC100E320E75A801A9220B4499.png]","self_id":1061917110,"sender":{"age":6,"area":"北京","card":"","level":"小白","nickname":"小拆","role":"member","sex":"male","title":"","user_id":207938707},"sub_type":"normal","time":1580888596,"user_id":207938707}
[20-02-05 15:43:17] [PicqBotX] [DEBUG(java.lang.Thread.run:748)] 收到新请求: CQHttp/4.10.1
[20-02-05 15:43:17] [PicqBotX] [DEBUG(java.lang.Thread.run:748)] - 数据: {"anonymous":null,"font":44061856,"group_id":41639633,"message":"[CQ:image,file=571132F0E77C03FA4A0AA3E68A9F99DC.jpg,url=https://gchat.qpic.cn/gchatpic_new/634933225/2121639633-3204529114-571132F0E77C03FA4A0AA3E68A9F99DC/0?term=2]","message_id":1913,"message_type":"group","post_type":"message","raw_message":"[CQ:image,file=571132F0E77C03FA4A0AA3E68A9F99DC.jpg]","self_id":1061917110,"sender":{"age":25,"area":"毕节","card":"【八六】徐拉家爹","level":"键侠","nickname":"遗久遗零","role":"member","sex":"unknown","title":"","user_id":634933225},"sub_type":"normal","time":1580888597,"user_id":634933225}
[20-02-05 15:43:18] [PicqBotX] [DEBUG(java.lang.Thread.run:748)] 收到新请求: CQHttp/4.10.1
[20-02-05 15:43:18] [PicqBotX] [DEBUG(java.lang.Thread.run:748)] - 数据: {"anonymous":null,"font":44061504,"group_id":41639633,"message":"文应该没错，把90改成999重发一遍就行了","message_id":1914,"message_type":"group","post_type":"message","raw_message":"文应该没错，把90改成999重发一遍就行了","self_id":1061917110,"sender":{"age":0,"area":"","card":"【八六】喜凉","level":"键侠","nickname":"喜凉","role":"member","sex":"unknown","title":"","user_id":8087506},"sub_type":"normal","time":1580888598,"user_id":8087506}
[20-02-05 15:43:27] [PicqBotX] [DEBUG(java.lang.Thread.run:748)] 收到新请求: CQHttp/4.10.1
[20-02-05 15:43:27] [PicqBotX] [DEBUG(java.lang.Thread.run:748)] - 数据: {"anonymous":null,"font":44061792,"group_id":522394334,"message":"淦掉两个","message_id":1915,"message_type":"group","post_type":"message","raw_message":"淦掉两个","self_id":1061917110,"sender":{"age":23,"area":"湛江","card":"魔方-鹤形630v1.8","level":"入门","nickname":"谁动了我的魔方","role":"admin","sex":"unknown","title":"新人守门员","user_id":1015609771},"sub_type":"normal","time":1580888607,"user_id":1015609771}
[20-02-05 15:43:28] [PicqBotX] [DEBUG(java.lang.Thread.run:748)] 收到新请求: CQHttp/4.10.1
[20-02-05 15:43:28] [PicqBotX] [DEBUG(java.lang.Thread.run:748)] - 数据: {"anonymous":null,"font":44061664,"group_id":522394334,"message":"第2段 速度54.23 击键2.24 码长2.48 标顶理论2.18 字数100 回改3 退格9 错字0 键数248 选重0 键准90.10% 键法116.30%(左107:右92:空格39) 打词率52.43% 选重率0.00% 长流跟打器v2.00 Windows 10版 校验码R&#93;@&#93;T","message_id":1916,"message_type":"group","post_type":"message","raw_message":"第2段 速度54.23 击键2.24 码长2.48 标顶理论2.18 字数100 回改3 退格9 错字0 键数248 选重0 键准90.10% 键法116.30%(左107:右92:空格39) 打词率52.43% 选重率0.00% 长流跟打器v2.00 Windows 10版 校验码R&#93;@&#93;T","self_id":1061917110,"sender":{"age":21,"area":"北马里亚纳群岛","card":"","level":"了解群图书馆","nickname":"ASDF  JKL;","role":"member","sex":"unknown","title":"","user_id":2671763997},"sub_type":"normal","time":1580888608,"user_id":2671763997}
[20-02-05 15:43:29] [PicqBotX] [DEBUG(java.lang.Thread.run:748)] 收到新请求: CQHttp/4.10.1
[20-02-05 15:43:29] [PicqBotX] [DEBUG(java.lang.Thread.run:748)] - 数据: {"anonymous":null,"font":44061824,"group_id":522394334,"message":"冰灯.txt\r\n了人们生活中不可缺少的帮手。后来，每逢新春佳节和上元之夜，人们又把它加以装饰，而成为供人观赏的独特的艺术表现形式。清代《黑龙江外纪》里对此有过详细的记载：“上元，城中张灯五夜，村落妇女来观剧者，车声彻\r\n-----第3段","message_id":1917,"message_type":"group","post_type":"message","raw_message":"冰灯.txt\r\n了人们生活中不可缺少的帮手。后来，每逢新春佳节和上元之夜，人们又把它加以装饰，而成为供人观赏的独特的艺术表现形式。清代《黑龙江外纪》里对此有过详细的记载：“上元，城中张灯五夜，村落妇女来观剧者，车声彻\r\n-----第3段","self_id":1061917110,"sender":{"age":21,"area":"北马里亚纳群岛","card":"","level":"了解群图书馆","nickname":"ASDF  JKL;","role":"member","sex":"unknown","title":"","user_id":2671763997},"sub_type":"normal","time":1580888609,"user_id":2671763997}
[20-02-05 15:43:34] [PicqBotX] [DEBUG(java.lang.Thread.run:748)] 收到新请求: CQHttp/4.10.1
[20-02-05 15:43:34] [PicqBotX] [DEBUG(java.lang.Thread.run:748)] - 数据: {"anonymous":null,"font":44061856,"group_id":41639633,"message":"F4也不能自动载文","message_id":1918,"message_type":"group","post_type":"message","raw_message":"F4也不能自动载文","self_id":1061917110,"sender":{"age":25,"area":"毕节","card":"【八六】徐拉家爹","level":"键侠","nickname":"遗久遗零","role":"member","sex":"unknown","title":"","user_id":634933225},"sub_type":"normal","time":1580888614,"user_id":634933225}
[20-02-05 15:43:37] [PicqBotX] [DEBUG(java.lang.Thread.run:748)] 收到新请求: CQHttp/4.10.1
[20-02-05 15:43:37] [PicqBotX] [DEBUG(java.lang.Thread.run:748)] - 数据: {"anonymous":null,"font":44061568,"group_id":41639633,"message":"醉了","message_id":1919,"message_type":"group","post_type":"message","raw_message":"醉了","self_id":1061917110,"sender":{"age":25,"area":"毕节","card":"【八六】徐拉家爹","level":"键侠","nickname":"遗久遗零","role":"member","sex":"unknown","title":"","user_id":634933225},"sub_type":"normal","time":1580888617,"user_id":634933225}
[20-02-05 15:43:49] [PicqBotX] [DEBUG(java.lang.Thread.run:748)] 收到新请求: CQHttp/4.10.1
