[20-02-05 19:10:55] [PicqBotX] [INFO] 
[20-02-05 19:10:55] [PicqBotX] [INFO]     ____  _            ____        __ _  __
[20-02-05 19:10:55] [PicqBotX] [INFO]    / __ \(_)________ _/ __ )____  / /| |/ /
[20-02-05 19:10:55] [PicqBotX] [INFO]   / /_/ / / ___/ __ `/ __  / __ \/ __/   /
[20-02-05 19:10:55] [PicqBotX] [INFO]  / ____/ / /__/ /_/ / /_/ / /_/ / /_/   |
[20-02-05 19:10:55] [PicqBotX] [INFO] /_/   /_/\___/\__, /_____/\____/\__/_/|_|
[20-02-05 19:10:55] [PicqBotX] [INFO]                 /_/         v4.10.1.928
[20-02-05 19:10:55] [PicqBotX] [INFO] 日志管理器     初始化完成 [******] ...(45.88 ms)
[20-02-05 19:10:55] [PicqBotX] [INFO] 缓存管理器     初始化完成 [******] ...(3.11 ms)
[20-02-05 19:10:55] [PicqBotX] [INFO] DEBUG设置     初始化完成 [******] ...(0.02 ms)
[20-02-05 19:10:55] [PicqBotX] [INFO] 事件管理器     初始化完成 [******] ...(57.97 ms)
[20-02-05 19:10:55] [PicqBotX] [INFO] 账号管理器     初始化完成 [******] ...(1.5 ms)
[20-02-05 19:10:55] [PicqBotX] [INFO] HTTP监听服务器 初始化完成 [******] ...(3.21 ms)
[20-02-05 19:10:58] [PicqBotX] [INFO] 指令管理器     初始化完成 [******] ...(4.94 ms)
[20-02-05 19:10:58] [PicqBotX] [INFO] 账号 Bot01:   版本验证完成!
[20-02-05 19:10:58] [PicqBotX] [INFO] 正在启动...
[20-02-05 19:10:58] [PicqBotX] [DEBUG(java.lang.Thread.run:748)] 收到新请求: CQHttp/4.10.1
[20-02-05 19:10:58] [PicqBotX] [DEBUG(java.lang.Thread.run:748)] - 数据: {"anonymous":null,"font":8060136,"group_id":522394334,"message":"刚学的","message_id":2937,"message_type":"group","post_type":"message","raw_message":"刚学的","self_id":1061917110,"sender":{"age":0,"area":"","card":"","level":"在看群文件中","nickname":"薛定谔的猫","role":"member","sex":"unknown","title":"","user_id":2719551890},"sub_type":"normal","time":1580901058,"user_id":2719551890}
[20-02-05 19:11:04] [PicqBotX] [DEBUG(java.lang.Thread.run:748)] 收到新请求: CQHttp/4.10.1
[20-02-05 19:11:04] [PicqBotX] [DEBUG(java.lang.Thread.run:748)] - 数据: {"anonymous":null,"font":76976208,"group_id":522394334,"message":"大部分都是先入的双拼 熟悉之后才转的音形","message_id":2938,"message_type":"group","post_type":"message","raw_message":"大部分都是先入的双拼 熟悉之后才转的音形","self_id":1061917110,"sender":{"age":19,"area":"北京","card":"包子-小鹤音形","level":"中级","nickname":"包子","role":"member","sex":"unknown","title":"","user_id":1727432683},"sub_type":"normal","time":1580901063,"user_id":1727432683}
