[20-02-19 23:57:15] [PicqBotX] [INFO] 
[20-02-19 23:57:15] [PicqBotX] [INFO]     ____  _            ____        __ _  __
[20-02-19 23:57:15] [PicqBotX] [INFO]    / __ \(_)________ _/ __ )____  / /| |/ /
[20-02-19 23:57:15] [PicqBotX] [INFO]   / /_/ / / ___/ __ `/ __  / __ \/ __/   /
[20-02-19 23:57:15] [PicqBotX] [INFO]  / ____/ / /__/ /_/ / /_/ / /_/ / /_/   |
[20-02-19 23:57:15] [PicqBotX] [INFO] /_/   /_/\___/\__, /_____/\____/\__/_/|_|
[20-02-19 23:57:15] [PicqBotX] [INFO]                 /_/         v4.10.1.928
[20-02-19 23:57:15] [PicqBotX] [INFO] 日志管理器     初始化完成 [******] ...(62.4 ms)
[20-02-19 23:57:15] [PicqBotX] [INFO] 缓存管理器     初始化完成 [******] ...(3.15 ms)
[20-02-19 23:57:15] [PicqBotX] [INFO] DEBUG设置     初始化完成 [******] ...(0.02 ms)
[20-02-19 23:57:15] [PicqBotX] [INFO] 事件管理器     初始化完成 [******] ...(75.51 ms)
[20-02-19 23:57:15] [PicqBotX] [INFO] 账号管理器     初始化完成 [******] ...(1.47 ms)
[20-02-19 23:57:15] [PicqBotX] [INFO] HTTP监听服务器 初始化完成 [******] ...(3.1 ms)
[20-02-19 23:57:17] [PicqBotX] [INFO] 指令管理器     初始化完成 [******] ...(4.52 ms)
[20-02-19 23:57:17] [PicqBotX] [INFO] 账号 Bot01:   版本验证完成!
[20-02-19 23:57:17] [PicqBotX] [INFO] 正在启动...
[20-02-19 23:57:27] [PicqBotX] [DEBUG(java.lang.Thread.run:748)] 收到新请求: CQHttp/4.10.1
[20-02-19 23:57:27] [PicqBotX] [DEBUG(java.lang.Thread.run:748)] - 数据: {"anonymous":null,"font":9200360,"group_id":522394334,"message":"十八岁出门远行.txt\r\n抢苹果啦！”这时有一只拳头朝我鼻子上狠狠地揍来了，我被打出几米远。爬起来用手一摸，鼻子软塌塌地不是贴着而是挂在脸上了，鲜血像是伤心的眼泪一样流。可当我看清打铁那个身强力壮的大汉时，他们五人已经跨上自行\r\n-----第28段-余1756字","message_id":2976,"message_type":"group","post_type":"message","raw_message":"十八岁出门远行.txt\r\n抢苹果啦！”这时有一只拳头朝我鼻子上狠狠地揍来了，我被打出几米远。爬起来用手一摸，鼻子软塌塌地不是贴着而是挂在脸上了，鲜血像是伤心的眼泪一样流。可当我看清打铁那个身强力壮的大汉时，他们五人已经跨上自行\r\n-----第28段-余1756字","self_id":1061917110,"sender":{"age":8,"area":"广州","card":"谭宇-神键手","level":"小白","nickname":"0 4 . 2 2","role":"admin","sex":"unknown","title":"神键手","user_id":1061917196},"sub_type":"normal","time":1582127847,"user_id":1061917196}
[20-02-19 23:57:41] [PicqBotX] [DEBUG(java.lang.Thread.run:748)] 收到新请求: CQHttp/4.10.1
[20-02-19 23:57:41] [PicqBotX] [DEBUG(java.lang.Thread.run:748)] - 数据: {"anonymous":null,"font":9199016,"group_id":522394334,"message":"检测到有人发文，是否关闭机器人的发文功能？命令：#结束跟打","message_id":2977,"message_type":"group","post_type":"message","raw_message":"检测到有人发文，是否关闭机器人的发文功能？命令：#结束跟打","self_id":1061917110,"sender":{"age":6,"area":"北京","card":"","level":"小白","nickname":"小拆","role":"member","sex":"male","title":"","user_id":207938707},"sub_type":"normal","time":1582127847,"user_id":207938707}
[20-02-19 23:58:02] [PicqBotX] [DEBUG(java.lang.Thread.run:748)] 收到新请求: CQHttp/4.10.1
[20-02-19 23:58:02] [PicqBotX] [DEBUG(java.lang.Thread.run:748)] - 数据: {"anonymous":null,"font":9289680,"group_id":522394334,"message":"我按回车换不了色啊","message_id":2978,"message_type":"group","post_type":"message","raw_message":"我按回车换不了色啊","self_id":1061917110,"sender":{"age":21,"area":"英国","card":"爱拆才会赢","level":"中级","nickname":"斯巴拉西","role":"member","sex":"unknown","title":"","user_id":1119370371},"sub_type":"normal","time":1582127851,"user_id":1119370371}
[20-02-19 23:58:06] [PicqBotX] [DEBUG(java.lang.Thread.run:748)] 收到新请求: CQHttp/4.10.1
[20-02-19 23:58:06] [PicqBotX] [DEBUG(java.lang.Thread.run:748)] - 数据: {"anonymous":null,"font":9288944,"group_id":522394334,"message":"不知道，不看录屏","message_id":2979,"message_type":"group","post_type":"message","raw_message":"不知道，不看录屏","self_id":1061917110,"sender":{"age":12,"area":"莱芜","card":"突突突-QQ五笔","level":"中级","nickname":"TyraNde","role":"member","sex":"unknown","title":"","user_id":1586848155},"sub_type":"normal","time":1582127859,"user_id":1586848155}
[20-02-19 23:58:10] [PicqBotX] [DEBUG(java.lang.Thread.run:748)] 收到新请求: CQHttp/4.10.1
[20-02-19 23:58:10] [PicqBotX] [DEBUG(java.lang.Thread.run:748)] - 数据: {"anonymous":null,"font":9124080,"group_id":522394334,"message":"#发","message_id":2980,"message_type":"group","post_type":"message","raw_message":"#发","self_id":1061917110,"sender":{"age":8,"area":"广州","card":"谭宇-神键手","level":"小白","nickname":"0 4 . 2 2","role":"admin","sex":"unknown","title":"神键手","user_id":1061917196},"sub_type":"normal","time":1582127860,"user_id":1061917196}
[20-02-19 23:58:14] [PicqBotX] [DEBUG(java.lang.Thread.run:748)] 收到新请求: CQHttp/4.10.1
[20-02-19 23:58:14] [PicqBotX] [DEBUG(java.lang.Thread.run:748)] - 数据: {"anonymous":null,"font":9330040,"group_id":522394334,"message":"常用单字1-1500\r\n惠不聚母柳迫型位救行搞境偏充诗肯件提振杯途灰着敌蒙序赶劳鸟党\r\n-----第20557段-乱序--c.fw.1.5","message_id":2981,"message_type":"group","post_type":"message","raw_message":"常用单字1-1500\r\n惠不聚母柳迫型位救行搞境偏充诗肯件提振杯途灰着敌蒙序赶劳鸟党\r\n-----第20557段-乱序--c.fw.1.5","self_id":1061917110,"sender":{"age":6,"area":"北京","card":"","level":"小白","nickname":"小拆","role":"member","sex":"male","title":"","user_id":207938707},"sub_type":"normal","time":1582127861,"user_id":207938707}
[20-02-19 23:58:28] [PicqBotX] [DEBUG(java.lang.Thread.run:748)] 收到新请求: CQHttp/4.10.1
[20-02-19 23:58:28] [PicqBotX] [DEBUG(java.lang.Thread.run:748)] - 数据: {"anonymous":null,"font":9289616,"group_id":522394334,"message":"[CQ:at,qq=1586848155] 你手机小鹤按回车能换色吗","message_id":2982,"message_type":"group","post_type":"message","raw_message":"[CQ:at,qq=1586848155] 你手机小鹤按回车能换色吗","self_id":1061917110,"sender":{"age":21,"area":"英国","card":"爱拆才会赢","level":"中级","nickname":"斯巴拉西","role":"member","sex":"unknown","title":"","user_id":1119370371},"sub_type":"normal","time":1582127908,"user_id":1119370371}
[20-02-19 23:58:44] [PicqBotX] [DEBUG(java.lang.Thread.run:748)] 收到新请求: CQHttp/4.10.1
[20-02-19 23:58:44] [PicqBotX] [DEBUG(java.lang.Thread.run:748)] - 数据: {"anonymous":null,"font":9289264,"group_id":522394334,"message":"[CQ:image,file=1E52CB77D484D1B8CF21F2A601F98BB0.png,url=https://gchat.qpic.cn/gchatpic_new/1061917196/522394334-2570058364-1E52CB77D484D1B8CF21F2A601F98BB0/0?term=2]","message_id":2983,"message_type":"group","post_type":"message","raw_message":"[CQ:image,file=1E52CB77D484D1B8CF21F2A601F98BB0.png]","self_id":1061917110,"sender":{"age":8,"area":"广州","card":"谭宇-神键手","level":"小白","nickname":"0 4 . 2 2","role":"admin","sex":"unknown","title":"神键手","user_id":1061917196},"sub_type":"normal","time":1582127924,"user_id":1061917196}
[20-02-19 23:58:49] [PicqBotX] [DEBUG(java.lang.Thread.run:748)] 收到新请求: CQHttp/4.10.1
[20-02-19 23:58:49] [PicqBotX] [DEBUG(java.lang.Thread.run:748)] - 数据: {"anonymous":null,"font":9290096,"group_id":522394334,"message":"我觉得是个弱智","message_id":2984,"message_type":"group","post_type":"message","raw_message":"我觉得是个弱智","self_id":1061917110,"sender":{"age":8,"area":"广州","card":"谭宇-神键手","level":"小白","nickname":"0 4 . 2 2","role":"admin","sex":"unknown","title":"神键手","user_id":1061917196},"sub_type":"normal","time":1582127929,"user_id":1061917196}
[20-02-19 23:58:54] [PicqBotX] [DEBUG(java.lang.Thread.run:748)] 收到新请求: CQHttp/4.10.1
[20-02-19 23:58:54] [PicqBotX] [DEBUG(java.lang.Thread.run:748)] - 数据: {"anonymous":null,"font":9289552,"group_id":522394334,"message":"只收了小拆的发文","message_id":2985,"message_type":"group","post_type":"message","raw_message":"只收了小拆的发文","self_id":1061917110,"sender":{"age":8,"area":"广州","card":"谭宇-神键手","level":"小白","nickname":"0 4 . 2 2","role":"admin","sex":"unknown","title":"神键手","user_id":1061917196},"sub_type":"normal","time":1582127934,"user_id":1061917196}
[20-02-19 23:58:58] [PicqBotX] [DEBUG(java.lang.Thread.run:748)] 收到新请求: CQHttp/4.10.1
[20-02-19 23:58:58] [PicqBotX] [DEBUG(java.lang.Thread.run:748)] - 数据: {"anonymous":null,"font":9288528,"group_id":522394334,"message":"Ｏ(≧▽≦)Ｏ在~","message_id":2986,"message_type":"group","post_type":"message","raw_message":"Ｏ(≧▽≦)Ｏ在~","self_id":1061917110,"sender":{"age":6,"area":"北京","card":"","level":"小白","nickname":"小拆","role":"member","sex":"male","title":"","user_id":207938707},"sub_type":"normal","time":1582127934,"user_id":207938707}
